cpu_count  1 
get_nprocs  8 
starting client threadpool
Num_cpus: 8 
num hosts=24; num_threads=1
20240527-222002-3814 111422 * Client          (client.cc:84):     Site .liamcrdb.pequin-pg0.utah.cloudlab.us 

20240527-222002-3815 111422 * Client          (client.cc:88):     Connecting to gateway postgresql://root@us-east-1-0.liamcrdb.pequin-pg0.utah.cloudlab.us:7087/defaultdb?sslmode=disable
20240527-222002-3845 111422 * Client          (client.cc:112):    Connected successfully after 1 tries
20240527-222002-3845 111422 * Client          (client.cc:115):    Established TaoPQ connection to backend
20240527-222002-3845 111422 * Client          (client.cc:121):    Client successfully started
20240527-222002-3846 111422 * BenchmarkClient (bench_client.cc:56): Delay between requests: 2 ms
NEW ORDER
20240527-222002-3929 111422 * Begin           (client.cc:130):    Begin Transaction
catch abort
20240527-222002-4258 111422 * SendNext        (sync_transaction_bench_client. TXN was aborted. Need to retry. First backoff for milisecs: 5
NEW ORDER
20240527-222002-4310 111422 * Begin           (client.cc:130):    Begin Transaction
20240527-222002-4311 111422 PANIC Begin           (client.cc:133):    why is tr not nullptr???
20240527-222002-4319 111422 ! Backtrace       (message.cc:180):   /mnt/extra/indicus/bin/benchmark(+0x323e20) [0x55943e0a0e20]
20240527-222002-4320 111422 ! Backtrace       (message.cc:180):   /mnt/extra/indicus/bin/benchmark(+0x47f37f) [0x55943e1fc37f]
20240527-222002-4320 111422 ! Backtrace       (message.cc:180):   /mnt/extra/indicus/bin/benchmark(+0x47f4cd) [0x55943e1fc4cd]
20240527-222002-4321 111422 ! Backtrace       (message.cc:180):   /mnt/extra/indicus/bin/benchmark(+0x1158b9b) [0x55943eed5b9b]
20240527-222002-4321 111422 ! Backtrace       (message.cc:180):   /mnt/extra/indicus/bin/benchmark(+0x58b323) [0x55943e308323]
20240527-222002-4322 111422 ! Backtrace       (message.cc:180):   /mnt/extra/indicus/bin/benchmark(+0x11c0e0e) [0x55943ef3de0e]
20240527-222002-4322 111422 ! Backtrace       (message.cc:180):   /mnt/extra/indicus/bin/benchmark(+0x46c7a1) [0x55943e1e97a1]
20240527-222002-4323 111422 ! Backtrace       (message.cc:180):   /mnt/extra/indicus/bin/benchmark(+0x46de42) [0x55943e1eae42]
20240527-222002-4323 111422 ! Backtrace       (message.cc:180):   /mnt/extra/indicus/bin/benchmark(+0x46589f) [0x55943e1e289f]
20240527-222002-4324 111422 ! Backtrace       (message.cc:180):   /mnt/extra/indicus/bin/benchmark(+0x408276) [0x55943e185276]
20240527-222002-4324 111422 ! Backtrace       (message.cc:180):   /lib/x86_64-linux-gnu/libstdc++.so.6(+0xd6de4) [0x7f88e5e77de4]
20240527-222002-4325 111422 ! Backtrace       (message.cc:180):   /lib/x86_64-linux-gnu/libpthread.so.0(+0x8609) [0x7f88e7bab609]
20240527-222002-4325 111422 ! Backtrace       (message.cc:180):   /lib/x86_64-linux-gnu/libc.so.6(clone+0x43) [0x7f88e5b5c133]
