cpu_count  1 
get_nprocs  8 
starting client threadpool
Num_cpus: 8 
num hosts=24; num_threads=1
20240527-222002-3810 111416 * Client          (client.cc:84):     Site .liamcrdb.pequin-pg0.utah.cloudlab.us 

20240527-222002-3811 111416 * Client          (client.cc:88):     Connecting to gateway postgresql://root@us-east-1-0.liamcrdb.pequin-pg0.utah.cloudlab.us:7087/defaultdb?sslmode=disable
20240527-222002-3842 111416 * Client          (client.cc:112):    Connected successfully after 1 tries
20240527-222002-3843 111416 * Client          (client.cc:115):    Established TaoPQ connection to backend
20240527-222002-3843 111416 * Client          (client.cc:121):    Client successfully started
20240527-222002-3844 111416 * BenchmarkClient (bench_client.cc:56): Delay between requests: 2 ms
PAYMENT
20240527-222002-3926 111416 * Begin           (client.cc:130):    Begin Transaction
catch abort
20240527-222002-4270 111416 * SendNext        (sync_transaction_bench_client. TXN was aborted. Need to retry. First backoff for milisecs: 4
PAYMENT
20240527-222002-4312 111416 * Begin           (client.cc:130):    Begin Transaction
20240527-222002-4312 111416 PANIC Begin           (client.cc:133):    why is tr not nullptr???
20240527-222002-4315 111416 ! Backtrace       (message.cc:180):   /mnt/extra/indicus/bin/benchmark(+0x323e20) [0x557247be9e20]
20240527-222002-4316 111416 ! Backtrace       (message.cc:180):   /mnt/extra/indicus/bin/benchmark(+0x47f37f) [0x557247d4537f]
20240527-222002-4316 111416 ! Backtrace       (message.cc:180):   /mnt/extra/indicus/bin/benchmark(+0x47f4cd) [0x557247d454cd]
20240527-222002-4317 111416 ! Backtrace       (message.cc:180):   /mnt/extra/indicus/bin/benchmark(+0x1158b9b) [0x557248a1eb9b]
20240527-222002-4317 111416 ! Backtrace       (message.cc:180):   /mnt/extra/indicus/bin/benchmark(+0x58b323) [0x557247e51323]
20240527-222002-4318 111416 ! Backtrace       (message.cc:180):   /mnt/extra/indicus/bin/benchmark(+0x11cbaaf) [0x557248a91aaf]
20240527-222002-4318 111416 ! Backtrace       (message.cc:180):   /mnt/extra/indicus/bin/benchmark(+0x46c7a1) [0x557247d327a1]
20240527-222002-4319 111416 ! Backtrace       (message.cc:180):   /mnt/extra/indicus/bin/benchmark(+0x46de42) [0x557247d33e42]
20240527-222002-4319 111416 ! Backtrace       (message.cc:180):   /mnt/extra/indicus/bin/benchmark(+0x46589f) [0x557247d2b89f]
20240527-222002-4320 111416 ! Backtrace       (message.cc:180):   /mnt/extra/indicus/bin/benchmark(+0x408276) [0x557247cce276]
20240527-222002-4320 111416 ! Backtrace       (message.cc:180):   /lib/x86_64-linux-gnu/libstdc++.so.6(+0xd6de4) [0x7f786ce58de4]
20240527-222002-4321 111416 ! Backtrace       (message.cc:180):   /lib/x86_64-linux-gnu/libpthread.so.0(+0x8609) [0x7f786eb8c609]
20240527-222002-4321 111416 ! Backtrace       (message.cc:180):   /lib/x86_64-linux-gnu/libc.so.6(clone+0x43) [0x7f786cb3d133]
