cpu_count  1 
get_nprocs  8 
starting client threadpool
Num_cpus: 8 
num hosts=24; num_threads=1
20240527-222002-3789 111414 * Client          (client.cc:84):     Site .liamcrdb.pequin-pg0.utah.cloudlab.us 

20240527-222002-3790 111414 * Client          (client.cc:88):     Connecting to gateway postgresql://root@us-east-1-0.liamcrdb.pequin-pg0.utah.cloudlab.us:7087/defaultdb?sslmode=disable
20240527-222002-3820 111414 * Client          (client.cc:112):    Connected successfully after 1 tries
20240527-222002-3821 111414 * Client          (client.cc:115):    Established TaoPQ connection to backend
20240527-222002-3821 111414 * Client          (client.cc:121):    Client successfully started
20240527-222002-3821 111414 * BenchmarkClient (bench_client.cc:56): Delay between requests: 2 ms
NEW ORDER
20240527-222002-3905 111414 * Begin           (client.cc:130):    Begin Transaction
catch abort
20240527-222002-4259 111414 * SendNext        (sync_transaction_bench_client. TXN was aborted. Need to retry. First backoff for milisecs: 3
NEW ORDER
20240527-222002-4291 111414 * Begin           (client.cc:130):    Begin Transaction
20240527-222002-4291 111414 PANIC Begin           (client.cc:133):    why is tr not nullptr???
20240527-222002-4297 111414 ! Backtrace       (message.cc:180):   /mnt/extra/indicus/bin/benchmark(+0x323e20) [0x562f05675e20]
20240527-222002-4297 111414 ! Backtrace       (message.cc:180):   /mnt/extra/indicus/bin/benchmark(+0x47f37f) [0x562f057d137f]
20240527-222002-4298 111414 ! Backtrace       (message.cc:180):   /mnt/extra/indicus/bin/benchmark(+0x47f4cd) [0x562f057d14cd]
20240527-222002-4298 111414 ! Backtrace       (message.cc:180):   /mnt/extra/indicus/bin/benchmark(+0x1158b9b) [0x562f064aab9b]
20240527-222002-4299 111414 ! Backtrace       (message.cc:180):   /mnt/extra/indicus/bin/benchmark(+0x58b323) [0x562f058dd323]
20240527-222002-4299 111414 ! Backtrace       (message.cc:180):   /mnt/extra/indicus/bin/benchmark(+0x11c0e0e) [0x562f06512e0e]
20240527-222002-4299 111414 ! Backtrace       (message.cc:180):   /mnt/extra/indicus/bin/benchmark(+0x46c7a1) [0x562f057be7a1]
20240527-222002-4300 111414 ! Backtrace       (message.cc:180):   /mnt/extra/indicus/bin/benchmark(+0x46de42) [0x562f057bfe42]
20240527-222002-4300 111414 ! Backtrace       (message.cc:180):   /mnt/extra/indicus/bin/benchmark(+0x46589f) [0x562f057b789f]
20240527-222002-4301 111414 ! Backtrace       (message.cc:180):   /mnt/extra/indicus/bin/benchmark(+0x408276) [0x562f0575a276]
20240527-222002-4301 111414 ! Backtrace       (message.cc:180):   /lib/x86_64-linux-gnu/libstdc++.so.6(+0xd6de4) [0x7f9efc75ade4]
20240527-222002-4301 111414 ! Backtrace       (message.cc:180):   /lib/x86_64-linux-gnu/libpthread.so.0(+0x8609) [0x7f9efe48e609]
20240527-222002-4302 111414 ! Backtrace       (message.cc:180):   /lib/x86_64-linux-gnu/libc.so.6(clone+0x43) [0x7f9efc43f133]
