cpu_count  1 
get_nprocs  8 
starting client threadpool
Num_cpus: 8 
num hosts=24; num_threads=1
20240527-222002-3834 111420 * Client          (client.cc:84):     Site .liamcrdb.pequin-pg0.utah.cloudlab.us 

20240527-222002-3835 111420 * Client          (client.cc:88):     Connecting to gateway postgresql://root@us-east-1-0.liamcrdb.pequin-pg0.utah.cloudlab.us:7087/defaultdb?sslmode=disable
20240527-222002-3863 111420 * Client          (client.cc:112):    Connected successfully after 1 tries
20240527-222002-3864 111420 * Client          (client.cc:115):    Established TaoPQ connection to backend
20240527-222002-3864 111420 * Client          (client.cc:121):    Client successfully started
20240527-222002-3865 111420 * BenchmarkClient (bench_client.cc:56): Delay between requests: 2 ms
NEW ORDER
20240527-222002-3947 111420 * Begin           (client.cc:130):    Begin Transaction
catch abort
20240527-222002-4270 111420 * SendNext        (sync_transaction_bench_client. TXN was aborted. Need to retry. First backoff for milisecs: 5
NEW ORDER
20240527-222002-4321 111420 * Begin           (client.cc:130):    Begin Transaction
20240527-222002-4322 111420 PANIC Begin           (client.cc:133):    why is tr not nullptr???
20240527-222002-4327 111420 ! Backtrace       (message.cc:180):   /mnt/extra/indicus/bin/benchmark(+0x323e20) [0x55aff3e69e20]
20240527-222002-4328 111420 ! Backtrace       (message.cc:180):   /mnt/extra/indicus/bin/benchmark(+0x47f37f) [0x55aff3fc537f]
20240527-222002-4328 111420 ! Backtrace       (message.cc:180):   /mnt/extra/indicus/bin/benchmark(+0x47f4cd) [0x55aff3fc54cd]
20240527-222002-4328 111420 ! Backtrace       (message.cc:180):   /mnt/extra/indicus/bin/benchmark(+0x1158b9b) [0x55aff4c9eb9b]
20240527-222002-4329 111420 ! Backtrace       (message.cc:180):   /mnt/extra/indicus/bin/benchmark(+0x58b323) [0x55aff40d1323]
20240527-222002-4329 111420 ! Backtrace       (message.cc:180):   /mnt/extra/indicus/bin/benchmark(+0x11c0e0e) [0x55aff4d06e0e]
20240527-222002-4329 111420 ! Backtrace       (message.cc:180):   /mnt/extra/indicus/bin/benchmark(+0x46c7a1) [0x55aff3fb27a1]
20240527-222002-4330 111420 ! Backtrace       (message.cc:180):   /mnt/extra/indicus/bin/benchmark(+0x46de42) [0x55aff3fb3e42]
20240527-222002-4330 111420 ! Backtrace       (message.cc:180):   /mnt/extra/indicus/bin/benchmark(+0x46589f) [0x55aff3fab89f]
20240527-222002-4330 111420 ! Backtrace       (message.cc:180):   /mnt/extra/indicus/bin/benchmark(+0x408276) [0x55aff3f4e276]
20240527-222002-4331 111420 ! Backtrace       (message.cc:180):   /lib/x86_64-linux-gnu/libstdc++.so.6(+0xd6de4) [0x7fdd0a342de4]
20240527-222002-4331 111420 ! Backtrace       (message.cc:180):   /lib/x86_64-linux-gnu/libpthread.so.0(+0x8609) [0x7fdd0c076609]
20240527-222002-4331 111420 ! Backtrace       (message.cc:180):   /lib/x86_64-linux-gnu/libc.so.6(clone+0x43) [0x7fdd0a027133]
