cpu_count  1 
get_nprocs  8 
starting client threadpool
Num_cpus: 8 
num hosts=24; num_threads=1
20240525-004230-4740 69336 * Client          (client.cc:84):     Site .liamcrdb.pequin-pg0.utah.cloudlab.us 

20240525-004230-4742 69336 * Client          (client.cc:88):     Connecting to gateway postgresql://root@us-east-1-0.liamcrdb.pequin-pg0.utah.cloudlab.us:7087/defaultdb?sslmode=disable
20240525-004230-4781 69336 * Client          (client.cc:112):    Connected successfully after 1 tries
20240525-004230-4781 69336 * Client          (client.cc:115):    Established TaoPQ connection to backend
20240525-004230-4781 69336 * Client          (client.cc:121):    Client successfully started
20240525-004230-4782 69336 * BenchmarkClient (bench_client.cc:56): Delay between requests: 2 ms
NEW ORDER (parallel)
20240525-004230-4865 69336 * Begin           (client.cc:130):    Begin Transaction
catch abort
20240525-004230-5311 69336 * SendNext        (sync_transaction_bench_client. TXN was aborted. Need to retry. First backoff for milisecs: 2
NEW ORDER (parallel)
20240525-004230-5333 69336 * Begin           (client.cc:130):    Begin Transaction
20240525-004230-5333 69336 PANIC Begin           (client.cc:133):    why is tr not nullptr???
20240525-004230-5339 69336 ! Backtrace       (message.cc:180):   /mnt/extra/indicus/bin/benchmark(+0x323f20) [0x56036bb26f20]
20240525-004230-5340 69336 ! Backtrace       (message.cc:180):   /mnt/extra/indicus/bin/benchmark(+0x47f47f) [0x56036bc8247f]
20240525-004230-5340 69336 ! Backtrace       (message.cc:180):   /mnt/extra/indicus/bin/benchmark(+0x47f5cd) [0x56036bc825cd]
20240525-004230-5341 69336 ! Backtrace       (message.cc:180):   /mnt/extra/indicus/bin/benchmark(+0x1158c9b) [0x56036c95bc9b]
20240525-004230-5341 69336 ! Backtrace       (message.cc:180):   /mnt/extra/indicus/bin/benchmark(+0x58b423) [0x56036bd8e423]
20240525-004230-5342 69336 ! Backtrace       (message.cc:180):   /mnt/extra/indicus/bin/benchmark(+0x11c0f40) [0x56036c9c3f40]
20240525-004230-5342 69336 ! Backtrace       (message.cc:180):   /mnt/extra/indicus/bin/benchmark(+0x46c8a1) [0x56036bc6f8a1]
20240525-004230-5343 69336 ! Backtrace       (message.cc:180):   /mnt/extra/indicus/bin/benchmark(+0x46df42) [0x56036bc70f42]
20240525-004230-5343 69336 ! Backtrace       (message.cc:180):   /mnt/extra/indicus/bin/benchmark(+0x46599f) [0x56036bc6899f]
20240525-004230-5343 69336 ! Backtrace       (message.cc:180):   /mnt/extra/indicus/bin/benchmark(+0x408376) [0x56036bc0b376]
20240525-004230-5344 69336 ! Backtrace       (message.cc:180):   /lib/x86_64-linux-gnu/libstdc++.so.6(+0xd6de4) [0x7f17abb98de4]
20240525-004230-5344 69336 ! Backtrace       (message.cc:180):   /lib/x86_64-linux-gnu/libpthread.so.0(+0x8609) [0x7f17ad8cc609]
20240525-004230-5345 69336 ! Backtrace       (message.cc:180):   /lib/x86_64-linux-gnu/libc.so.6(clone+0x43) [0x7f17ab87d133]
