cpu_count  1 
get_nprocs  8 
starting client threadpool
Num_cpus: 8 
num hosts=24; num_threads=1
20240527-222002-3754 103591 * Client          (client.cc:84):     Site .liamcrdb.pequin-pg0.utah.cloudlab.us 

20240527-222002-3756 103591 * Client          (client.cc:88):     Connecting to gateway postgresql://root@us-east-1-0.liamcrdb.pequin-pg0.utah.cloudlab.us:7087/defaultdb?sslmode=disable
20240527-222002-3790 103591 * Client          (client.cc:112):    Connected successfully after 1 tries
20240527-222002-3791 103591 * Client          (client.cc:115):    Established TaoPQ connection to backend
20240527-222002-3791 103591 * Client          (client.cc:121):    Client successfully started
20240527-222002-3792 103591 * BenchmarkClient (bench_client.cc:56): Delay between requests: 2 ms
PAYMENT
20240527-222002-3876 103591 * Begin           (client.cc:130):    Begin Transaction
catch abort
20240527-222002-4275 103591 * SendNext        (sync_transaction_bench_client. TXN was aborted. Need to retry. First backoff for milisecs: 5
PAYMENT
20240527-222002-4326 103591 * Begin           (client.cc:130):    Begin Transaction
20240527-222002-4326 103591 PANIC Begin           (client.cc:133):    why is tr not nullptr???
20240527-222002-4329 103591 ! Backtrace       (message.cc:180):   /mnt/extra/indicus/bin/benchmark(+0x323e20) [0x557ba21bbe20]
20240527-222002-4329 103591 ! Backtrace       (message.cc:180):   /mnt/extra/indicus/bin/benchmark(+0x47f37f) [0x557ba231737f]
20240527-222002-4330 103591 ! Backtrace       (message.cc:180):   /mnt/extra/indicus/bin/benchmark(+0x47f4cd) [0x557ba23174cd]
20240527-222002-4330 103591 ! Backtrace       (message.cc:180):   /mnt/extra/indicus/bin/benchmark(+0x1158b9b) [0x557ba2ff0b9b]
20240527-222002-4330 103591 ! Backtrace       (message.cc:180):   /mnt/extra/indicus/bin/benchmark(+0x58b323) [0x557ba2423323]
20240527-222002-4331 103591 ! Backtrace       (message.cc:180):   /mnt/extra/indicus/bin/benchmark(+0x11cbaaf) [0x557ba3063aaf]
20240527-222002-4331 103591 ! Backtrace       (message.cc:180):   /mnt/extra/indicus/bin/benchmark(+0x46c7a1) [0x557ba23047a1]
20240527-222002-4331 103591 ! Backtrace       (message.cc:180):   /mnt/extra/indicus/bin/benchmark(+0x46de42) [0x557ba2305e42]
20240527-222002-4332 103591 ! Backtrace       (message.cc:180):   /mnt/extra/indicus/bin/benchmark(+0x46589f) [0x557ba22fd89f]
20240527-222002-4332 103591 ! Backtrace       (message.cc:180):   /mnt/extra/indicus/bin/benchmark(+0x408276) [0x557ba22a0276]
20240527-222002-4332 103591 ! Backtrace       (message.cc:180):   /lib/x86_64-linux-gnu/libstdc++.so.6(+0xd6de4) [0x7fef21ec5de4]
20240527-222002-4333 103591 ! Backtrace       (message.cc:180):   /lib/x86_64-linux-gnu/libpthread.so.0(+0x8609) [0x7fef23bf9609]
20240527-222002-4333 103591 ! Backtrace       (message.cc:180):   /lib/x86_64-linux-gnu/libc.so.6(clone+0x43) [0x7fef21baa133]
