cpu_count  1 
get_nprocs  8 
starting client threadpool
Num_cpus: 8 
num hosts=24; num_threads=1
20240527-222002-3804 103600 * Client          (client.cc:84):     Site .liamcrdb.pequin-pg0.utah.cloudlab.us 

20240527-222002-3806 103600 * Client          (client.cc:88):     Connecting to gateway postgresql://root@us-east-1-0.liamcrdb.pequin-pg0.utah.cloudlab.us:7087/defaultdb?sslmode=disable
20240527-222002-3847 103600 * Client          (client.cc:112):    Connected successfully after 1 tries
20240527-222002-3848 103600 * Client          (client.cc:115):    Established TaoPQ connection to backend
20240527-222002-3848 103600 * Client          (client.cc:121):    Client successfully started
20240527-222002-3849 103600 * BenchmarkClient (bench_client.cc:56): Delay between requests: 2 ms
PAYMENT
20240527-222002-3933 103600 * Begin           (client.cc:130):    Begin Transaction
catch abort
20240527-222002-4275 103600 * SendNext        (sync_transaction_bench_client. TXN was aborted. Need to retry. First backoff for milisecs: 3
PAYMENT
20240527-222002-4306 103600 * Begin           (client.cc:130):    Begin Transaction
20240527-222002-4307 103600 PANIC Begin           (client.cc:133):    why is tr not nullptr???
20240527-222002-4312 103600 ! Backtrace       (message.cc:180):   /mnt/extra/indicus/bin/benchmark(+0x323e20) [0x55b88fb07e20]
20240527-222002-4313 103600 ! Backtrace       (message.cc:180):   /mnt/extra/indicus/bin/benchmark(+0x47f37f) [0x55b88fc6337f]
20240527-222002-4314 103600 ! Backtrace       (message.cc:180):   /mnt/extra/indicus/bin/benchmark(+0x47f4cd) [0x55b88fc634cd]
20240527-222002-4314 103600 ! Backtrace       (message.cc:180):   /mnt/extra/indicus/bin/benchmark(+0x1158b9b) [0x55b89093cb9b]
20240527-222002-4315 103600 ! Backtrace       (message.cc:180):   /mnt/extra/indicus/bin/benchmark(+0x58b323) [0x55b88fd6f323]
20240527-222002-4315 103600 ! Backtrace       (message.cc:180):   /mnt/extra/indicus/bin/benchmark(+0x11cbaaf) [0x55b8909afaaf]
20240527-222002-4315 103600 ! Backtrace       (message.cc:180):   /mnt/extra/indicus/bin/benchmark(+0x46c7a1) [0x55b88fc507a1]
20240527-222002-4316 103600 ! Backtrace       (message.cc:180):   /mnt/extra/indicus/bin/benchmark(+0x46de42) [0x55b88fc51e42]
20240527-222002-4316 103600 ! Backtrace       (message.cc:180):   /mnt/extra/indicus/bin/benchmark(+0x46589f) [0x55b88fc4989f]
20240527-222002-4316 103600 ! Backtrace       (message.cc:180):   /mnt/extra/indicus/bin/benchmark(+0x408276) [0x55b88fbec276]
20240527-222002-4317 103600 ! Backtrace       (message.cc:180):   /lib/x86_64-linux-gnu/libstdc++.so.6(+0xd6de4) [0x7fc8e8ae5de4]
20240527-222002-4317 103600 ! Backtrace       (message.cc:180):   /lib/x86_64-linux-gnu/libpthread.so.0(+0x8609) [0x7fc8ea819609]
20240527-222002-4318 103600 ! Backtrace       (message.cc:180):   /lib/x86_64-linux-gnu/libc.so.6(clone+0x43) [0x7fc8e87ca133]
