cpu_count  1 
get_nprocs  8 
starting client threadpool
Num_cpus: 8 
num hosts=24; num_threads=1
20240527-222002-3754 103598 * Client          (client.cc:84):     Site .liamcrdb.pequin-pg0.utah.cloudlab.us 

20240527-222002-3755 103598 * Client          (client.cc:88):     Connecting to gateway postgresql://root@us-east-1-0.liamcrdb.pequin-pg0.utah.cloudlab.us:7087/defaultdb?sslmode=disable
20240527-222002-3791 103598 * Client          (client.cc:112):    Connected successfully after 1 tries
20240527-222002-3791 103598 * Client          (client.cc:115):    Established TaoPQ connection to backend
20240527-222002-3791 103598 * Client          (client.cc:121):    Client successfully started
20240527-222002-3792 103598 * BenchmarkClient (bench_client.cc:56): Delay between requests: 2 ms
PAYMENT
20240527-222002-3877 103598 * Begin           (client.cc:130):    Begin Transaction
catch abort
20240527-222002-4266 103598 * SendNext        (sync_transaction_bench_client. TXN was aborted. Need to retry. First backoff for milisecs: 3
PAYMENT
20240527-222002-4299 103598 * Begin           (client.cc:130):    Begin Transaction
20240527-222002-4300 103598 PANIC Begin           (client.cc:133):    why is tr not nullptr???
20240527-222002-4305 103598 ! Backtrace       (message.cc:180):   /mnt/extra/indicus/bin/benchmark(+0x323e20) [0x55bbc7386e20]
20240527-222002-4306 103598 ! Backtrace       (message.cc:180):   /mnt/extra/indicus/bin/benchmark(+0x47f37f) [0x55bbc74e237f]
20240527-222002-4306 103598 ! Backtrace       (message.cc:180):   /mnt/extra/indicus/bin/benchmark(+0x47f4cd) [0x55bbc74e24cd]
20240527-222002-4306 103598 ! Backtrace       (message.cc:180):   /mnt/extra/indicus/bin/benchmark(+0x1158b9b) [0x55bbc81bbb9b]
20240527-222002-4306 103598 ! Backtrace       (message.cc:180):   /mnt/extra/indicus/bin/benchmark(+0x58b323) [0x55bbc75ee323]
20240527-222002-4307 103598 ! Backtrace       (message.cc:180):   /mnt/extra/indicus/bin/benchmark(+0x11cbaaf) [0x55bbc822eaaf]
20240527-222002-4307 103598 ! Backtrace       (message.cc:180):   /mnt/extra/indicus/bin/benchmark(+0x46c7a1) [0x55bbc74cf7a1]
20240527-222002-4307 103598 ! Backtrace       (message.cc:180):   /mnt/extra/indicus/bin/benchmark(+0x46de42) [0x55bbc74d0e42]
20240527-222002-4307 103598 ! Backtrace       (message.cc:180):   /mnt/extra/indicus/bin/benchmark(+0x46589f) [0x55bbc74c889f]
20240527-222002-4308 103598 ! Backtrace       (message.cc:180):   /mnt/extra/indicus/bin/benchmark(+0x408276) [0x55bbc746b276]
20240527-222002-4308 103598 ! Backtrace       (message.cc:180):   /lib/x86_64-linux-gnu/libstdc++.so.6(+0xd6de4) [0x7f6d0efdfde4]
20240527-222002-4308 103598 ! Backtrace       (message.cc:180):   /lib/x86_64-linux-gnu/libpthread.so.0(+0x8609) [0x7f6d10d13609]
20240527-222002-4309 103598 ! Backtrace       (message.cc:180):   /lib/x86_64-linux-gnu/libc.so.6(clone+0x43) [0x7f6d0ecc4133]
