cpu_count  1 
get_nprocs  8 
starting client threadpool
Num_cpus: 8 
num hosts=24; num_threads=1
20240527-222002-3754 103592 * Client          (client.cc:84):     Site .liamcrdb.pequin-pg0.utah.cloudlab.us 

20240527-222002-3755 103592 * Client          (client.cc:88):     Connecting to gateway postgresql://root@us-east-1-0.liamcrdb.pequin-pg0.utah.cloudlab.us:7087/defaultdb?sslmode=disable
20240527-222002-3786 103592 * Client          (client.cc:112):    Connected successfully after 1 tries
20240527-222002-3786 103592 * Client          (client.cc:115):    Established TaoPQ connection to backend
20240527-222002-3786 103592 * Client          (client.cc:121):    Client successfully started
20240527-222002-3787 103592 * BenchmarkClient (bench_client.cc:56): Delay between requests: 2 ms
NEW ORDER
20240527-222002-3870 103592 * Begin           (client.cc:130):    Begin Transaction
catch abort
20240527-222002-4271 103592 * SendNext        (sync_transaction_bench_client. TXN was aborted. Need to retry. First backoff for milisecs: 5
NEW ORDER
20240527-222002-4326 103592 * Begin           (client.cc:130):    Begin Transaction
20240527-222002-4327 103592 PANIC Begin           (client.cc:133):    why is tr not nullptr???
20240527-222002-4333 103592 ! Backtrace       (message.cc:180):   /mnt/extra/indicus/bin/benchmark(+0x323e20) [0x5558ac033e20]
20240527-222002-4333 103592 ! Backtrace       (message.cc:180):   /mnt/extra/indicus/bin/benchmark(+0x47f37f) [0x5558ac18f37f]
20240527-222002-4333 103592 ! Backtrace       (message.cc:180):   /mnt/extra/indicus/bin/benchmark(+0x47f4cd) [0x5558ac18f4cd]
20240527-222002-4334 103592 ! Backtrace       (message.cc:180):   /mnt/extra/indicus/bin/benchmark(+0x1158b9b) [0x5558ace68b9b]
20240527-222002-4334 103592 ! Backtrace       (message.cc:180):   /mnt/extra/indicus/bin/benchmark(+0x58b323) [0x5558ac29b323]
20240527-222002-4334 103592 ! Backtrace       (message.cc:180):   /mnt/extra/indicus/bin/benchmark(+0x11c0e0e) [0x5558aced0e0e]
20240527-222002-4335 103592 ! Backtrace       (message.cc:180):   /mnt/extra/indicus/bin/benchmark(+0x46c7a1) [0x5558ac17c7a1]
20240527-222002-4335 103592 ! Backtrace       (message.cc:180):   /mnt/extra/indicus/bin/benchmark(+0x46de42) [0x5558ac17de42]
20240527-222002-4335 103592 ! Backtrace       (message.cc:180):   /mnt/extra/indicus/bin/benchmark(+0x46589f) [0x5558ac17589f]
20240527-222002-4335 103592 ! Backtrace       (message.cc:180):   /mnt/extra/indicus/bin/benchmark(+0x408276) [0x5558ac118276]
20240527-222002-4336 103592 ! Backtrace       (message.cc:180):   /lib/x86_64-linux-gnu/libstdc++.so.6(+0xd6de4) [0x7f649bb49de4]
20240527-222002-4336 103592 ! Backtrace       (message.cc:180):   /lib/x86_64-linux-gnu/libpthread.so.0(+0x8609) [0x7f649d87d609]
20240527-222002-4336 103592 ! Backtrace       (message.cc:180):   /lib/x86_64-linux-gnu/libc.so.6(clone+0x43) [0x7f649b82e133]
