cpu_count  1 
get_nprocs  8 
starting client threadpool
Num_cpus: 8 
num hosts=24; num_threads=1
20240527-222002-3755 103590 * Client          (client.cc:84):     Site .liamcrdb.pequin-pg0.utah.cloudlab.us 

20240527-222002-3756 103590 * Client          (client.cc:88):     Connecting to gateway postgresql://root@us-east-1-0.liamcrdb.pequin-pg0.utah.cloudlab.us:7087/defaultdb?sslmode=disable
20240527-222002-3788 103590 * Client          (client.cc:112):    Connected successfully after 1 tries
20240527-222002-3789 103590 * Client          (client.cc:115):    Established TaoPQ connection to backend
20240527-222002-3789 103590 * Client          (client.cc:121):    Client successfully started
20240527-222002-3790 103590 * BenchmarkClient (bench_client.cc:56): Delay between requests: 2 ms
NEW ORDER
20240527-222002-3873 103590 * Begin           (client.cc:130):    Begin Transaction
catch abort
20240527-222002-4280 103590 * SendNext        (sync_transaction_bench_client. TXN was aborted. Need to retry. First backoff for milisecs: 2
NEW ORDER
20240527-222002-4301 103590 * Begin           (client.cc:130):    Begin Transaction
20240527-222002-4302 103590 PANIC Begin           (client.cc:133):    why is tr not nullptr???
20240527-222002-4308 103590 ! Backtrace       (message.cc:180):   /mnt/extra/indicus/bin/benchmark(+0x323e20) [0x55bba8628e20]
20240527-222002-4309 103590 ! Backtrace       (message.cc:180):   /mnt/extra/indicus/bin/benchmark(+0x47f37f) [0x55bba878437f]
20240527-222002-4309 103590 ! Backtrace       (message.cc:180):   /mnt/extra/indicus/bin/benchmark(+0x47f4cd) [0x55bba87844cd]
20240527-222002-4310 103590 ! Backtrace       (message.cc:180):   /mnt/extra/indicus/bin/benchmark(+0x1158b9b) [0x55bba945db9b]
20240527-222002-4310 103590 ! Backtrace       (message.cc:180):   /mnt/extra/indicus/bin/benchmark(+0x58b323) [0x55bba8890323]
20240527-222002-4310 103590 ! Backtrace       (message.cc:180):   /mnt/extra/indicus/bin/benchmark(+0x11c0e0e) [0x55bba94c5e0e]
20240527-222002-4311 103590 ! Backtrace       (message.cc:180):   /mnt/extra/indicus/bin/benchmark(+0x46c7a1) [0x55bba87717a1]
20240527-222002-4311 103590 ! Backtrace       (message.cc:180):   /mnt/extra/indicus/bin/benchmark(+0x46de42) [0x55bba8772e42]
20240527-222002-4311 103590 ! Backtrace       (message.cc:180):   /mnt/extra/indicus/bin/benchmark(+0x46589f) [0x55bba876a89f]
20240527-222002-4312 103590 ! Backtrace       (message.cc:180):   /mnt/extra/indicus/bin/benchmark(+0x408276) [0x55bba870d276]
20240527-222002-4312 103590 ! Backtrace       (message.cc:180):   /lib/x86_64-linux-gnu/libstdc++.so.6(+0xd6de4) [0x7fcbcc7e6de4]
20240527-222002-4312 103590 ! Backtrace       (message.cc:180):   /lib/x86_64-linux-gnu/libpthread.so.0(+0x8609) [0x7fcbce51a609]
20240527-222002-4313 103590 ! Backtrace       (message.cc:180):   /lib/x86_64-linux-gnu/libc.so.6(clone+0x43) [0x7fcbcc4cb133]
