cpu_count  1 
get_nprocs  8 
starting client threadpool
Num_cpus: 8 
num hosts=24; num_threads=1
20240527-222002-3802 103597 * Client          (client.cc:84):     Site .liamcrdb.pequin-pg0.utah.cloudlab.us 

20240527-222002-3804 103597 * Client          (client.cc:88):     Connecting to gateway postgresql://root@us-east-1-0.liamcrdb.pequin-pg0.utah.cloudlab.us:7087/defaultdb?sslmode=disable
20240527-222002-3846 103597 * Client          (client.cc:112):    Connected successfully after 1 tries
20240527-222002-3846 103597 * Client          (client.cc:115):    Established TaoPQ connection to backend
20240527-222002-3847 103597 * Client          (client.cc:121):    Client successfully started
20240527-222002-3847 103597 * BenchmarkClient (bench_client.cc:56): Delay between requests: 2 ms
PAYMENT
20240527-222002-3931 103597 * Begin           (client.cc:130):    Begin Transaction
catch abort
20240527-222002-4266 103597 * SendNext        (sync_transaction_bench_client. TXN was aborted. Need to retry. First backoff for milisecs: 5
PAYMENT
20240527-222002-4318 103597 * Begin           (client.cc:130):    Begin Transaction
20240527-222002-4319 103597 PANIC Begin           (client.cc:133):    why is tr not nullptr???
20240527-222002-4322 103597 ! Backtrace       (message.cc:180):   /mnt/extra/indicus/bin/benchmark(+0x323e20) [0x564f5ea9be20]
20240527-222002-4322 103597 ! Backtrace       (message.cc:180):   /mnt/extra/indicus/bin/benchmark(+0x47f37f) [0x564f5ebf737f]
20240527-222002-4323 103597 ! Backtrace       (message.cc:180):   /mnt/extra/indicus/bin/benchmark(+0x47f4cd) [0x564f5ebf74cd]
20240527-222002-4323 103597 ! Backtrace       (message.cc:180):   /mnt/extra/indicus/bin/benchmark(+0x1158b9b) [0x564f5f8d0b9b]
20240527-222002-4323 103597 ! Backtrace       (message.cc:180):   /mnt/extra/indicus/bin/benchmark(+0x58b323) [0x564f5ed03323]
20240527-222002-4323 103597 ! Backtrace       (message.cc:180):   /mnt/extra/indicus/bin/benchmark(+0x11cbaaf) [0x564f5f943aaf]
20240527-222002-4323 103597 ! Backtrace       (message.cc:180):   /mnt/extra/indicus/bin/benchmark(+0x46c7a1) [0x564f5ebe47a1]
20240527-222002-4324 103597 ! Backtrace       (message.cc:180):   /mnt/extra/indicus/bin/benchmark(+0x46de42) [0x564f5ebe5e42]
20240527-222002-4324 103597 ! Backtrace       (message.cc:180):   /mnt/extra/indicus/bin/benchmark(+0x46589f) [0x564f5ebdd89f]
20240527-222002-4324 103597 ! Backtrace       (message.cc:180):   /mnt/extra/indicus/bin/benchmark(+0x408276) [0x564f5eb80276]
20240527-222002-4324 103597 ! Backtrace       (message.cc:180):   /lib/x86_64-linux-gnu/libstdc++.so.6(+0xd6de4) [0x7f5efade8de4]
20240527-222002-4324 103597 ! Backtrace       (message.cc:180):   /lib/x86_64-linux-gnu/libpthread.so.0(+0x8609) [0x7f5efcb1c609]
20240527-222002-4325 103597 ! Backtrace       (message.cc:180):   /lib/x86_64-linux-gnu/libc.so.6(clone+0x43) [0x7f5efaacd133]
