cpu_count  1 
get_nprocs  8 
starting client threadpool
Num_cpus: 8 
num hosts=24; num_threads=1
20240525-132703-7337 74023 * Client          (client.cc:84):     Site .liamcrdb.pequin-pg0.utah.cloudlab.us 

20240525-132703-7338 74023 * Client          (client.cc:88):     Connecting to gateway postgresql://root@us-east-1-0.liamcrdb.pequin-pg0.utah.cloudlab.us:7087/defaultdb?sslmode=disable
20240525-132703-7370 74023 * Client          (client.cc:112):    Connected successfully after 1 tries
20240525-132703-7370 74023 * Client          (client.cc:115):    Established TaoPQ connection to backend
20240525-132703-7371 74023 * Client          (client.cc:121):    Client successfully started
20240525-132703-7371 74023 * BenchmarkClient (bench_client.cc:56): Delay between requests: 2 ms
PAYMENT
20240525-132703-7454 74023 * Begin           (client.cc:130):    Begin Transaction
catch abort
20240525-132703-7682 74023 * SendNext        (sync_transaction_bench_client. TXN was aborted. Need to retry. First backoff for milisecs: 2
PAYMENT
20240525-132703-7704 74023 * Begin           (client.cc:130):    Begin Transaction
20240525-132703-7704 74023 PANIC Begin           (client.cc:133):    why is tr not nullptr???
20240525-132703-7710 74023 ! Backtrace       (message.cc:180):   /mnt/extra/indicus/bin/benchmark(+0x323e20) [0x5555e5f4de20]
20240525-132703-7711 74023 ! Backtrace       (message.cc:180):   /mnt/extra/indicus/bin/benchmark(+0x47f37f) [0x5555e60a937f]
20240525-132703-7711 74023 ! Backtrace       (message.cc:180):   /mnt/extra/indicus/bin/benchmark(+0x47f4cd) [0x5555e60a94cd]
20240525-132703-7711 74023 ! Backtrace       (message.cc:180):   /mnt/extra/indicus/bin/benchmark(+0x1158b9b) [0x5555e6d82b9b]
20240525-132703-7712 74023 ! Backtrace       (message.cc:180):   /mnt/extra/indicus/bin/benchmark(+0x58b323) [0x5555e61b5323]
20240525-132703-7712 74023 ! Backtrace       (message.cc:180):   /mnt/extra/indicus/bin/benchmark(+0x11cbaaf) [0x5555e6df5aaf]
20240525-132703-7712 74023 ! Backtrace       (message.cc:180):   /mnt/extra/indicus/bin/benchmark(+0x46c7a1) [0x5555e60967a1]
20240525-132703-7713 74023 ! Backtrace       (message.cc:180):   /mnt/extra/indicus/bin/benchmark(+0x46de42) [0x5555e6097e42]
20240525-132703-7713 74023 ! Backtrace       (message.cc:180):   /mnt/extra/indicus/bin/benchmark(+0x46589f) [0x5555e608f89f]
20240525-132703-7714 74023 ! Backtrace       (message.cc:180):   /mnt/extra/indicus/bin/benchmark(+0x408276) [0x5555e6032276]
20240525-132703-7714 74023 ! Backtrace       (message.cc:180):   /lib/x86_64-linux-gnu/libstdc++.so.6(+0xd6de4) [0x7f62ddb44de4]
20240525-132703-7714 74023 ! Backtrace       (message.cc:180):   /lib/x86_64-linux-gnu/libpthread.so.0(+0x8609) [0x7f62df878609]
20240525-132703-7715 74023 ! Backtrace       (message.cc:180):   /lib/x86_64-linux-gnu/libc.so.6(clone+0x43) [0x7f62dd829133]
