cpu_count  1 
get_nprocs  8 
starting client threadpool
Num_cpus: 8 
num hosts=24; num_threads=1
20240525-132703-7306 74013 * Client          (client.cc:84):     Site .liamcrdb.pequin-pg0.utah.cloudlab.us 

20240525-132703-7307 74013 * Client          (client.cc:88):     Connecting to gateway postgresql://root@us-east-1-0.liamcrdb.pequin-pg0.utah.cloudlab.us:7087/defaultdb?sslmode=disable
20240525-132703-7342 74013 * Client          (client.cc:112):    Connected successfully after 1 tries
20240525-132703-7343 74013 * Client          (client.cc:115):    Established TaoPQ connection to backend
20240525-132703-7343 74013 * Client          (client.cc:121):    Client successfully started
20240525-132703-7343 74013 * BenchmarkClient (bench_client.cc:56): Delay between requests: 2 ms
PAYMENT
20240525-132703-7426 74013 * Begin           (client.cc:130):    Begin Transaction
catch abort
20240525-132703-7693 74013 * SendNext        (sync_transaction_bench_client. TXN was aborted. Need to retry. First backoff for milisecs: 2
PAYMENT
20240525-132703-7714 74013 * Begin           (client.cc:130):    Begin Transaction
20240525-132703-7714 74013 PANIC Begin           (client.cc:133):    why is tr not nullptr???
20240525-132703-7718 74013 ! Backtrace       (message.cc:180):   /mnt/extra/indicus/bin/benchmark(+0x323e20) [0x55a091fb8e20]
20240525-132703-7719 74013 ! Backtrace       (message.cc:180):   /mnt/extra/indicus/bin/benchmark(+0x47f37f) [0x55a09211437f]
20240525-132703-7719 74013 ! Backtrace       (message.cc:180):   /mnt/extra/indicus/bin/benchmark(+0x47f4cd) [0x55a0921144cd]
20240525-132703-7720 74013 ! Backtrace       (message.cc:180):   /mnt/extra/indicus/bin/benchmark(+0x1158b9b) [0x55a092dedb9b]
20240525-132703-7720 74013 ! Backtrace       (message.cc:180):   /mnt/extra/indicus/bin/benchmark(+0x58b323) [0x55a092220323]
20240525-132703-7720 74013 ! Backtrace       (message.cc:180):   /mnt/extra/indicus/bin/benchmark(+0x11cbaaf) [0x55a092e60aaf]
20240525-132703-7720 74013 ! Backtrace       (message.cc:180):   /mnt/extra/indicus/bin/benchmark(+0x46c7a1) [0x55a0921017a1]
20240525-132703-7721 74013 ! Backtrace       (message.cc:180):   /mnt/extra/indicus/bin/benchmark(+0x46de42) [0x55a092102e42]
20240525-132703-7721 74013 ! Backtrace       (message.cc:180):   /mnt/extra/indicus/bin/benchmark(+0x46589f) [0x55a0920fa89f]
20240525-132703-7721 74013 ! Backtrace       (message.cc:180):   /mnt/extra/indicus/bin/benchmark(+0x408276) [0x55a09209d276]
20240525-132703-7722 74013 ! Backtrace       (message.cc:180):   /lib/x86_64-linux-gnu/libstdc++.so.6(+0xd6de4) [0x7f4b27673de4]
20240525-132703-7722 74013 ! Backtrace       (message.cc:180):   /lib/x86_64-linux-gnu/libpthread.so.0(+0x8609) [0x7f4b293a7609]
20240525-132703-7722 74013 ! Backtrace       (message.cc:180):   /lib/x86_64-linux-gnu/libc.so.6(clone+0x43) [0x7f4b27358133]
