cpu_count  1 
get_nprocs  8 
starting client threadpool
Num_cpus: 8 
num hosts=24; num_threads=1
20240525-132703-7306 74015 * Client          (client.cc:84):     Site .liamcrdb.pequin-pg0.utah.cloudlab.us 

20240525-132703-7307 74015 * Client          (client.cc:88):     Connecting to gateway postgresql://root@us-east-1-0.liamcrdb.pequin-pg0.utah.cloudlab.us:7087/defaultdb?sslmode=disable
20240525-132703-7342 74015 * Client          (client.cc:112):    Connected successfully after 1 tries
20240525-132703-7342 74015 * Client          (client.cc:115):    Established TaoPQ connection to backend
20240525-132703-7342 74015 * Client          (client.cc:121):    Client successfully started
20240525-132703-7343 74015 * BenchmarkClient (bench_client.cc:56): Delay between requests: 2 ms
NEW ORDER
20240525-132703-7426 74015 * Begin           (client.cc:130):    Begin Transaction
catch abort
20240525-132703-7689 74015 * SendNext        (sync_transaction_bench_client. TXN was aborted. Need to retry. First backoff for milisecs: 1
NEW ORDER
20240525-132703-7700 74015 * Begin           (client.cc:130):    Begin Transaction
20240525-132703-7700 74015 PANIC Begin           (client.cc:133):    why is tr not nullptr???
20240525-132703-7705 74015 ! Backtrace       (message.cc:180):   /mnt/extra/indicus/bin/benchmark(+0x323e20) [0x562ac14b8e20]
20240525-132703-7705 74015 ! Backtrace       (message.cc:180):   /mnt/extra/indicus/bin/benchmark(+0x47f37f) [0x562ac161437f]
20240525-132703-7705 74015 ! Backtrace       (message.cc:180):   /mnt/extra/indicus/bin/benchmark(+0x47f4cd) [0x562ac16144cd]
20240525-132703-7706 74015 ! Backtrace       (message.cc:180):   /mnt/extra/indicus/bin/benchmark(+0x1158b9b) [0x562ac22edb9b]
20240525-132703-7706 74015 ! Backtrace       (message.cc:180):   /mnt/extra/indicus/bin/benchmark(+0x58b323) [0x562ac1720323]
20240525-132703-7706 74015 ! Backtrace       (message.cc:180):   /mnt/extra/indicus/bin/benchmark(+0x11c0e0e) [0x562ac2355e0e]
20240525-132703-7707 74015 ! Backtrace       (message.cc:180):   /mnt/extra/indicus/bin/benchmark(+0x46c7a1) [0x562ac16017a1]
20240525-132703-7707 74015 ! Backtrace       (message.cc:180):   /mnt/extra/indicus/bin/benchmark(+0x46de42) [0x562ac1602e42]
20240525-132703-7707 74015 ! Backtrace       (message.cc:180):   /mnt/extra/indicus/bin/benchmark(+0x46589f) [0x562ac15fa89f]
20240525-132703-7708 74015 ! Backtrace       (message.cc:180):   /mnt/extra/indicus/bin/benchmark(+0x408276) [0x562ac159d276]
20240525-132703-7708 74015 ! Backtrace       (message.cc:180):   /lib/x86_64-linux-gnu/libstdc++.so.6(+0xd6de4) [0x7f994373ade4]
20240525-132703-7708 74015 ! Backtrace       (message.cc:180):   /lib/x86_64-linux-gnu/libpthread.so.0(+0x8609) [0x7f994546e609]
20240525-132703-7709 74015 ! Backtrace       (message.cc:180):   /lib/x86_64-linux-gnu/libc.so.6(clone+0x43) [0x7f994341f133]
