cpu_count  1 
get_nprocs  8 
starting client threadpool
Num_cpus: 8 
num hosts=24; num_threads=1
20240525-132703-7575 74022 * Client          (client.cc:84):     Site .liamcrdb.pequin-pg0.utah.cloudlab.us 

20240525-132703-7576 74022 * Client          (client.cc:88):     Connecting to gateway postgresql://root@us-east-1-0.liamcrdb.pequin-pg0.utah.cloudlab.us:7087/defaultdb?sslmode=disable
20240525-132703-7606 74022 * Client          (client.cc:112):    Connected successfully after 1 tries
20240525-132703-7606 74022 * Client          (client.cc:115):    Established TaoPQ connection to backend
20240525-132703-7607 74022 * Client          (client.cc:121):    Client successfully started
20240525-132703-7607 74022 * BenchmarkClient (bench_client.cc:56): Delay between requests: 2 ms
NEW ORDER
20240525-132703-7690 74022 * Begin           (client.cc:130):    Begin Transaction
catch abort
20240525-132703-7818 74022 * SendNext        (sync_transaction_bench_client. TXN was aborted. Need to retry. First backoff for milisecs: 2
NEW ORDER
20240525-132703-7839 74022 * Begin           (client.cc:130):    Begin Transaction
20240525-132703-7840 74022 PANIC Begin           (client.cc:133):    why is tr not nullptr???
20240525-132703-7845 74022 ! Backtrace       (message.cc:180):   /mnt/extra/indicus/bin/benchmark(+0x323e20) [0x55e14a8e9e20]
20240525-132703-7845 74022 ! Backtrace       (message.cc:180):   /mnt/extra/indicus/bin/benchmark(+0x47f37f) [0x55e14aa4537f]
20240525-132703-7845 74022 ! Backtrace       (message.cc:180):   /mnt/extra/indicus/bin/benchmark(+0x47f4cd) [0x55e14aa454cd]
20240525-132703-7846 74022 ! Backtrace       (message.cc:180):   /mnt/extra/indicus/bin/benchmark(+0x1158b9b) [0x55e14b71eb9b]
20240525-132703-7846 74022 ! Backtrace       (message.cc:180):   /mnt/extra/indicus/bin/benchmark(+0x58b323) [0x55e14ab51323]
20240525-132703-7846 74022 ! Backtrace       (message.cc:180):   /mnt/extra/indicus/bin/benchmark(+0x11c0e0e) [0x55e14b786e0e]
20240525-132703-7846 74022 ! Backtrace       (message.cc:180):   /mnt/extra/indicus/bin/benchmark(+0x46c7a1) [0x55e14aa327a1]
20240525-132703-7847 74022 ! Backtrace       (message.cc:180):   /mnt/extra/indicus/bin/benchmark(+0x46de42) [0x55e14aa33e42]
20240525-132703-7847 74022 ! Backtrace       (message.cc:180):   /mnt/extra/indicus/bin/benchmark(+0x46589f) [0x55e14aa2b89f]
20240525-132703-7847 74022 ! Backtrace       (message.cc:180):   /mnt/extra/indicus/bin/benchmark(+0x408276) [0x55e14a9ce276]
20240525-132703-7847 74022 ! Backtrace       (message.cc:180):   /lib/x86_64-linux-gnu/libstdc++.so.6(+0xd6de4) [0x7fb61ae96de4]
20240525-132703-7848 74022 ! Backtrace       (message.cc:180):   /lib/x86_64-linux-gnu/libpthread.so.0(+0x8609) [0x7fb61cbca609]
20240525-132703-7848 74022 ! Backtrace       (message.cc:180):   /lib/x86_64-linux-gnu/libc.so.6(clone+0x43) [0x7fb61ab7b133]
