cpu_count  1 
get_nprocs  8 
starting client threadpool
Num_cpus: 8 
num hosts=24; num_threads=1
20240525-132703-7306 74019 * Client          (client.cc:84):     Site .liamcrdb.pequin-pg0.utah.cloudlab.us 

20240525-132703-7307 74019 * Client          (client.cc:88):     Connecting to gateway postgresql://root@us-east-1-0.liamcrdb.pequin-pg0.utah.cloudlab.us:7087/defaultdb?sslmode=disable
20240525-132703-7345 74019 * Client          (client.cc:112):    Connected successfully after 1 tries
20240525-132703-7345 74019 * Client          (client.cc:115):    Established TaoPQ connection to backend
20240525-132703-7345 74019 * Client          (client.cc:121):    Client successfully started
20240525-132703-7346 74019 * BenchmarkClient (bench_client.cc:56): Delay between requests: 2 ms
PAYMENT
20240525-132703-7429 74019 * Begin           (client.cc:130):    Begin Transaction
catch abort
20240525-132703-7698 74019 * SendNext        (sync_transaction_bench_client. TXN was aborted. Need to retry. First backoff for milisecs: 2
PAYMENT
20240525-132703-7958 74019 * Begin           (client.cc:130):    Begin Transaction
20240525-132703-7958 74019 PANIC Begin           (client.cc:133):    why is tr not nullptr???
20240525-132703-7962 74019 ! Backtrace       (message.cc:180):   /mnt/extra/indicus/bin/benchmark(+0x323e20) [0x55a45dc09e20]
20240525-132703-7962 74019 ! Backtrace       (message.cc:180):   /mnt/extra/indicus/bin/benchmark(+0x47f37f) [0x55a45dd6537f]
20240525-132703-7963 74019 ! Backtrace       (message.cc:180):   /mnt/extra/indicus/bin/benchmark(+0x47f4cd) [0x55a45dd654cd]
20240525-132703-7963 74019 ! Backtrace       (message.cc:180):   /mnt/extra/indicus/bin/benchmark(+0x1158b9b) [0x55a45ea3eb9b]
20240525-132703-7963 74019 ! Backtrace       (message.cc:180):   /mnt/extra/indicus/bin/benchmark(+0x58b323) [0x55a45de71323]
20240525-132703-7963 74019 ! Backtrace       (message.cc:180):   /mnt/extra/indicus/bin/benchmark(+0x11cbaaf) [0x55a45eab1aaf]
20240525-132703-7963 74019 ! Backtrace       (message.cc:180):   /mnt/extra/indicus/bin/benchmark(+0x46c7a1) [0x55a45dd527a1]
20240525-132703-7964 74019 ! Backtrace       (message.cc:180):   /mnt/extra/indicus/bin/benchmark(+0x46de42) [0x55a45dd53e42]
20240525-132703-7964 74019 ! Backtrace       (message.cc:180):   /mnt/extra/indicus/bin/benchmark(+0x46589f) [0x55a45dd4b89f]
20240525-132703-7964 74019 ! Backtrace       (message.cc:180):   /mnt/extra/indicus/bin/benchmark(+0x408276) [0x55a45dcee276]
20240525-132703-7964 74019 ! Backtrace       (message.cc:180):   /lib/x86_64-linux-gnu/libstdc++.so.6(+0xd6de4) [0x7f3239767de4]
20240525-132703-7964 74019 ! Backtrace       (message.cc:180):   /lib/x86_64-linux-gnu/libpthread.so.0(+0x8609) [0x7f323b49b609]
20240525-132703-7964 74019 ! Backtrace       (message.cc:180):   /lib/x86_64-linux-gnu/libc.so.6(clone+0x43) [0x7f323944c133]
