cpu_count  1 
get_nprocs  8 
starting client threadpool
Num_cpus: 8 
num hosts=24; num_threads=1
20240525-003117-7749 68361 * Client          (client.cc:84):     Site .liamcrdb.pequin-pg0.utah.cloudlab.us 

20240525-003117-7750 68361 * Client          (client.cc:88):     Connecting to gateway postgresql://root@us-east-1-0.liamcrdb.pequin-pg0.utah.cloudlab.us:7087/defaultdb?sslmode=disable
20240525-003117-7783 68361 * Client          (client.cc:112):    Connected successfully after 1 tries
20240525-003117-7784 68361 * Client          (client.cc:115):    Established TaoPQ connection to backend
20240525-003117-7784 68361 * Client          (client.cc:121):    Client successfully started
20240525-003117-7785 68361 * BenchmarkClient (bench_client.cc:56): Delay between requests: 2 ms
ORDER_STATUS
20240525-003117-7867 68361 * Begin           (client.cc:130):    Begin Transaction
NEW ORDER (parallel)
20240525-003117-8499 68361 * Begin           (client.cc:130):    Begin Transaction
PAYMENT (parallel)
20240525-003117-9224 68361 * Begin           (client.cc:130):    Begin Transaction
Tx write transaction rollback
ERROR:  restart transaction: TransactionRetryWithProtoRefreshError: WriteTooOldError: write for key /Table/113/1/5/0 at timestamp 1719297077.921866376,0 too old; wrote at 1719297077.922071013,2: "sql txn" meta={id=9ce14770 key=/Table/113/1/5/0 pri=0.02507027 epo=0 ts=1719297077.922071013,2 min=1719297077.921866376,0 seq=0} lock=true stat=PENDING rts=1719297077.921866376,0 wto=false gul=1719297078.421866376,0
HINT:  See: https://www.cockroachlabs.com/docs/v22.2/transaction-retry-error-reference.html

CATCHING ABORT. WILL PROPAGATE AFTER ALL PARALLEL ARE DONE
CATCHING ABORT. WILL PROPAGATE AFTER ALL PARALLEL ARE DONE
CATCHING ABORT. WILL PROPAGATE AFTER ALL PARALLEL ARE DONE
CATCHING ABORT. WILL PROPAGATE AFTER ALL PARALLEL ARE DONE
catch abort
20240525-003117-9650 68361 * SendNext        (sync_transaction_bench_client. TXN was aborted. Need to retry. First backoff for milisecs: 2
PAYMENT (parallel)
20240525-003117-9671 68361 * Begin           (client.cc:130):    Begin Transaction
Tx write transaction rollback
ERROR:  restart transaction: TransactionRetryWithProtoRefreshError: WriteTooOldError: write for key /Table/113/1/5/0 at timestamp 1719297077.966546888,0 too old; wrote at 1719297077.967032026,2: "sql txn" meta={id=33c812b9 key=/Table/113/1/5/0 pri=0.00259592 epo=0 ts=1719297077.967032026,2 min=1719297077.966546888,0 seq=0} lock=true stat=PENDING rts=1719297077.966546888,0 wto=false gul=1719297078.466546888,0
HINT:  See: https://www.cockroachlabs.com/docs/v22.2/transaction-retry-error-reference.html

CATCHING ABORT. WILL PROPAGATE AFTER ALL PARALLEL ARE DONE
CATCHING ABORT. WILL PROPAGATE AFTER ALL PARALLEL ARE DONE
CATCHING ABORT. WILL PROPAGATE AFTER ALL PARALLEL ARE DONE
CATCHING ABORT. WILL PROPAGATE AFTER ALL PARALLEL ARE DONE
catch abort
20240525-003118-0004 68361 * SendNext        (sync_transaction_bench_client. TXN was aborted. Need to retry. First backoff for milisecs: 4
PAYMENT (parallel)
20240525-003118-0046 68361 * Begin           (client.cc:130):    Begin Transaction
PAYMENT (parallel)
20240525-003118-0337 68361 * Begin           (client.cc:130):    Begin Transaction
ORDER_STATUS
20240525-003118-0649 68361 * Begin           (client.cc:130):    Begin Transaction
PAYMENT (parallel)
20240525-003118-0823 68361 * Begin           (client.cc:130):    Begin Transaction
Tx write transaction rollback
ERROR:  restart transaction: TransactionRetryWithProtoRefreshError: WriteTooOldError: write for key /Table/113/1/2/0 at timestamp 1719297078.081718472,0 too old; wrote at 1719297078.081718472,2: "sql txn" meta={id=b38ed0dc key=/Table/113/1/2/0 pri=0.00056033 epo=0 ts=1719297078.081718472,2 min=1719297078.081718472,0 seq=0} lock=true stat=PENDING rts=1719297078.081718472,0 wto=false gul=1719297078.581718472,0
HINT:  See: https://www.cockroachlabs.com/docs/v22.2/transaction-retry-error-reference.html

CATCHING ABORT. WILL PROPAGATE AFTER ALL PARALLEL ARE DONE
CATCHING ABORT. WILL PROPAGATE AFTER ALL PARALLEL ARE DONE
CATCHING ABORT. WILL PROPAGATE AFTER ALL PARALLEL ARE DONE
CATCHING ABORT. WILL PROPAGATE AFTER ALL PARALLEL ARE DONE
catch abort
20240525-003118-1175 68361 * SendNext        (sync_transaction_bench_client. TXN was aborted. Need to retry. First backoff for milisecs: 1
PAYMENT (parallel)
20240525-003118-1186 68361 * Begin           (client.cc:130):    Begin Transaction
NEW ORDER (parallel)
20240525-003118-1509 68361 * Begin           (client.cc:130):    Begin Transaction
NEW ORDER (parallel)
20240525-003118-3581 68361 * Begin           (client.cc:130):    Begin Transaction
NEW ORDER (parallel)
20240525-003118-4744 68361 * Begin           (client.cc:130):    Begin Transaction
NEW ORDER (parallel)
20240525-003118-5739 68361 * Begin           (client.cc:130):    Begin Transaction
Tx write transaction rollback
ERROR:  restart transaction: TransactionRetryWithProtoRefreshError: WriteTooOldError: write for key /Table/106/1/5/3/0 at timestamp 1719297078.573369780,0 too old; wrote at 1719297078.613181723,1: "sql txn" meta={id=4996673a key=/Table/106/1/5/3/0 pri=0.00113491 epo=0 ts=1719297078.613181723,1 min=1719297078.573369780,0 seq=0} lock=true stat=PENDING rts=1719297078.573369780,0 wto=false gul=1719297079.073369780,0
HINT:  See: https://www.cockroachlabs.com/docs/v22.2/transaction-retry-error-reference.html

CATCHING ABORT. WILL PROPAGATE AFTER ALL PARALLEL ARE DONE
CATCHING ABORT. WILL PROPAGATE AFTER ALL PARALLEL ARE DONE
CATCHING ABORT. WILL PROPAGATE AFTER ALL PARALLEL ARE DONE
CATCHING ABORT. WILL PROPAGATE AFTER ALL PARALLEL ARE DONE
CATCHING ABORT. WILL PROPAGATE AFTER ALL PARALLEL ARE DONE
CATCHING ABORT. WILL PROPAGATE AFTER ALL PARALLEL ARE DONE
CATCHING ABORT. WILL PROPAGATE AFTER ALL PARALLEL ARE DONE
CATCHING ABORT. WILL PROPAGATE AFTER ALL PARALLEL ARE DONE
CATCHING ABORT. WILL PROPAGATE AFTER ALL PARALLEL ARE DONE
CATCHING ABORT. WILL PROPAGATE AFTER ALL PARALLEL ARE DONE
CATCHING ABORT. WILL PROPAGATE AFTER ALL PARALLEL ARE DONE
CATCHING ABORT. WILL PROPAGATE AFTER ALL PARALLEL ARE DONE
CATCHING ABORT. WILL PROPAGATE AFTER ALL PARALLEL ARE DONE
CATCHING ABORT. WILL PROPAGATE AFTER ALL PARALLEL ARE DONE
CATCHING ABORT. WILL PROPAGATE AFTER ALL PARALLEL ARE DONE
CATCHING ABORT. WILL PROPAGATE AFTER ALL PARALLEL ARE DONE
CATCHING ABORT. WILL PROPAGATE AFTER ALL PARALLEL ARE DONE
CATCHING ABORT. WILL PROPAGATE AFTER ALL PARALLEL ARE DONE
CATCHING ABORT. WILL PROPAGATE AFTER ALL PARALLEL ARE DONE
CATCHING ABORT. WILL PROPAGATE AFTER ALL PARALLEL ARE DONE
CATCHING ABORT. WILL PROPAGATE AFTER ALL PARALLEL ARE DONE
CATCHING ABORT. WILL PROPAGATE AFTER ALL PARALLEL ARE DONE
CATCHING ABORT. WILL PROPAGATE AFTER ALL PARALLEL ARE DONE
CATCHING ABORT. WILL PROPAGATE AFTER ALL PARALLEL ARE DONE
CATCHING ABORT. WILL PROPAGATE AFTER ALL PARALLEL ARE DONE
CATCHING ABORT. WILL PROPAGATE AFTER ALL PARALLEL ARE DONE
CATCHING ABORT. WILL PROPAGATE AFTER ALL PARALLEL ARE DONE
CATCHING ABORT. WILL PROPAGATE AFTER ALL PARALLEL ARE DONE
CATCHING ABORT. WILL PROPAGATE AFTER ALL PARALLEL ARE DONE
CATCHING ABORT. WILL PROPAGATE AFTER ALL PARALLEL ARE DONE
catch abort
20240525-003118-7821 68361 * SendNext        (sync_transaction_bench_client. TXN was aborted. Need to retry. First backoff for milisecs: 2
NEW ORDER (parallel)
20240525-003118-7843 68361 * Begin           (client.cc:130):    Begin Transaction
PAYMENT (parallel)
20240525-003118-8959 68361 * Begin           (client.cc:130):    Begin Transaction
NEW ORDER (parallel)
20240525-003118-9209 68361 * Begin           (client.cc:130):    Begin Transaction
NEW ORDER (parallel)
20240525-003119-0681 68361 * Begin           (client.cc:130):    Begin Transaction
Tx write transaction rollback
ERROR:  restart transaction: TransactionRetryWithProtoRefreshError: WriteTooOldError: write for key /Table/106/1/4/2/0 at timestamp 1719297079.067453609,0 too old; wrote at 1719297079.067453609,2: "sql txn" meta={id=41aaca5d key=/Table/106/1/4/2/0 pri=0.00622673 epo=0 ts=1719297079.067453609,2 min=1719297079.067453609,0 seq=0} lock=true stat=PENDING rts=1719297079.067453609,0 wto=false gul=1719297079.567453609,0
HINT:  See: https://www.cockroachlabs.com/docs/v22.2/transaction-retry-error-reference.html

CATCHING ABORT. WILL PROPAGATE AFTER ALL PARALLEL ARE DONE
CATCHING ABORT. WILL PROPAGATE AFTER ALL PARALLEL ARE DONE
CATCHING ABORT. WILL PROPAGATE AFTER ALL PARALLEL ARE DONE
CATCHING ABORT. WILL PROPAGATE AFTER ALL PARALLEL ARE DONE
CATCHING ABORT. WILL PROPAGATE AFTER ALL PARALLEL ARE DONE
CATCHING ABORT. WILL PROPAGATE AFTER ALL PARALLEL ARE DONE
CATCHING ABORT. WILL PROPAGATE AFTER ALL PARALLEL ARE DONE
CATCHING ABORT. WILL PROPAGATE AFTER ALL PARALLEL ARE DONE
CATCHING ABORT. WILL PROPAGATE AFTER ALL PARALLEL ARE DONE
CATCHING ABORT. WILL PROPAGATE AFTER ALL PARALLEL ARE DONE
CATCHING ABORT. WILL PROPAGATE AFTER ALL PARALLEL ARE DONE
CATCHING ABORT. WILL PROPAGATE AFTER ALL PARALLEL ARE DONE
CATCHING ABORT. WILL PROPAGATE AFTER ALL PARALLEL ARE DONE
CATCHING ABORT. WILL PROPAGATE AFTER ALL PARALLEL ARE DONE
CATCHING ABORT. WILL PROPAGATE AFTER ALL PARALLEL ARE DONE
CATCHING ABORT. WILL PROPAGATE AFTER ALL PARALLEL ARE DONE
CATCHING ABORT. WILL PROPAGATE AFTER ALL PARALLEL ARE DONE
CATCHING ABORT. WILL PROPAGATE AFTER ALL PARALLEL ARE DONE
CATCHING ABORT. WILL PROPAGATE AFTER ALL PARALLEL ARE DONE
CATCHING ABORT. WILL PROPAGATE AFTER ALL PARALLEL ARE DONE
CATCHING ABORT. WILL PROPAGATE AFTER ALL PARALLEL ARE DONE
CATCHING ABORT. WILL PROPAGATE AFTER ALL PARALLEL ARE DONE
CATCHING ABORT. WILL PROPAGATE AFTER ALL PARALLEL ARE DONE
CATCHING ABORT. WILL PROPAGATE AFTER ALL PARALLEL ARE DONE
CATCHING ABORT. WILL PROPAGATE AFTER ALL PARALLEL ARE DONE
CATCHING ABORT. WILL PROPAGATE AFTER ALL PARALLEL ARE DONE
CATCHING ABORT. WILL PROPAGATE AFTER ALL PARALLEL ARE DONE
CATCHING ABORT. WILL PROPAGATE AFTER ALL PARALLEL ARE DONE
catch abort
20240525-003119-1941 68361 * SendNext        (sync_transaction_bench_client. TXN was aborted. Need to retry. First backoff for milisecs: 2
NEW ORDER (parallel)
20240525-003119-1963 68361 * Begin           (client.cc:130):    Begin Transaction
Tx commit failed
ERROR:  restart transaction: TransactionRetryWithProtoRefreshError: TransactionRetryError: retry txn (RETRY_SERIALIZABLE - failed preemptive refresh due to a conflict: committed value on key /Table/113/1/4/0): "sql txn" meta={id=59b0a467 key=/Table/106/1/4/2/0 pri=0.06296895 epo=0 ts=1719297079.259009260,1 min=1719297079.196233026,0 seq=32} lock=true stat=PENDING rts=1719297079.196233026,0 wto=false gul=1719297079.696233026,0
HINT:  See: https://www.cockroachlabs.com/docs/v22.2/transaction-retry-error-reference.html#retry_serializable

20240525-003119-3681 68361 * SendNext        (sync_transaction_bench_client. TXN was aborted. Need to retry. First backoff for milisecs: 4
NEW ORDER (parallel)
20240525-003119-3724 68361 * Begin           (client.cc:130):    Begin Transaction
NEW ORDER (parallel)
20240525-003119-5503 68361 * Begin           (client.cc:130):    Begin Transaction
NEW ORDER (parallel)
20240525-003119-7096 68361 * Begin           (client.cc:130):    Begin Transaction
NEW ORDER (parallel)
20240525-003119-8153 68361 * Begin           (client.cc:130):    Begin Transaction
Tx commit failed
ERROR:  restart transaction: TransactionRetryWithProtoRefreshError: TransactionRetryError: retry txn (RETRY_SERIALIZABLE - failed preemptive refresh due to a conflict: committed value on key /Table/113/1/3/0): "sql txn" meta={id=9b70f97c key=/Table/106/1/3/1/0 pri=0.05522198 epo=0 ts=1719297079.876421081,1 min=1719297079.815357784,0 seq=18} lock=true stat=PENDING rts=1719297079.815357784,0 wto=false gul=1719297080.315357784,0
HINT:  See: https://www.cockroachlabs.com/docs/v22.2/transaction-retry-error-reference.html#retry_serializable

20240525-003119-9739 68361 * SendNext        (sync_transaction_bench_client. TXN was aborted. Need to retry. First backoff for milisecs: 2
NEW ORDER (parallel)
20240525-003119-9761 68361 * Begin           (client.cc:130):    Begin Transaction
Tx commit failed
ERROR:  restart transaction: TransactionRetryWithProtoRefreshError: TransactionRetryError: retry txn (RETRY_SERIALIZABLE - failed preemptive refresh due to a conflict: committed value on key /Table/113/1/3/0): "sql txn" meta={id=e5e8422e key=/Table/106/1/3/1/0 pri=0.03233952 epo=0 ts=1719297080.067286008,2 min=1719297079.975553316,0 seq=18} lock=true stat=PENDING rts=1719297079.975553316,0 wto=false gul=1719297080.475553316,0
HINT:  See: https://www.cockroachlabs.com/docs/v22.2/transaction-retry-error-reference.html#retry_serializable

20240525-003120-2237 68361 * SendNext        (sync_transaction_bench_client. TXN was aborted. Need to retry. First backoff for milisecs: 3
NEW ORDER (parallel)
20240525-003120-2270 68361 * Begin           (client.cc:130):    Begin Transaction
Tx commit failed
ERROR:  restart transaction: TransactionRetryWithProtoRefreshError: TransactionRetryError: retry txn (RETRY_SERIALIZABLE - failed preemptive refresh due to a conflict: committed value on key /Table/113/1/3/0): "sql txn" meta={id=1b9a6938 key=/Table/106/1/3/1/0 pri=0.00034757 epo=0 ts=1719297080.315860738,1 min=1719297080.226429469,0 seq=18} lock=true stat=PENDING rts=1719297080.226429469,0 wto=false gul=1719297080.726429469,0
HINT:  See: https://www.cockroachlabs.com/docs/v22.2/transaction-retry-error-reference.html#retry_serializable

20240525-003120-4758 68361 * SendNext        (sync_transaction_bench_client. TXN was aborted. Need to retry. First backoff for milisecs: 6
NEW ORDER (parallel)
20240525-003120-4820 68361 * Begin           (client.cc:130):    Begin Transaction
Tx commit failed
ERROR:  restart transaction: TransactionRetryWithProtoRefreshError: TransactionRetryError: retry txn (RETRY_SERIALIZABLE - failed preemptive refresh due to a conflict: committed value on key /Table/113/1/3/0): "sql txn" meta={id=bd38b019 key=/Table/106/1/3/1/0 pri=0.04037465 epo=0 ts=1719297080.685670880,1 min=1719297080.481459225,0 seq=18} lock=true stat=PENDING rts=1719297080.481459225,0 wto=false gul=1719297080.981459225,0
HINT:  See: https://www.cockroachlabs.com/docs/v22.2/transaction-retry-error-reference.html#retry_serializable

20240525-003120-8278 68361 * SendNext        (sync_transaction_bench_client. TXN was aborted. Need to retry. First backoff for milisecs: 14
NEW ORDER (parallel)
20240525-003120-8421 68361 * Begin           (client.cc:130):    Begin Transaction
Tx commit failed
ERROR:  restart transaction: TransactionRetryWithProtoRefreshError: TransactionRetryError: retry txn (RETRY_SERIALIZABLE - failed preemptive refresh due to a conflict: committed value on key /Table/113/1/3/0): "sql txn" meta={id=b43140b9 key=/Table/106/1/3/1/0 pri=0.00921497 epo=0 ts=1719297081.048716853,1 min=1719297080.842259518,0 seq=18} lock=true stat=PENDING rts=1719297080.842259518,0 wto=false gul=1719297081.342259518,0
HINT:  See: https://www.cockroachlabs.com/docs/v22.2/transaction-retry-error-reference.html#retry_serializable

20240525-003121-1423 68361 * SendNext        (sync_transaction_bench_client. TXN was aborted. Need to retry. First backoff for milisecs: 18
NEW ORDER (parallel)
20240525-003121-1605 68361 * Begin           (client.cc:130):    Begin Transaction
Tx commit failed
ERROR:  restart transaction: TransactionRetryWithProtoRefreshError: TransactionRetryError: retry txn (RETRY_SERIALIZABLE - failed preemptive refresh due to a conflict: committed value on key /Table/113/1/3/0): "sql txn" meta={id=1fceda55 key=/Table/106/1/3/1/0 pri=0.00033448 epo=0 ts=1719297081.450329335,1 min=1719297081.160053549,0 seq=18} lock=true stat=PENDING rts=1719297081.160053549,0 wto=false gul=1719297081.660053549,0
HINT:  See: https://www.cockroachlabs.com/docs/v22.2/transaction-retry-error-reference.html#retry_serializable

20240525-003121-5655 68361 * SendNext        (sync_transaction_bench_client. TXN was aborted. Need to retry. First backoff for milisecs: 37
NEW ORDER (parallel)
20240525-003121-6027 68361 * Begin           (client.cc:130):    Begin Transaction
Tx commit failed
ERROR:  restart transaction: TransactionRetryWithProtoRefreshError: TransactionRetryError: retry txn (RETRY_SERIALIZABLE - failed preemptive refresh due to a conflict: committed value on key /Table/113/1/3/0): "sql txn" meta={id=e3de0cd6 key=/Table/106/1/3/1/0 pri=0.01247250 epo=0 ts=1719297081.897741219,1 min=1719297081.603067390,0 seq=18} lock=true stat=PENDING rts=1719297081.603067390,0 wto=false gul=1719297082.103067390,0
HINT:  See: https://www.cockroachlabs.com/docs/v22.2/transaction-retry-error-reference.html#retry_serializable

20240525-003121-9915 68361 * SendNext        (sync_transaction_bench_client. TXN was aborted. Need to retry. First backoff for milisecs: 98
NEW ORDER (parallel)
20240525-003122-0897 68361 * Begin           (client.cc:130):    Begin Transaction
Tx commit failed
ERROR:  restart transaction: TransactionRetryWithProtoRefreshError: TransactionRetryError: retry txn (RETRY_SERIALIZABLE - failed preemptive refresh due to a conflict: committed value on key /Table/113/1/3/0): "sql txn" meta={id=360876f2 key=/Table/106/1/3/1/0 pri=0.04919306 epo=0 ts=1719297082.359569013,1 min=1719297082.089125028,0 seq=18} lock=true stat=PENDING rts=1719297082.089125028,0 wto=false gul=1719297082.589125028,0
HINT:  See: https://www.cockroachlabs.com/docs/v22.2/transaction-retry-error-reference.html#retry_serializable

20240525-003122-4543 68361 * SendNext        (sync_transaction_bench_client. TXN was aborted. Need to retry. First backoff for milisecs: 224
NEW ORDER (parallel)
20240525-003122-6785 68361 * Begin           (client.cc:130):    Begin Transaction
20240525-003122-7869 68361 * WarmupDone      (bench_client.cc:106): Completed warmup period of 5 seconds with 14 requests
Tx commit failed
ERROR:  restart transaction: TransactionRetryWithProtoRefreshError: TransactionRetryError: retry txn (RETRY_SERIALIZABLE - failed preemptive refresh due to a conflict: committed value on key /Table/113/1/3/0): "sql txn" meta={id=e2412c89 key=/Table/106/1/3/1/0 pri=0.01395983 epo=0 ts=1719297082.910464170,1 min=1719297082.678091032,0 seq=18} lock=true stat=PENDING rts=1719297082.678091032,0 wto=false gul=1719297083.178091032,0
HINT:  See: https://www.cockroachlabs.com/docs/v22.2/transaction-retry-error-reference.html#retry_serializable

20240525-003123-0214 68361 * SendNext        (sync_transaction_bench_client. TXN was aborted. Need to retry. First backoff for milisecs: 164
NEW ORDER (parallel)
20240525-003123-1856 68361 * Begin           (client.cc:130):    Begin Transaction
Tx commit failed
ERROR:  restart transaction: TransactionRetryWithProtoRefreshError: TransactionRetryError: retry txn (RETRY_SERIALIZABLE - failed preemptive refresh due to a conflict: committed value on key /Table/113/1/3/0): "sql txn" meta={id=35f88e4b key=/Table/106/1/3/1/0 pri=0.01682481 epo=0 ts=1719297083.699524941,1 min=1719297083.185157741,0 seq=18} lock=true stat=PENDING rts=1719297083.185157741,0 wto=false gul=1719297083.685157741,0
HINT:  See: https://www.cockroachlabs.com/docs/v22.2/transaction-retry-error-reference.html#retry_serializable

20240525-003123-7999 68361 * SendNext        (sync_transaction_bench_client. TXN was aborted. Need to retry. First backoff for milisecs: 213
NEW ORDER (parallel)
20240525-003124-0131 68361 * Begin           (client.cc:130):    Begin Transaction
Tx commit failed
ERROR:  restart transaction: TransactionRetryWithProtoRefreshError: TransactionRetryError: retry txn (RETRY_SERIALIZABLE - failed preemptive refresh due to a conflict: committed value on key /Table/113/1/3/0): "sql txn" meta={id=784e194f key=/Table/106/1/3/1/0 pri=0.02261340 epo=0 ts=1719297084.534467194,1 min=1719297084.012590604,0 seq=18} lock=true stat=PENDING rts=1719297084.012590604,0 wto=false gul=1719297084.512590604,0
HINT:  See: https://www.cockroachlabs.com/docs/v22.2/transaction-retry-error-reference.html#retry_serializable

20240525-003124-6373 68361 * SendNext        (sync_transaction_bench_client. TXN was aborted. Need to retry. First backoff for milisecs: 152
NEW ORDER (parallel)
20240525-003124-7895 68361 * Begin           (client.cc:130):    Begin Transaction
Tx commit failed
ERROR:  restart transaction: TransactionRetryWithProtoRefreshError: TransactionRetryError: retry txn (RETRY_SERIALIZABLE - failed preemptive refresh due to a conflict: committed value on key /Table/113/1/3/0): "sql txn" meta={id=10434b9b key=/Table/106/1/3/1/0 pri=0.00814022 epo=0 ts=1719297085.371172728,1 min=1719297084.788935092,0 seq=18} lock=true stat=PENDING rts=1719297084.788935092,0 wto=false gul=1719297085.288935092,0
HINT:  See: https://www.cockroachlabs.com/docs/v22.2/transaction-retry-error-reference.html#retry_serializable

20240525-003125-4833 68361 * SendNext        (sync_transaction_bench_client. TXN was aborted. Need to retry. First backoff for milisecs: 241
NEW ORDER (parallel)
20240525-003125-7245 68361 * Begin           (client.cc:130):    Begin Transaction
Tx commit failed
ERROR:  restart transaction: TransactionRetryWithProtoRefreshError: TransactionRetryError: retry txn (RETRY_SERIALIZABLE - failed preemptive refresh due to a conflict: committed value on key /Table/113/1/3/0): "sql txn" meta={id=c40edea4 key=/Table/106/1/3/1/0 pri=0.01562424 epo=0 ts=1719297086.659819538,1 min=1719297085.724119978,0 seq=18} lock=true stat=PENDING rts=1719297085.724119978,0 wto=false gul=1719297086.224119978,0
HINT:  See: https://www.cockroachlabs.com/docs/v22.2/transaction-retry-error-reference.html#retry_serializable

20240525-003126-8038 68361 * SendNext        (sync_transaction_bench_client. TXN was aborted. Need to retry. First backoff for milisecs: 216
NEW ORDER (parallel)
20240525-003127-0200 68361 * Begin           (client.cc:130):    Begin Transaction
Tx commit failed
ERROR:  restart transaction: TransactionRetryWithProtoRefreshError: TransactionRetryError: retry txn (RETRY_SERIALIZABLE - failed preemptive refresh due to a conflict: committed value on key /Table/113/1/3/0): "sql txn" meta={id=68a0fc7e key=/Table/106/1/3/1/0 pri=0.03446671 epo=0 ts=1719297088.198522147,1 min=1719297087.019595474,0 seq=18} lock=true stat=PENDING rts=1719297087.019595474,0 wto=false gul=1719297087.519595474,0
HINT:  See: https://www.cockroachlabs.com/docs/v22.2/transaction-retry-error-reference.html#retry_serializable

20240525-003128-3174 68361 * SendNext        (sync_transaction_bench_client. TXN was aborted. Need to retry. First backoff for milisecs: 232
NEW ORDER (parallel)
20240525-003128-5496 68361 * Begin           (client.cc:130):    Begin Transaction
Tx commit failed
ERROR:  restart transaction: TransactionRetryWithProtoRefreshError: TransactionRetryError: retry txn (RETRY_SERIALIZABLE - failed preemptive refresh due to a conflict: committed value on key /Table/113/1/3/0): "sql txn" meta={id=bf2cd3c6 key=/Table/106/1/3/1/0 pri=0.04706387 epo=0 ts=1719297090.339626861,2 min=1719297088.549337407,0 seq=18} lock=true stat=PENDING rts=1719297088.549337407,0 wto=false gul=1719297089.049337407,0
HINT:  See: https://www.cockroachlabs.com/docs/v22.2/transaction-retry-error-reference.html#retry_serializable

20240525-003130-5393 68361 * SendNext        (sync_transaction_bench_client. TXN was aborted. Need to retry. First backoff for milisecs: 197
NEW ORDER (parallel)
20240525-003130-7366 68361 * Begin           (client.cc:130):    Begin Transaction
Tx write transaction rollback
ERROR:  restart transaction: TransactionRetryWithProtoRefreshError: WriteTooOldError: write for key /Table/112/1/98272/3/0 at timestamp 1719297090.736093275,0 too old; wrote at 1719297090.843920418,1: "sql txn" meta={id=044fda66 key=/Table/106/1/3/1/0 pri=0.03755079 epo=0 ts=1719297092.538237312,2 min=1719297090.736093275,0 seq=14} lock=true stat=PENDING rts=1719297090.736093275,0 wto=false gul=1719297091.236093275,0
HINT:  See: https://www.cockroachlabs.com/docs/v22.2/transaction-retry-error-reference.html

catch abort
20240525-003132-8227 68361 * SendNext        (sync_transaction_bench_client. TXN was aborted. Need to retry. First backoff for milisecs: 218
NEW ORDER (parallel)
20240525-003133-0410 68361 * Begin           (client.cc:130):    Begin Transaction
Tx commit failed
ERROR:  restart transaction: TransactionRetryWithProtoRefreshError: TransactionRetryError: retry txn (RETRY_SERIALIZABLE - failed preemptive refresh due to a conflict: committed value on key /Table/113/1/3/0): "sql txn" meta={id=7621fcb9 key=/Table/106/1/3/1/0 pri=0.02165632 epo=0 ts=1719297095.002636052,3 min=1719297093.040446237,0 seq=18} lock=true stat=PENDING rts=1719297093.040446237,0 wto=false gul=1719297093.540446237,0
HINT:  See: https://www.cockroachlabs.com/docs/v22.2/transaction-retry-error-reference.html#retry_serializable

20240525-003135-2731 68361 * SendNext        (sync_transaction_bench_client. TXN was aborted. Need to retry. First backoff for milisecs: 244
NEW ORDER (parallel)
20240525-003135-5173 68361 * Begin           (client.cc:130):    Begin Transaction
Tx commit failed
ERROR:  restart transaction: TransactionRetryWithProtoRefreshError: TransactionRetryError: retry txn (RETRY_SERIALIZABLE - failed preemptive refresh due to a conflict: committed value on key /Table/113/1/3/0): "sql txn" meta={id=8e559261 key=/Table/106/1/3/1/0 pri=0.00018161 epo=0 ts=1719297097.720678773,1 min=1719297095.516870250,0 seq=18} lock=true stat=PENDING rts=1719297095.516870250,0 wto=false gul=1719297096.016870250,0
HINT:  See: https://www.cockroachlabs.com/docs/v22.2/transaction-retry-error-reference.html#retry_serializable

20240525-003137-8457 68361 * SendNext        (sync_transaction_bench_client. TXN was aborted. Need to retry. First backoff for milisecs: 211
NEW ORDER (parallel)
20240525-003138-0570 68361 * Begin           (client.cc:130):    Begin Transaction
Tx commit failed
ERROR:  restart transaction: TransactionRetryWithProtoRefreshError: TransactionRetryError: retry txn (RETRY_SERIALIZABLE - failed preemptive refresh due to a conflict: committed value on key /Table/113/1/3/0): "sql txn" meta={id=00ad1942 key=/Table/106/1/3/1/0 pri=0.00276449 epo=0 ts=1719297100.115275792,5 min=1719297098.056527073,0 seq=18} lock=true stat=PENDING rts=1719297098.056527073,0 wto=false gul=1719297098.556527073,0
HINT:  See: https://www.cockroachlabs.com/docs/v22.2/transaction-retry-error-reference.html#retry_serializable

20240525-003140-6668 68361 * SendNext        (sync_transaction_bench_client. TXN was aborted. Need to retry. First backoff for milisecs: 165
NEW ORDER (parallel)
20240525-003140-8321 68361 * Begin           (client.cc:130):    Begin Transaction
Tx write transaction rollback
ERROR:  restart transaction: TransactionRetryWithProtoRefreshError: WriteTooOldError: write for key /Table/106/1/3/1/0 at timestamp 1719297100.831843906,0 too old; wrote at 1719297101.019513238,3: "sql txn" meta={id=d1b782d8 key=/Table/106/1/3/1/0 pri=0.02656509 epo=0 ts=1719297101.019513238,3 min=1719297100.831843906,0 seq=0} lock=true stat=PENDING rts=1719297100.831843906,0 wto=false gul=1719297101.331843906,0
HINT:  See: https://www.cockroachlabs.com/docs/v22.2/transaction-retry-error-reference.html

CATCHING ABORT. WILL PROPAGATE AFTER ALL PARALLEL ARE DONE
CATCHING ABORT. WILL PROPAGATE AFTER ALL PARALLEL ARE DONE
CATCHING ABORT. WILL PROPAGATE AFTER ALL PARALLEL ARE DONE
CATCHING ABORT. WILL PROPAGATE AFTER ALL PARALLEL ARE DONE
CATCHING ABORT. WILL PROPAGATE AFTER ALL PARALLEL ARE DONE
CATCHING ABORT. WILL PROPAGATE AFTER ALL PARALLEL ARE DONE
CATCHING ABORT. WILL PROPAGATE AFTER ALL PARALLEL ARE DONE
CATCHING ABORT. WILL PROPAGATE AFTER ALL PARALLEL ARE DONE
CATCHING ABORT. WILL PROPAGATE AFTER ALL PARALLEL ARE DONE
CATCHING ABORT. WILL PROPAGATE AFTER ALL PARALLEL ARE DONE
CATCHING ABORT. WILL PROPAGATE AFTER ALL PARALLEL ARE DONE
CATCHING ABORT. WILL PROPAGATE AFTER ALL PARALLEL ARE DONE
CATCHING ABORT. WILL PROPAGATE AFTER ALL PARALLEL ARE DONE
CATCHING ABORT. WILL PROPAGATE AFTER ALL PARALLEL ARE DONE
catch abort
20240525-003141-3618 68361 * SendNext        (sync_transaction_bench_client. TXN was aborted. Need to retry. First backoff for milisecs: 236
NEW ORDER (parallel)
20240525-003141-5980 68361 * Begin           (client.cc:130):    Begin Transaction
Tx write transaction rollback
ERROR:  restart transaction: TransactionRetryWithProtoRefreshError: WriteTooOldError: write for key /Table/106/1/3/1/0 at timestamp 1719297101.597431684,0 too old; wrote at 1719297101.597431684,2: "sql txn" meta={id=83fc54cd key=/Table/106/1/3/1/0 pri=0.00039679 epo=0 ts=1719297101.597431684,2 min=1719297101.597431684,0 seq=0} lock=true stat=PENDING rts=1719297101.597431684,0 wto=false gul=1719297102.097431684,0
HINT:  See: https://www.cockroachlabs.com/docs/v22.2/transaction-retry-error-reference.html

CATCHING ABORT. WILL PROPAGATE AFTER ALL PARALLEL ARE DONE
CATCHING ABORT. WILL PROPAGATE AFTER ALL PARALLEL ARE DONE
CATCHING ABORT. WILL PROPAGATE AFTER ALL PARALLEL ARE DONE
CATCHING ABORT. WILL PROPAGATE AFTER ALL PARALLEL ARE DONE
CATCHING ABORT. WILL PROPAGATE AFTER ALL PARALLEL ARE DONE
CATCHING ABORT. WILL PROPAGATE AFTER ALL PARALLEL ARE DONE
CATCHING ABORT. WILL PROPAGATE AFTER ALL PARALLEL ARE DONE
CATCHING ABORT. WILL PROPAGATE AFTER ALL PARALLEL ARE DONE
CATCHING ABORT. WILL PROPAGATE AFTER ALL PARALLEL ARE DONE
CATCHING ABORT. WILL PROPAGATE AFTER ALL PARALLEL ARE DONE
CATCHING ABORT. WILL PROPAGATE AFTER ALL PARALLEL ARE DONE
CATCHING ABORT. WILL PROPAGATE AFTER ALL PARALLEL ARE DONE
CATCHING ABORT. WILL PROPAGATE AFTER ALL PARALLEL ARE DONE
CATCHING ABORT. WILL PROPAGATE AFTER ALL PARALLEL ARE DONE
catch abort
20240525-003141-6666 68361 * SendNext        (sync_transaction_bench_client. TXN was aborted. Need to retry. First backoff for milisecs: 212
NEW ORDER (parallel)
20240525-003141-8789 68361 * Begin           (client.cc:130):    Begin Transaction
Tx commit failed
ERROR:  restart transaction: TransactionRetryWithProtoRefreshError: TransactionRetryError: retry txn (RETRY_SERIALIZABLE - failed preemptive refresh due to a conflict: committed value on key /Table/113/1/3/0): "sql txn" meta={id=b75582fd key=/Table/106/1/3/1/0 pri=0.00454728 epo=0 ts=1719297103.125421209,1 min=1719297101.878341027,0 seq=18} lock=true stat=PENDING rts=1719297101.878341027,0 wto=false gul=1719297102.378341027,0
HINT:  See: https://www.cockroachlabs.com/docs/v22.2/transaction-retry-error-reference.html#retry_serializable

20240525-003143-2506 68361 * SendNext        (sync_transaction_bench_client. TXN was aborted. Need to retry. First backoff for milisecs: 133
NEW ORDER (parallel)
20240525-003143-3839 68361 * Begin           (client.cc:130):    Begin Transaction
Tx commit failed
ERROR:  restart transaction: TransactionRetryWithProtoRefreshError: TransactionRetryError: retry txn (RETRY_SERIALIZABLE - failed preemptive refresh due to a conflict: committed value on key /Table/113/1/3/0): "sql txn" meta={id=c8d22bf9 key=/Table/106/1/3/1/0 pri=0.00282815 epo=0 ts=1719297105.555262386,1 min=1719297103.383526438,0 seq=18} lock=true stat=PENDING rts=1719297103.383526438,0 wto=false gul=1719297103.883526438,0
HINT:  See: https://www.cockroachlabs.com/docs/v22.2/transaction-retry-error-reference.html#retry_serializable

20240525-003145-6673 68361 * SendNext        (sync_transaction_bench_client. TXN was aborted. Need to retry. First backoff for milisecs: 151
NEW ORDER (parallel)
20240525-003145-8186 68361 * Begin           (client.cc:130):    Begin Transaction
20240525-003147-0595 68361 * Cleanup         (benchmark.cc:1843): clean up with signal 0
Tx write transaction rollback
ERROR:  restart transaction: TransactionRetryWithProtoRefreshError: WriteTooOldError: write for key /Table/106/1/3/1/0 at timestamp 1719297105.818237249,0 too old; wrote at 1719297106.874171244,2: "sql txn" meta={id=79064752 key=/Table/106/1/3/1/0 pri=0.00015995 epo=0 ts=1719297106.874171244,2 min=1719297105.818237249,0 seq=0} lock=true stat=PENDING rts=1719297105.818237249,0 wto=false gul=1719297106.318237249,0
HINT:  See: https://www.cockroachlabs.com/docs/v22.2/transaction-retry-error-reference.html

CATCHING ABORT. WILL PROPAGATE AFTER ALL PARALLEL ARE DONE
CATCHING ABORT. WILL PROPAGATE AFTER ALL PARALLEL ARE DONE
CATCHING ABORT. WILL PROPAGATE AFTER ALL PARALLEL ARE DONE
CATCHING ABORT. WILL PROPAGATE AFTER ALL PARALLEL ARE DONE
CATCHING ABORT. WILL PROPAGATE AFTER ALL PARALLEL ARE DONE
CATCHING ABORT. WILL PROPAGATE AFTER ALL PARALLEL ARE DONE
CATCHING ABORT. WILL PROPAGATE AFTER ALL PARALLEL ARE DONE
CATCHING ABORT. WILL PROPAGATE AFTER ALL PARALLEL ARE DONE
CATCHING ABORT. WILL PROPAGATE AFTER ALL PARALLEL ARE DONE
CATCHING ABORT. WILL PROPAGATE AFTER ALL PARALLEL ARE DONE
CATCHING ABORT. WILL PROPAGATE AFTER ALL PARALLEL ARE DONE
CATCHING ABORT. WILL PROPAGATE AFTER ALL PARALLEL ARE DONE
CATCHING ABORT. WILL PROPAGATE AFTER ALL PARALLEL ARE DONE
CATCHING ABORT. WILL PROPAGATE AFTER ALL PARALLEL ARE DONE
catch abort
20240525-003147-1320 68361 * SendNext        (sync_transaction_bench_client. TXN was aborted. Need to retry. First backoff for milisecs: 246
NEW ORDER (parallel)
20240525-003147-3783 68361 * Begin           (client.cc:130):    Begin Transaction
Tx write transaction rollback
ERROR:  restart transaction: TransactionRetryWithProtoRefreshError: WriteTooOldError: write for key /Table/106/1/3/1/0 at timestamp 1719297107.377971429,0 too old; wrote at 1719297107.398966344,2: "sql txn" meta={id=5d802714 key=/Table/106/1/3/1/0 pri=0.02573640 epo=0 ts=1719297107.398966344,2 min=1719297107.377971429,0 seq=0} lock=true stat=PENDING rts=1719297107.377971429,0 wto=false gul=1719297107.877971429,0
HINT:  See: https://www.cockroachlabs.com/docs/v22.2/transaction-retry-error-reference.html

CATCHING ABORT. WILL PROPAGATE AFTER ALL PARALLEL ARE DONE
CATCHING ABORT. WILL PROPAGATE AFTER ALL PARALLEL ARE DONE
CATCHING ABORT. WILL PROPAGATE AFTER ALL PARALLEL ARE DONE
CATCHING ABORT. WILL PROPAGATE AFTER ALL PARALLEL ARE DONE
CATCHING ABORT. WILL PROPAGATE AFTER ALL PARALLEL ARE DONE
CATCHING ABORT. WILL PROPAGATE AFTER ALL PARALLEL ARE DONE
CATCHING ABORT. WILL PROPAGATE AFTER ALL PARALLEL ARE DONE
CATCHING ABORT. WILL PROPAGATE AFTER ALL PARALLEL ARE DONE
CATCHING ABORT. WILL PROPAGATE AFTER ALL PARALLEL ARE DONE
CATCHING ABORT. WILL PROPAGATE AFTER ALL PARALLEL ARE DONE
CATCHING ABORT. WILL PROPAGATE AFTER ALL PARALLEL ARE DONE
CATCHING ABORT. WILL PROPAGATE AFTER ALL PARALLEL ARE DONE
CATCHING ABORT. WILL PROPAGATE AFTER ALL PARALLEL ARE DONE
CATCHING ABORT. WILL PROPAGATE AFTER ALL PARALLEL ARE DONE
catch abort
20240525-003147-5343 68361 * SendNext        (sync_transaction_bench_client. TXN was aborted. Need to retry. First backoff for milisecs: 180
NEW ORDER (parallel)
20240525-003147-7146 68361 * Begin           (client.cc:130):    Begin Transaction
Tx write transaction rollback
ERROR:  restart transaction: TransactionRetryWithProtoRefreshError: WriteTooOldError: write for key /Table/106/1/3/1/0 at timestamp 1719297107.714008676,0 too old; wrote at 1719297107.772952977,2: "sql txn" meta={id=2d4b2c6a key=/Table/106/1/3/1/0 pri=0.02072975 epo=0 ts=1719297107.772952977,2 min=1719297107.714008676,0 seq=0} lock=true stat=PENDING rts=1719297107.714008676,0 wto=false gul=1719297108.214008676,0
HINT:  See: https://www.cockroachlabs.com/docs/v22.2/transaction-retry-error-reference.html

CATCHING ABORT. WILL PROPAGATE AFTER ALL PARALLEL ARE DONE
CATCHING ABORT. WILL PROPAGATE AFTER ALL PARALLEL ARE DONE
CATCHING ABORT. WILL PROPAGATE AFTER ALL PARALLEL ARE DONE
CATCHING ABORT. WILL PROPAGATE AFTER ALL PARALLEL ARE DONE
CATCHING ABORT. WILL PROPAGATE AFTER ALL PARALLEL ARE DONE
CATCHING ABORT. WILL PROPAGATE AFTER ALL PARALLEL ARE DONE
CATCHING ABORT. WILL PROPAGATE AFTER ALL PARALLEL ARE DONE
CATCHING ABORT. WILL PROPAGATE AFTER ALL PARALLEL ARE DONE
CATCHING ABORT. WILL PROPAGATE AFTER ALL PARALLEL ARE DONE
CATCHING ABORT. WILL PROPAGATE AFTER ALL PARALLEL ARE DONE
CATCHING ABORT. WILL PROPAGATE AFTER ALL PARALLEL ARE DONE
CATCHING ABORT. WILL PROPAGATE AFTER ALL PARALLEL ARE DONE
CATCHING ABORT. WILL PROPAGATE AFTER ALL PARALLEL ARE DONE
CATCHING ABORT. WILL PROPAGATE AFTER ALL PARALLEL ARE DONE
catch abort
20240525-003147-8469 68361 * SendNext        (sync_transaction_bench_client. TXN was aborted. Need to retry. First backoff for milisecs: 206
NEW ORDER (parallel)
20240525-003148-0531 68361 * Begin           (client.cc:130):    Begin Transaction
Tx commit failed
ERROR:  restart transaction: TransactionRetryWithProtoRefreshError: TransactionRetryError: retry txn (RETRY_SERIALIZABLE - failed preemptive refresh due to a conflict: committed value on key /Table/113/1/3/0): "sql txn" meta={id=4fc2b0e8 key=/Table/106/1/3/1/0 pri=0.04588366 epo=0 ts=1719297108.893658530,1 min=1719297108.052602454,0 seq=18} lock=true stat=PENDING rts=1719297108.052602454,0 wto=false gul=1719297108.552602454,0
HINT:  See: https://www.cockroachlabs.com/docs/v22.2/transaction-retry-error-reference.html#retry_serializable

20240525-003149-0160 68361 * SendNext        (sync_transaction_bench_client. TXN was aborted. Need to retry. First backoff for milisecs: 244
NEW ORDER (parallel)
20240525-003149-2603 68361 * Begin           (client.cc:130):    Begin Transaction
Tx write transaction rollback
ERROR:  restart transaction: TransactionRetryWithProtoRefreshError: WriteTooOldError: write for key /Table/106/1/3/1/0 at timestamp 1719297109.259805128,0 too old; wrote at 1719297110.006661104,3: "sql txn" meta={id=ee88fe38 key=/Table/106/1/3/1/0 pri=0.00100252 epo=0 ts=1719297110.006661104,3 min=1719297109.259805128,0 seq=0} lock=true stat=PENDING rts=1719297109.259805128,0 wto=false gul=1719297109.759805128,0
HINT:  See: https://www.cockroachlabs.com/docs/v22.2/transaction-retry-error-reference.html

CATCHING ABORT. WILL PROPAGATE AFTER ALL PARALLEL ARE DONE
CATCHING ABORT. WILL PROPAGATE AFTER ALL PARALLEL ARE DONE
CATCHING ABORT. WILL PROPAGATE AFTER ALL PARALLEL ARE DONE
CATCHING ABORT. WILL PROPAGATE AFTER ALL PARALLEL ARE DONE
CATCHING ABORT. WILL PROPAGATE AFTER ALL PARALLEL ARE DONE
CATCHING ABORT. WILL PROPAGATE AFTER ALL PARALLEL ARE DONE
CATCHING ABORT. WILL PROPAGATE AFTER ALL PARALLEL ARE DONE
CATCHING ABORT. WILL PROPAGATE AFTER ALL PARALLEL ARE DONE
CATCHING ABORT. WILL PROPAGATE AFTER ALL PARALLEL ARE DONE
CATCHING ABORT. WILL PROPAGATE AFTER ALL PARALLEL ARE DONE
CATCHING ABORT. WILL PROPAGATE AFTER ALL PARALLEL ARE DONE
CATCHING ABORT. WILL PROPAGATE AFTER ALL PARALLEL ARE DONE
CATCHING ABORT. WILL PROPAGATE AFTER ALL PARALLEL ARE DONE
CATCHING ABORT. WILL PROPAGATE AFTER ALL PARALLEL ARE DONE
catch abort
20240525-003150-2858 68361 * SendNext        (sync_transaction_bench_client. TXN was aborted. Need to retry. First backoff for milisecs: 231
NEW ORDER (parallel)
20240525-003150-5169 68361 * Begin           (client.cc:130):    Begin Transaction
20240525-003150-6154 68361 * IncrementSent   (bench_client.cc:196): Starting cooldown after 32 seconds.
20240525-003150-6155 68361 * Finish          (bench_client.cc:220): Completed 0 requests in 30.800233 seconds
PAYMENT (parallel)
20240525-003150-6155 68361 * Begin           (client.cc:130):    Begin Transaction
20240525-003150-6458 68361 * IncrementSent   (bench_client.cc:200): Finished cooldown after 32 seconds.
20240525-003150-6458 68361 * CooldownDone    (bench_client.cc:115): Finished cooldown period.
20240525-003150-6459 68361 * CooldownDone    (bench_client.cc:122): Median latency is 30800105992 ns (30 s)
20240525-003150-6459 68361 * CooldownDone    (bench_client.cc:130): Average latency is 30800105992 ns (30 s)
20240525-003150-6459 68361 * CooldownDone    (bench_client.cc:134): 90th percentile latency is 30800105992 ns (30 s)
20240525-003150-6459 68361 * CooldownDone    (bench_client.cc:138): 95th percentile latency is 30800105992 ns (30 s)
20240525-003150-6460 68361 * CooldownDone    (bench_client.cc:142): 99th percentile latency is 30800105992 ns (30 s)
20240525-003150-6460 68361 * LATENCY total: 30 s 30 s/1 ns 30 s (1 samples, 30 s total)
20240525-003150-6460 68361 *       17 s |          1 | =
Inserted events:
  0x617000000280 [fd  6] Read Persist Internal
Active events:
Inserted events:
  0x617000000280 [fd  6] Read Persist Internal
Active events:
20240525-003150-6470 68361 * Cleanup         (benchmark.cc:1874): Finished Cleanup. Exiting

=================================================================
==68361==ERROR: LeakSanitizer: detected memory leaks

Direct leak of 208 byte(s) in 1 object(s) allocated from:
    #0 0x561810f27737 in operator new(unsigned long) (/mnt/extra/indicus/bin/benchmark+0x3c6737)
    #1 0x561810e1c08e in main store/benchmark/async/benchmark.cc:1185
    #2 0x7eff915ed082 in __libc_start_main ../csu/libc-start.c:308

Direct leak of 64 byte(s) in 8 object(s) allocated from:
    #0 0x561810f27737 in operator new(unsigned long) (/mnt/extra/indicus/bin/benchmark+0x3c6737)
    #1 0x5618110025dd in ThreadPool::start(int, int, bool, bool, int) lib/threadpool.cc:222
    #2 0x561810feb1a1 in TCPTransport::TCPTransport(double, double, int, bool, int, int, bool, bool, int) lib/tcptransport.cc:170
    #3 0x561810e1b669 in main store/benchmark/async/benchmark.cc:1031
    #4 0x7eff915ed082 in __libc_start_main ../csu/libc-start.c:308

Indirect leak of 34 byte(s) in 1 object(s) allocated from:
    #0 0x561810f27737 in operator new(unsigned long) (/mnt/extra/indicus/bin/benchmark+0x3c6737)
    #1 0x56181101cffb in void std::__cxx11::basic_string<char, std::char_traits<char>, std::allocator<char> >::_M_construct<char*>(char*, char*, std::forward_iterator_tag) /usr/include/c++/9/bits/basic_string.tcc:219
    #2 0x56181130584f in void std::__cxx11::basic_string<char, std::char_traits<char>, std::allocator<char> >::_M_construct_aux<char*>(char*, char*, std::__false_type) /usr/include/c++/9/bits/basic_string.h:251
    #3 0x56181130584f in void std::__cxx11::basic_string<char, std::char_traits<char>, std::allocator<char> >::_M_construct<char*>(char*, char*) /usr/include/c++/9/bits/basic_string.h:270
    #4 0x56181130584f in std::__cxx11::basic_string<char, std::char_traits<char>, std::allocator<char> >::basic_string(std::__cxx11::basic_string<char, std::char_traits<char>, std::allocator<char> > const&) /usr/include/c++/9/bits/basic_string.h:455
    #5 0x56181130584f in KeyManager::KeyManager(std::__cxx11::basic_string<char, std::char_traits<char>, std::allocator<char> > const&, crypto::KeyType, bool, unsigned long, unsigned long, unsigned long) lib/keymanager.cc:35
    #6 0x561810e1c0e1 in main store/benchmark/async/benchmark.cc:1185
    #7 0x7eff915ed082 in __libc_start_main ../csu/libc-start.c:308

SUMMARY: AddressSanitizer: 306 byte(s) leaked in 10 allocation(s).
