payment,99661070,303136898293897,320
payment,67228661,303136965717961,320
payment,26395394,303136992258668,320
order_status,19929591,303137012249654,320
new_order,229798658,303137242109778,320
payment,139515159,303137381736508,320
payment,36748264,303137418605740,320
new_order,99404108,303137518151808,320
payment,35233945,303137553519238,320
new_order,86900220,303137640543321,320
new_order,171202772,303137811881724,320
delivery,28980666,303137840982574,320
delivery,35671520,303137876774699,320
delivery,44489742,303137921433835,320
delivery,30130013,303137951724016,320
delivery,33390736,303137985172628,320
delivery,29777129,303138015005144,320
delivery,30964910,303138046037314,320
delivery,29432297,303138075589790,320
delivery,31862355,303138107508585,320
delivery,28530808,303138136184777,320
payment,33177038,303138169506507,320
new_order,86642389,303138256274062,320
new_order,82568891,303138338939889,320
payment,72870947,303138411918765,320
new_order,113333740,303138525308478,320
new_order,58036701,303138583449516,320
new_order,144105376,303138727675322,320
new_order,210897804,303138938696127,320
new_order,80138589,303139018955783,320
stock_level,21518127,303139040596621,320
payment,36380659,303139077097756,320
payment,31661395,303139108887940,320
payment,31419306,303139140435069,320
new_order,132797594,303139273352837,320
new_order,106478024,303139379949731,320
new_order,70984867,303139450990359,320
new_order,92997131,303139544107253,320
new_order,60924250,303139605158797,320
new_order,116960550,303139722256070,320
new_order,179411878,303139901788563,320
new_order,121030831,303140022875086,320
new_order,233253765,303140256252203,320
new_order,69146863,303140325521419,320
payment,75644965,303140401224148,320
new_order,65511531,303140466791394,320
delivery,27114472,303140494039931,320
delivery,26503887,303140520599887,320
delivery,27793167,303140548457537,320
delivery,25788091,303140574301657,320
delivery,31781429,303140606203076,320
delivery,31252800,303140637592533,320
delivery,31265313,303140668977840,320
delivery,26811361,303140695909111,320
delivery,27175997,303140723205658,320
delivery,25579199,303140748906055,320
payment,25770309,303140774796292,320
payment,26891369,303140801808938,320
payment,25834734,303140827763672,320
stock_level,15442232,303140843325942,320
new_order,93847481,303140937229472,320
new_order,92219135,303141029575271,320
new_order,119543570,303141149175515,320
new_order,92374813,303141241673646,320
new_order,108400375,303141350193273,320
new_order,96135471,303141446397294,320
payment,22078872,303141468598406,320
stock_level,21848186,303141490566525,320
new_order,104127011,303141594813413,320
payment,22764734,303141617692741,320
payment,23281471,303141641114589,320
payment,23743261,303141664976886,320
new_order,96297596,303141761331409,320
new_order,107352692,303141868742873,320
new_order,52590517,303141921392239,320
payment,22508824,303141944020817,320
new_order,108407612,303142052549222,320
payment,21601201,303142074234084,320
new_order,104428862,303142178796335,320
payment,23827430,303142202679470,320
new_order,76644423,303142279442104,320
new_order,186163334,303142465661566,320
delivery,26683110,303142492402896,320
delivery,24734213,303142517259343,320
delivery,25229836,303142542609128,320
delivery,24530689,303142567196257,320
delivery,25174398,303142592487340,320
delivery,25291521,303142617904043,320
delivery,24827294,303142642852324,320
delivery,25351037,303142668323857,320
delivery,26270799,303142694716573,320
delivery,25356802,303142720129562,320
payment,28181240,303142748431383,320
payment,21994857,303142770546680,320
payment,23272397,303142793940249,320
new_order,1150861910,303143944857678,320
payment,24322830,303143969236249,320
payment,27179609,303143996537081,320
order_status,16039765,303144012696750,320
payment,26828101,303144039615237,320
order_status,17207449,303144056942856,320
new_order,81360467,303144138423181,320
payment,26720311,303144165263937,320
new_order,94660654,303144260045721,320
payment,27708908,303144287809796,320
payment,28646137,303144316576013,320
new_order,136896633,303144453593172,320
payment,26927407,303144480668467,320
payment,24123581,303144504912574,320
new_order,124397226,303144629430837,320
payment,59089492,303144688640103,320
stock_level,17039146,303144705799550,320
delivery,27988448,303144733907992,320
delivery,31784380,303144765812527,320
delivery,28523657,303144794468759,320
delivery,26839888,303144821429092,320
delivery,30155765,303144851705253,320
delivery,28380349,303144880205576,320
delivery,27229246,303144907555423,320
delivery,27282338,303144934958918,320
delivery,26720575,303144961799226,320
delivery,27749737,303144989669234,320
new_order,82209599,303145071999107,320
new_order,78037739,303145150156720,320
new_order,89640503,303145239880139,320
new_order,97133720,303145337133980,320
payment,24011011,303145361200828,320
payment,28952471,303145390273373,320
stock_level,89859430,303145480253164,320
payment,27193036,303145507590727,320
payment,31326249,303145539038098,320
payment,28926682,303145568104896,320
payment,26852813,303145595078058,320
payment,27202804,303145622401101,320
new_order,130141981,303145752599016,320
new_order,66710366,303145819429296,320
delivery,26496310,303145846009816,320
delivery,26069882,303145872200097,320
delivery,25069863,303145897389935,320
delivery,26952976,303145924463276,320
delivery,27225947,303145951809357,320
delivery,26907073,303145978836940,320
delivery,28410546,303146007302815,320
delivery,27422099,303146034844697,320
delivery,28077157,303146063040623,320
delivery,27254850,303146090361392,320
payment,29464040,303146119932955,320
order_status,16763246,303146136816451,320
payment,27216344,303146164153126,320
new_order,62654638,303146226928189,320
payment,35326883,303146262375312,320
payment,26869758,303146289365331,320
payment,28388688,303146317874013,320
payment,32369373,303146350363491,320
payment,23884705,303146374368366,320
payment,27884755,303146402373411,320
new_order,78256779,303146480750475,320
payment,30737555,303146511608090,320
payment,28554244,303146540281977,320
new_order,220197432,303146760599257,320
new_order,18788173843,303165548895977,320
#end,28,750327,320
