new_order,133442299,303136866976747,256
payment,28213366,303136895419389,256
payment,42064876,303136937541679,256
new_order,86089814,303137023688549,256
payment,48021170,303137071830447,256
new_order,132359897,303137204250679,256
payment,45785977,303137250144824,256
payment,28004149,303137278288933,256
payment,79474333,303137357883522,256
payment,73697113,303137431704530,256
payment,25920296,303137457733061,256
new_order,136759466,303137594613285,256
order_status,18661740,303137613331334,256
payment,26776734,303137640164420,256
new_order,145884640,303137786190544,256
new_order,87377111,303137873702083,256
payment,48352081,303137922176834,256
stock_level,118135094,303138040463906,256
new_order,126227086,303138166817932,256
payment,25924492,303138192798091,256
payment,25888316,303138218743322,256
payment,24928865,303138243728254,256
order_status,16783924,303138260637667,256
payment,34100204,303138294795128,256
payment,37685406,303138332536792,256
stock_level,20178681,303138352771481,256
payment,42595152,303138395457148,256
payment,77477945,303138472993739,256
new_order,122381949,303138595432159,256
stock_level,97129178,303138692684017,256
payment,32973245,303138725747385,256
payment,30606856,303138756475980,256
new_order,11135295528,303149891912375,256
stock_level,16532199,303149908583051,256
payment,30528364,303149939240617,256
new_order,84246274,303150023617469,256
order_status,18117478,303150041863832,256
payment,29398309,303150071390701,256
order_status,19324503,303150090843828,256
payment,26104838,303150117077986,256
payment,26012863,303150143220325,256
new_order,226675570,303150370025105,256
payment,123926447,303150494074464,256
payment,34063292,303150528266414,256
payment,26849556,303150555239697,256
new_order,118465223,303150673827350,256
payment,29617087,303150703567774,256
payment,29299383,303150732989924,256
payment,26397404,303150759509892,256
payment,30274889,303150789907512,256
new_order,117527330,303150907557794,256
stock_level,18012700,303150925693023,256
payment,27768601,303150953583984,256
stock_level,21955187,303150975662038,256
new_order,68165705,303151043884449,256
new_order,136876237,303151180883137,256
payment,28107412,303151209112811,256
new_order,102268805,303151311438313,256
new_order,98431920,303151409992617,256
payment,26984685,303151437108663,256
payment,27671955,303151464902979,256
payment,28873581,303151493899386,256
payment,40332827,303151534354709,256
new_order,106441882,303151640919707,256
new_order,120793972,303151761835813,256
new_order,116355818,303151878336669,256
new_order,73853518,303151952312491,256
new_order,119141030,303152071510599,256
payment,27966031,303152099598974,256
payment,27266416,303152126988241,256
payment,26549111,303152153660810,256
payment,28552932,303152182329088,256
new_order,72925074,303152255377228,256
new_order,107140068,303152362639717,256
payment,34158931,303152396921073,256
payment,28721963,303152425753541,256
payment,28061699,303152453937895,256
payment,30507045,303152484501271,256
new_order,131712131,303152616269825,256
new_order,75792322,303152692118494,256
new_order,106077423,303152798319055,256
payment,28172851,303152826614687,256
payment,28137305,303152854874184,256
payment,27341925,303152882272622,256
new_order,91173403,303152973502565,256
payment,27211807,303153000771602,256
new_order,121335760,303153122238148,256
new_order,67536820,303153189914081,256
payment,28512812,303153218549278,256
new_order,125974082,303153344646251,256
new_order,129817239,303153474586713,256
payment,27314062,303153502023465,256
new_order,146155285,303153648301241,256
payment,27874125,303153676305881,256
payment,26941466,303153703357576,256
payment,29899941,303153733380608,256
new_order,95389575,303153828892470,256
payment,26146114,303153855095673,256
new_order,111732939,303153966884922,256
payment,24918986,303153991860703,256
payment,25182864,303154017100499,256
payment,28120935,303154045344085,256
new_order,92826468,303154138293664,256
payment,28410670,303154166827231,256
payment,29411262,303154196360537,256
payment,28792278,303154225275169,256
payment,28188919,303154253591454,256
new_order,201718361,303154455378843,256
new_order,82101315,303154537600288,256
new_order,145692472,303154683348734,256
payment,27696657,303154711106936,256
payment,27588085,303154738816229,256
stock_level,21014339,303154759950982,256
new_order,155480484,303154915552168,256
payment,27459843,303154943144107,256
payment,28087226,303154971352205,256
payment,27160916,303154998633345,256
new_order,109232648,303155107985998,256
new_order,109071246,303155217177093,256
payment,29743914,303155246976948,256
payment,27195910,303155274293364,256
new_order,68732521,303155343146250,256
stock_level,24193266,303155367460381,256
new_order,94625374,303155462175649,256
new_order,82895015,303155545206339,256
new_order,114838388,303155660164962,256
new_order,135187940,303155795409090,256
new_order,106855285,303155902385185,256
payment,26020324,303155928487846,256
payment,26128245,303155954686504,256
new_order,66680119,303156021487859,256
payment,29234062,303156050842487,256
new_order,136873523,303156187836950,256
payment,29256478,303156217215533,256
order_status,18732305,303156236068187,256
new_order,66288915,303156302477166,256
new_order,133518240,303156436116118,256
payment,26735330,303156462972194,256
payment,28564645,303156491656896,256
payment,28575249,303156520288338,256
new_order,142596860,303156663006289,256
new_order,148057895,303156811187955,256
new_order,96095039,303156907446419,256
payment,30392495,303156937943087,256
new_order,100390944,303157038390886,256
stock_level,18087333,303157056598528,256
new_order,210791406,303157267510645,256
payment,29500425,303157297130799,256
stock_level,92747589,303157389998980,256
new_order,98176503,303157488295792,256
new_order,149647810,303157638064493,256
payment,28607223,303157666792397,256
new_order,114215149,303157781128739,256
order_status,18671391,303157799957625,256
#end,21,66542,256
