cpu_count  1 
get_nprocs  8 
starting client threadpool
Num_cpus: 8 
num hosts=24; num_threads=1
20240527-215410-3633 110621 * Client          (client.cc:84):     Site .liamcrdb.pequin-pg0.utah.cloudlab.us 

20240527-215410-3634 110621 * Client          (client.cc:88):     Connecting to gateway postgresql://root@us-east-1-0.liamcrdb.pequin-pg0.utah.cloudlab.us:7087/defaultdb?sslmode=disable
20240527-215410-3670 110621 * Client          (client.cc:112):    Connected successfully after 1 tries
20240527-215410-3671 110621 * Client          (client.cc:115):    Established TaoPQ connection to backend
20240527-215410-3671 110621 * Client          (client.cc:121):    Client successfully started
20240527-215410-3672 110621 * BenchmarkClient (bench_client.cc:56): Delay between requests: 2 ms
NEW ORDER
20240527-215410-3758 110621 * Begin           (client.cc:130):    Begin Transaction
catch abort
20240527-215410-4352 110621 * SendNext        (sync_transaction_bench_client. TXN was aborted. Need to retry. First backoff for milisecs: 5
NEW ORDER
20240527-215410-4403 110621 * Begin           (client.cc:130):    Begin Transaction
20240527-215410-4404 110621 PANIC Begin           (client.cc:133):    why is tr not nullptr???
20240527-215410-4408 110621 ! Backtrace       (message.cc:180):   /mnt/extra/indicus/bin/benchmark(+0x323e20) [0x556ed38cde20]
20240527-215410-4409 110621 ! Backtrace       (message.cc:180):   /mnt/extra/indicus/bin/benchmark(+0x47f37f) [0x556ed3a2937f]
20240527-215410-4409 110621 ! Backtrace       (message.cc:180):   /mnt/extra/indicus/bin/benchmark(+0x47f4cd) [0x556ed3a294cd]
20240527-215410-4410 110621 ! Backtrace       (message.cc:180):   /mnt/extra/indicus/bin/benchmark(+0x1158b9b) [0x556ed4702b9b]
20240527-215410-4410 110621 ! Backtrace       (message.cc:180):   /mnt/extra/indicus/bin/benchmark(+0x58b323) [0x556ed3b35323]
20240527-215410-4410 110621 ! Backtrace       (message.cc:180):   /mnt/extra/indicus/bin/benchmark(+0x11c0e0e) [0x556ed476ae0e]
20240527-215410-4411 110621 ! Backtrace       (message.cc:180):   /mnt/extra/indicus/bin/benchmark(+0x46c7a1) [0x556ed3a167a1]
20240527-215410-4411 110621 ! Backtrace       (message.cc:180):   /mnt/extra/indicus/bin/benchmark(+0x46de42) [0x556ed3a17e42]
20240527-215410-4412 110621 ! Backtrace       (message.cc:180):   /mnt/extra/indicus/bin/benchmark(+0x46589f) [0x556ed3a0f89f]
20240527-215410-4412 110621 ! Backtrace       (message.cc:180):   /mnt/extra/indicus/bin/benchmark(+0x408276) [0x556ed39b2276]
20240527-215410-4412 110621 ! Backtrace       (message.cc:180):   /lib/x86_64-linux-gnu/libstdc++.so.6(+0xd6de4) [0x7ff91b783de4]
20240527-215410-4413 110621 ! Backtrace       (message.cc:180):   /lib/x86_64-linux-gnu/libpthread.so.0(+0x8609) [0x7ff91d4b7609]
20240527-215410-4413 110621 ! Backtrace       (message.cc:180):   /lib/x86_64-linux-gnu/libc.so.6(clone+0x43) [0x7ff91b468133]
