cpu_count  1 
get_nprocs  8 
starting client threadpool
Num_cpus: 8 
num hosts=24; num_threads=1
20240527-215410-3633 110611 * Client          (client.cc:84):     Site .liamcrdb.pequin-pg0.utah.cloudlab.us 

20240527-215410-3634 110611 * Client          (client.cc:88):     Connecting to gateway postgresql://root@us-east-1-0.liamcrdb.pequin-pg0.utah.cloudlab.us:7087/defaultdb?sslmode=disable
20240527-215410-3669 110611 * Client          (client.cc:112):    Connected successfully after 1 tries
20240527-215410-3670 110611 * Client          (client.cc:115):    Established TaoPQ connection to backend
20240527-215410-3670 110611 * Client          (client.cc:121):    Client successfully started
20240527-215410-3671 110611 * BenchmarkClient (bench_client.cc:56): Delay between requests: 2 ms
NEW ORDER
20240527-215410-3756 110611 * Begin           (client.cc:130):    Begin Transaction
catch abort
20240527-215410-4484 110611 * SendNext        (sync_transaction_bench_client. TXN was aborted. Need to retry. First backoff for milisecs: 3
NEW ORDER
20240527-215410-4515 110611 * Begin           (client.cc:130):    Begin Transaction
20240527-215410-4516 110611 PANIC Begin           (client.cc:133):    why is tr not nullptr???
20240527-215410-4519 110611 ! Backtrace       (message.cc:180):   /mnt/extra/indicus/bin/benchmark(+0x323e20) [0x55ae5f285e20]
20240527-215410-4519 110611 ! Backtrace       (message.cc:180):   /mnt/extra/indicus/bin/benchmark(+0x47f37f) [0x55ae5f3e137f]
20240527-215410-4519 110611 ! Backtrace       (message.cc:180):   /mnt/extra/indicus/bin/benchmark(+0x47f4cd) [0x55ae5f3e14cd]
20240527-215410-4520 110611 ! Backtrace       (message.cc:180):   /mnt/extra/indicus/bin/benchmark(+0x1158b9b) [0x55ae600bab9b]
20240527-215410-4520 110611 ! Backtrace       (message.cc:180):   /mnt/extra/indicus/bin/benchmark(+0x58b323) [0x55ae5f4ed323]
20240527-215410-4520 110611 ! Backtrace       (message.cc:180):   /mnt/extra/indicus/bin/benchmark(+0x11c0e0e) [0x55ae60122e0e]
20240527-215410-4521 110611 ! Backtrace       (message.cc:180):   /mnt/extra/indicus/bin/benchmark(+0x46c7a1) [0x55ae5f3ce7a1]
20240527-215410-4521 110611 ! Backtrace       (message.cc:180):   /mnt/extra/indicus/bin/benchmark(+0x46de42) [0x55ae5f3cfe42]
20240527-215410-4521 110611 ! Backtrace       (message.cc:180):   /mnt/extra/indicus/bin/benchmark(+0x46589f) [0x55ae5f3c789f]
20240527-215410-4522 110611 ! Backtrace       (message.cc:180):   /mnt/extra/indicus/bin/benchmark(+0x408276) [0x55ae5f36a276]
20240527-215410-4522 110611 ! Backtrace       (message.cc:180):   /lib/x86_64-linux-gnu/libstdc++.so.6(+0xd6de4) [0x7fc272111de4]
20240527-215410-4522 110611 ! Backtrace       (message.cc:180):   /lib/x86_64-linux-gnu/libpthread.so.0(+0x8609) [0x7fc273e45609]
20240527-215410-4523 110611 ! Backtrace       (message.cc:180):   /lib/x86_64-linux-gnu/libc.so.6(clone+0x43) [0x7fc271df6133]
