cpu_count  1 
get_nprocs  8 
starting client threadpool
Num_cpus: 8 
num hosts=24; num_threads=1
20240527-215410-3633 110622 * Client          (client.cc:84):     Site .liamcrdb.pequin-pg0.utah.cloudlab.us 

20240527-215410-3635 110622 * Client          (client.cc:88):     Connecting to gateway postgresql://root@us-east-1-0.liamcrdb.pequin-pg0.utah.cloudlab.us:7087/defaultdb?sslmode=disable
20240527-215410-3671 110622 * Client          (client.cc:112):    Connected successfully after 1 tries
20240527-215410-3672 110622 * Client          (client.cc:115):    Established TaoPQ connection to backend
20240527-215410-3672 110622 * Client          (client.cc:121):    Client successfully started
20240527-215410-3673 110622 * BenchmarkClient (bench_client.cc:56): Delay between requests: 2 ms
PAYMENT
20240527-215410-3755 110622 * Begin           (client.cc:130):    Begin Transaction
catch abort
20240527-215410-4483 110622 * SendNext        (sync_transaction_bench_client. TXN was aborted. Need to retry. First backoff for milisecs: 5
PAYMENT
20240527-215410-4678 110622 * Begin           (client.cc:130):    Begin Transaction
20240527-215410-4679 110622 PANIC Begin           (client.cc:133):    why is tr not nullptr???
20240527-215410-4682 110622 ! Backtrace       (message.cc:180):   /mnt/extra/indicus/bin/benchmark(+0x323e20) [0x5619f7e9ce20]
20240527-215410-4682 110622 ! Backtrace       (message.cc:180):   /mnt/extra/indicus/bin/benchmark(+0x47f37f) [0x5619f7ff837f]
20240527-215410-4683 110622 ! Backtrace       (message.cc:180):   /mnt/extra/indicus/bin/benchmark(+0x47f4cd) [0x5619f7ff84cd]
20240527-215410-4683 110622 ! Backtrace       (message.cc:180):   /mnt/extra/indicus/bin/benchmark(+0x1158b9b) [0x5619f8cd1b9b]
20240527-215410-4683 110622 ! Backtrace       (message.cc:180):   /mnt/extra/indicus/bin/benchmark(+0x58b323) [0x5619f8104323]
20240527-215410-4683 110622 ! Backtrace       (message.cc:180):   /mnt/extra/indicus/bin/benchmark(+0x11cbaaf) [0x5619f8d44aaf]
20240527-215410-4683 110622 ! Backtrace       (message.cc:180):   /mnt/extra/indicus/bin/benchmark(+0x46c7a1) [0x5619f7fe57a1]
20240527-215410-4684 110622 ! Backtrace       (message.cc:180):   /mnt/extra/indicus/bin/benchmark(+0x46de42) [0x5619f7fe6e42]
20240527-215410-4684 110622 ! Backtrace       (message.cc:180):   /mnt/extra/indicus/bin/benchmark(+0x46589f) [0x5619f7fde89f]
20240527-215410-4684 110622 ! Backtrace       (message.cc:180):   /mnt/extra/indicus/bin/benchmark(+0x408276) [0x5619f7f81276]
20240527-215410-4684 110622 ! Backtrace       (message.cc:180):   /lib/x86_64-linux-gnu/libstdc++.so.6(+0xd6de4) [0x7f11078a1de4]
20240527-215410-4684 110622 ! Backtrace       (message.cc:180):   /lib/x86_64-linux-gnu/libpthread.so.0(+0x8609) [0x7f11095d5609]
20240527-215410-4684 110622 ! Backtrace       (message.cc:180):   /lib/x86_64-linux-gnu/libc.so.6(clone+0x43) [0x7f1107586133]
