cpu_count  1 
get_nprocs  8 
starting client threadpool
Num_cpus: 8 
num hosts=24; num_threads=1
20240525-131815-0013 73386 * Client          (client.cc:84):     Site .liamcrdb.pequin-pg0.utah.cloudlab.us 

20240525-131815-0015 73386 * Client          (client.cc:88):     Connecting to gateway postgresql://root@us-east-1-0.liamcrdb.pequin-pg0.utah.cloudlab.us:7087/defaultdb?sslmode=disable
20240525-131815-0054 73386 * Client          (client.cc:112):    Connected successfully after 1 tries
20240525-131815-0054 73386 * Client          (client.cc:115):    Established TaoPQ connection to backend
20240525-131815-0055 73386 * Client          (client.cc:121):    Client successfully started
20240525-131815-0055 73386 * BenchmarkClient (bench_client.cc:56): Delay between requests: 2 ms
NEW ORDER
20240525-131815-0138 73386 * Begin           (client.cc:130):    Begin Transaction
catch abort
20240525-131815-0418 73386 * SendNext        (sync_transaction_bench_client. TXN was aborted. Need to retry. First backoff for milisecs: 2
NEW ORDER
20240525-131815-0439 73386 * Begin           (client.cc:130):    Begin Transaction
20240525-131815-0439 73386 PANIC Begin           (client.cc:133):    why is tr not nullptr???
20240525-131815-0444 73386 ! Backtrace       (message.cc:180):   /mnt/extra/indicus/bin/benchmark(+0x323e20) [0x55fe553e0e20]
20240525-131815-0444 73386 ! Backtrace       (message.cc:180):   /mnt/extra/indicus/bin/benchmark(+0x47f37f) [0x55fe5553c37f]
20240525-131815-0444 73386 ! Backtrace       (message.cc:180):   /mnt/extra/indicus/bin/benchmark(+0x47f4cd) [0x55fe5553c4cd]
20240525-131815-0445 73386 ! Backtrace       (message.cc:180):   /mnt/extra/indicus/bin/benchmark(+0x1158b9b) [0x55fe56215b9b]
20240525-131815-0445 73386 ! Backtrace       (message.cc:180):   /mnt/extra/indicus/bin/benchmark(+0x58b323) [0x55fe55648323]
20240525-131815-0445 73386 ! Backtrace       (message.cc:180):   /mnt/extra/indicus/bin/benchmark(+0x11c0e0e) [0x55fe5627de0e]
20240525-131815-0446 73386 ! Backtrace       (message.cc:180):   /mnt/extra/indicus/bin/benchmark(+0x46c7a1) [0x55fe555297a1]
20240525-131815-0446 73386 ! Backtrace       (message.cc:180):   /mnt/extra/indicus/bin/benchmark(+0x46de42) [0x55fe5552ae42]
20240525-131815-0446 73386 ! Backtrace       (message.cc:180):   /mnt/extra/indicus/bin/benchmark(+0x46589f) [0x55fe5552289f]
20240525-131815-0447 73386 ! Backtrace       (message.cc:180):   /mnt/extra/indicus/bin/benchmark(+0x408276) [0x55fe554c5276]
20240525-131815-0447 73386 ! Backtrace       (message.cc:180):   /lib/x86_64-linux-gnu/libstdc++.so.6(+0xd6de4) [0x7fa0196f2de4]
20240525-131815-0447 73386 ! Backtrace       (message.cc:180):   /lib/x86_64-linux-gnu/libpthread.so.0(+0x8609) [0x7fa01b426609]
20240525-131815-0448 73386 ! Backtrace       (message.cc:180):   /lib/x86_64-linux-gnu/libc.so.6(clone+0x43) [0x7fa0193d7133]
