cpu_count  1 
get_nprocs  8 
starting client threadpool
Num_cpus: 8 
num hosts=24; num_threads=1
20240525-131815-0014 73385 * Client          (client.cc:84):     Site .liamcrdb.pequin-pg0.utah.cloudlab.us 

20240525-131815-0015 73385 * Client          (client.cc:88):     Connecting to gateway postgresql://root@us-east-1-0.liamcrdb.pequin-pg0.utah.cloudlab.us:7087/defaultdb?sslmode=disable
20240525-131815-0049 73385 * Client          (client.cc:112):    Connected successfully after 1 tries
20240525-131815-0050 73385 * Client          (client.cc:115):    Established TaoPQ connection to backend
20240525-131815-0050 73385 * Client          (client.cc:121):    Client successfully started
20240525-131815-0051 73385 * BenchmarkClient (bench_client.cc:56): Delay between requests: 2 ms
PAYMENT
20240525-131815-0133 73385 * Begin           (client.cc:130):    Begin Transaction
catch abort
20240525-131815-0399 73385 * SendNext        (sync_transaction_bench_client. TXN was aborted. Need to retry. First backoff for milisecs: 2
PAYMENT
20240525-131815-0421 73385 * Begin           (client.cc:130):    Begin Transaction
20240525-131815-0421 73385 PANIC Begin           (client.cc:133):    why is tr not nullptr???
20240525-131815-0424 73385 ! Backtrace       (message.cc:180):   /mnt/extra/indicus/bin/benchmark(+0x323e20) [0x55deaef37e20]
20240525-131815-0424 73385 ! Backtrace       (message.cc:180):   /mnt/extra/indicus/bin/benchmark(+0x47f37f) [0x55deaf09337f]
20240525-131815-0425 73385 ! Backtrace       (message.cc:180):   /mnt/extra/indicus/bin/benchmark(+0x47f4cd) [0x55deaf0934cd]
20240525-131815-0425 73385 ! Backtrace       (message.cc:180):   /mnt/extra/indicus/bin/benchmark(+0x1158b9b) [0x55deafd6cb9b]
20240525-131815-0425 73385 ! Backtrace       (message.cc:180):   /mnt/extra/indicus/bin/benchmark(+0x58b323) [0x55deaf19f323]
20240525-131815-0426 73385 ! Backtrace       (message.cc:180):   /mnt/extra/indicus/bin/benchmark(+0x11cbaaf) [0x55deafddfaaf]
20240525-131815-0426 73385 ! Backtrace       (message.cc:180):   /mnt/extra/indicus/bin/benchmark(+0x46c7a1) [0x55deaf0807a1]
20240525-131815-0426 73385 ! Backtrace       (message.cc:180):   /mnt/extra/indicus/bin/benchmark(+0x46de42) [0x55deaf081e42]
20240525-131815-0426 73385 ! Backtrace       (message.cc:180):   /mnt/extra/indicus/bin/benchmark(+0x46589f) [0x55deaf07989f]
20240525-131815-0427 73385 ! Backtrace       (message.cc:180):   /mnt/extra/indicus/bin/benchmark(+0x408276) [0x55deaf01c276]
20240525-131815-0427 73385 ! Backtrace       (message.cc:180):   /lib/x86_64-linux-gnu/libstdc++.so.6(+0xd6de4) [0x7f2c68d21de4]
20240525-131815-0428 73385 ! Backtrace       (message.cc:180):   /lib/x86_64-linux-gnu/libpthread.so.0(+0x8609) [0x7f2c6aa55609]
20240525-131815-0428 73385 ! Backtrace       (message.cc:180):   /lib/x86_64-linux-gnu/libc.so.6(clone+0x43) [0x7f2c68a06133]
