cpu_count  1 
get_nprocs  8 
starting client threadpool
Num_cpus: 8 
num hosts=24; num_threads=1
20240525-131815-0013 73377 * Client          (client.cc:84):     Site .liamcrdb.pequin-pg0.utah.cloudlab.us 

20240525-131815-0015 73377 * Client          (client.cc:88):     Connecting to gateway postgresql://root@us-east-1-0.liamcrdb.pequin-pg0.utah.cloudlab.us:7087/defaultdb?sslmode=disable
20240525-131815-0053 73377 * Client          (client.cc:112):    Connected successfully after 1 tries
20240525-131815-0053 73377 * Client          (client.cc:115):    Established TaoPQ connection to backend
20240525-131815-0054 73377 * Client          (client.cc:121):    Client successfully started
20240525-131815-0054 73377 * BenchmarkClient (bench_client.cc:56): Delay between requests: 2 ms
NEW ORDER
20240525-131815-0137 73377 * Begin           (client.cc:130):    Begin Transaction
catch abort
20240525-131815-0404 73377 * SendNext        (sync_transaction_bench_client. TXN was aborted. Need to retry. First backoff for milisecs: 1
NEW ORDER
20240525-131815-0416 73377 * Begin           (client.cc:130):    Begin Transaction
20240525-131815-0417 73377 PANIC Begin           (client.cc:133):    why is tr not nullptr???
20240525-131815-0422 73377 ! Backtrace       (message.cc:180):   /mnt/extra/indicus/bin/benchmark(+0x323e20) [0x557f234cce20]
20240525-131815-0422 73377 ! Backtrace       (message.cc:180):   /mnt/extra/indicus/bin/benchmark(+0x47f37f) [0x557f2362837f]
20240525-131815-0422 73377 ! Backtrace       (message.cc:180):   /mnt/extra/indicus/bin/benchmark(+0x47f4cd) [0x557f236284cd]
20240525-131815-0423 73377 ! Backtrace       (message.cc:180):   /mnt/extra/indicus/bin/benchmark(+0x1158b9b) [0x557f24301b9b]
20240525-131815-0423 73377 ! Backtrace       (message.cc:180):   /mnt/extra/indicus/bin/benchmark(+0x58b323) [0x557f23734323]
20240525-131815-0423 73377 ! Backtrace       (message.cc:180):   /mnt/extra/indicus/bin/benchmark(+0x11c0e0e) [0x557f24369e0e]
20240525-131815-0424 73377 ! Backtrace       (message.cc:180):   /mnt/extra/indicus/bin/benchmark(+0x46c7a1) [0x557f236157a1]
20240525-131815-0424 73377 ! Backtrace       (message.cc:180):   /mnt/extra/indicus/bin/benchmark(+0x46de42) [0x557f23616e42]
20240525-131815-0424 73377 ! Backtrace       (message.cc:180):   /mnt/extra/indicus/bin/benchmark(+0x46589f) [0x557f2360e89f]
20240525-131815-0425 73377 ! Backtrace       (message.cc:180):   /mnt/extra/indicus/bin/benchmark(+0x408276) [0x557f235b1276]
20240525-131815-0425 73377 ! Backtrace       (message.cc:180):   /lib/x86_64-linux-gnu/libstdc++.so.6(+0xd6de4) [0x7f9012bddde4]
20240525-131815-0426 73377 ! Backtrace       (message.cc:180):   /lib/x86_64-linux-gnu/libpthread.so.0(+0x8609) [0x7f9014911609]
20240525-131815-0426 73377 ! Backtrace       (message.cc:180):   /lib/x86_64-linux-gnu/libc.so.6(clone+0x43) [0x7f90128c2133]
