cpu_count  1 
get_nprocs  8 
starting client threadpool
Num_cpus: 8 
num hosts=24; num_threads=1
20240525-131815-0045 73381 * Client          (client.cc:84):     Site .liamcrdb.pequin-pg0.utah.cloudlab.us 

20240525-131815-0046 73381 * Client          (client.cc:88):     Connecting to gateway postgresql://root@us-east-1-0.liamcrdb.pequin-pg0.utah.cloudlab.us:7087/defaultdb?sslmode=disable
20240525-131815-0080 73381 * Client          (client.cc:112):    Connected successfully after 1 tries
20240525-131815-0081 73381 * Client          (client.cc:115):    Established TaoPQ connection to backend
20240525-131815-0081 73381 * Client          (client.cc:121):    Client successfully started
20240525-131815-0082 73381 * BenchmarkClient (bench_client.cc:56): Delay between requests: 2 ms
NEW ORDER
20240525-131815-0165 73381 * Begin           (client.cc:130):    Begin Transaction
catch abort
20240525-131815-0416 73381 * SendNext        (sync_transaction_bench_client. TXN was aborted. Need to retry. First backoff for milisecs: 1
NEW ORDER
20240525-131815-0427 73381 * Begin           (client.cc:130):    Begin Transaction
20240525-131815-0428 73381 PANIC Begin           (client.cc:133):    why is tr not nullptr???
20240525-131815-0432 73381 ! Backtrace       (message.cc:180):   /mnt/extra/indicus/bin/benchmark(+0x323e20) [0x55e6f29aee20]
20240525-131815-0432 73381 ! Backtrace       (message.cc:180):   /mnt/extra/indicus/bin/benchmark(+0x47f37f) [0x55e6f2b0a37f]
20240525-131815-0432 73381 ! Backtrace       (message.cc:180):   /mnt/extra/indicus/bin/benchmark(+0x47f4cd) [0x55e6f2b0a4cd]
20240525-131815-0433 73381 ! Backtrace       (message.cc:180):   /mnt/extra/indicus/bin/benchmark(+0x1158b9b) [0x55e6f37e3b9b]
20240525-131815-0433 73381 ! Backtrace       (message.cc:180):   /mnt/extra/indicus/bin/benchmark(+0x58b323) [0x55e6f2c16323]
20240525-131815-0433 73381 ! Backtrace       (message.cc:180):   /mnt/extra/indicus/bin/benchmark(+0x11c0e0e) [0x55e6f384be0e]
20240525-131815-0433 73381 ! Backtrace       (message.cc:180):   /mnt/extra/indicus/bin/benchmark(+0x46c7a1) [0x55e6f2af77a1]
20240525-131815-0434 73381 ! Backtrace       (message.cc:180):   /mnt/extra/indicus/bin/benchmark(+0x46de42) [0x55e6f2af8e42]
20240525-131815-0434 73381 ! Backtrace       (message.cc:180):   /mnt/extra/indicus/bin/benchmark(+0x46589f) [0x55e6f2af089f]
20240525-131815-0434 73381 ! Backtrace       (message.cc:180):   /mnt/extra/indicus/bin/benchmark(+0x408276) [0x55e6f2a93276]
20240525-131815-0435 73381 ! Backtrace       (message.cc:180):   /lib/x86_64-linux-gnu/libstdc++.so.6(+0xd6de4) [0x7ff719de7de4]
20240525-131815-0435 73381 ! Backtrace       (message.cc:180):   /lib/x86_64-linux-gnu/libpthread.so.0(+0x8609) [0x7ff71bb1b609]
20240525-131815-0435 73381 ! Backtrace       (message.cc:180):   /lib/x86_64-linux-gnu/libc.so.6(clone+0x43) [0x7ff719acc133]
