new_order,148244131,303135994472635,224
new_order,101308711,303136096020173,224
payment,27525946,303136123677800,224
order_status,19794994,303136143533310,224
payment,33987367,303136177625428,224
new_order,173352839,303136351109498,224
new_order,102962243,303136454202441,224
new_order,156912699,303136611243053,224
payment,30471443,303136641842012,224
payment,33915764,303136675819309,224
payment,28382675,303136704261343,224
order_status,18300353,303136722689959,224
payment,24337830,303136747156507,224
payment,32465087,303136779684561,224
new_order,86761421,303136866574865,224
payment,33469466,303136900158914,224
new_order,119576654,303137019799661,224
new_order,144983000,303137164915740,224
new_order,130380804,303137295438309,224
new_order,120380851,303137415933421,224
payment,40760051,303137456752405,224
new_order,166858997,303137623757974,224
order_status,17997999,303137641879827,224
new_order,130761203,303137772763807,224
payment,29239834,303137802061485,224
payment,30905300,303137833088319,224
payment,31707474,303137864917756,224
new_order,77718070,303137942758131,224
new_order,98368161,303138041254752,224
new_order,176638208,303138218014488,224
payment,30380387,303138248519525,224
new_order,392023517,303138640667863,224
new_order,60897924,303138701691936,224
new_order,108815843,303138810634434,224
new_order,69153415,303138879910419,224
new_order,55814158,303138935780897,224
payment,24535188,303138960461549,224
new_order,109354508,303139069872864,224
new_order,77116694,303139147111306,224
stock_level,15579405,303139162812681,224
payment,26019373,303139188954946,224
new_order,145626594,303139334701816,224
new_order,114172566,303139448998767,224
new_order,123530110,303139572660411,224
new_order,83170142,303139655965521,224
payment,30013026,303139686101138,224
payment,27040212,303139713263971,224
payment,36041599,303139749426582,224
new_order,101295533,303139850842511,224
payment,24130863,303139875072679,224
payment,24328375,303139899523089,224
payment,25182968,303139924864899,224
payment,25627730,303139950548533,224
order_status,15611080,303139966223529,224
new_order,88596352,303140054878640,224
new_order,103515271,303140158521584,224
new_order,69058311,303140227708107,224
new_order,124088520,303140351907248,224
payment,24224407,303140376255374,224
new_order,114905033,303140491281449,224
payment,26202542,303140517604843,224
payment,30926511,303140548587617,224
payment,22737209,303140571445987,224
new_order,66125646,303140637629679,224
payment,23464109,303140661214612,224
payment,24858628,303140686134826,224
new_order,24370560880,303165056824136,224
#end,29,210716,224
