new_order,144223470,303135938696677,128
payment,125381123,303136064263720,128
payment,40770108,303136105190023,128
payment,35252923,303136140576236,128
new_order,141833062,303136282538129,128
new_order,207632741,303136490301414,128
payment,28577898,303136519009231,128
new_order,144133669,303136663202566,128
payment,27464589,303136690794248,128
new_order,86954592,303136777809313,128
payment,33095402,303136811033099,128
payment,67433090,303136878589729,128
payment,37273903,303136915922344,128
new_order,137916525,303137053930610,128
new_order,238684441,303137292737371,128
order_status,17020072,303137309880128,128
new_order,126167866,303137436172300,128
payment,38324816,303137474556210,128
order_status,17031515,303137491646801,128
payment,27495736,303137519201096,128
new_order,144732088,303137663990460,128
payment,30854773,303137694967585,128
new_order,116166138,303137811218741,128
new_order,127360551,303137938701482,128
new_order,116394176,303138055220484,128
payment,34426105,303138089768738,128
stock_level,18755884,303138108593244,128
new_order,101004198,303138209719781,128
order_status,17024931,303138226866938,128
stock_level,20008793,303138246998008,128
new_order,98250337,303138345352868,128
payment,33722172,303138379131626,128
order_status,16379699,303138395633914,128
new_order,64324817,303138460017857,128
delivery,27482505,303138487625501,128
delivery,25618098,303138513301620,128
delivery,25429086,303138538832634,128
delivery,28248377,303138567203466,128
delivery,26869578,303138594195295,128
delivery,37654404,303138631905777,128
delivery,27127110,303138659155287,128
delivery,25732956,303138685010583,128
delivery,26103692,303138711170660,128
delivery,24502410,303138735732168,128
new_order,55826075,303138791680944,128
payment,24022042,303138815825295,128
delivery,26613933,303138842561079,128
delivery,24948937,303138867566630,128
delivery,25405697,303138893095657,128
delivery,26398252,303138919553192,128
delivery,27605416,303138947280886,128
delivery,27198292,303138974588967,128
delivery,26548529,303139001268658,128
delivery,26921724,303139028246552,128
delivery,27790945,303139056105238,128
delivery,28027988,303139084255526,128
payment,25335700,303139109713996,128
new_order,99410747,303139209184148,128
new_order,128540776,303139337846881,128
payment,44163330,303139382109948,128
new_order,88622951,303139470789431,128
new_order,93040649,303139563951971,128
new_order,127118148,303139691196813,128
payment,31041358,303139722361477,128
new_order,112873246,303139835356423,128
payment,25756776,303139861172694,128
payment,23697143,303139884926618,128
delivery,26661040,303139911710585,128
delivery,25080633,303139936870595,128
delivery,26167092,303139963161702,128
delivery,25023889,303139988242069,128
delivery,25235588,303140013600285,128
delivery,25987917,303140039647291,128
delivery,26484264,303140066254025,128
delivery,25372318,303140091683133,128
delivery,26079333,303140117884608,128
delivery,28379620,303140146331980,128
payment,25154350,303140171608840,128
new_order,115755333,303140287489320,128
payment,24933943,303140312546468,128
stock_level,21864259,303140334467454,128
new_order,113428527,303140448034715,128
new_order,84804670,303140532928644,128
new_order,117968473,303140650952809,128
payment,22734362,303140673743482,128
payment,22897721,303140696780154,128
payment,25974969,303140722811440,128
payment,25755453,303140748692422,128
new_order,60442190,303140809193677,128
payment,24446854,303140833763962,128
stock_level,21348123,303140855246551,128
new_order,94518003,303140949888162,128
new_order,77098027,303141027045748,128
new_order,104419832,303141131522689,128
new_order,64470235,303141196125894,128
stock_level,21417219,303141217671902,128
new_order,83521441,303141301277281,128
payment,24388409,303141325796300,128
payment,23472647,303141349391502,128
payment,25378441,303141374892229,128
new_order,110424695,303141485439405,128
order_status,17040052,303141502600919,128
new_order,123130144,303141625789809,128
payment,22797764,303141648709378,128
new_order,67454243,303141716220501,128
new_order,113653394,303141829932691,128
payment,24399625,303141854457919,128
new_order,102974116,303141957602803,128
new_order,1171507078,303143129236629,128
payment,26644678,303143155936972,128
order_status,18324956,303143174381707,128
new_order,86975349,303143261503342,128
payment,26428382,303143288053197,128
payment,26291708,303143314465360,128
new_order,73820381,303143388416065,128
delivery,26973476,303143415509830,128
delivery,26240848,303143441805903,128
delivery,25153806,303143467015358,128
delivery,29041333,303143496175769,128
delivery,25080797,303143521356393,128
delivery,25670567,303143547147847,128
delivery,58048130,303143605316105,128
delivery,26330228,303143631702100,128
delivery,25416865,303143657239879,128
delivery,27436866,303143684789305,128
new_order,115697379,303143800609671,128
payment,28650607,303143829380162,128
new_order,81299367,303143910800732,128
order_status,18223574,303143929145554,128
new_order,112558747,303144041851448,128
new_order,82093366,303144124065316,128
new_order,58937278,303144183134626,128
payment,28455022,303144211709993,128
stock_level,23050637,303144234880719,128
new_order,57335473,303144292272007,128
new_order,123589126,303144415983193,128
new_order,126441490,303144542545148,128
new_order,113013351,303144655681085,128
payment,24903329,303144680705246,128
payment,31866162,303144712692135,128
new_order,63896164,303144776709245,128
payment,28114558,303144804966274,128
new_order,97545195,303144902590500,128
new_order,61912849,303144964625900,128
payment,24973367,303144989719422,128
payment,25479908,303145015320687,128
new_order,21109870638,303166125311820,128
#end,30,330964,128
