new_order,419852803,303136134991354,208
order_status,19797621,303136154989072,208
payment,32739225,303136187800710,208
new_order,144291754,303136332230424,208
payment,33038150,303136365341680,208
new_order,159486635,303136524902518,208
delivery,31474641,303136556502631,208
delivery,31976781,303136588601888,208
delivery,34387978,303136623111654,208
delivery,33585047,303136656820523,208
delivery,37301782,303136694215419,208
delivery,30855236,303136725128906,208
delivery,31531614,303136756779957,208
delivery,29529199,303136786365597,208
delivery,30987559,303136817408966,208
delivery,29605393,303136847135313,208
new_order,78442739,303136925636470,208
new_order,299027649,303137224775608,208
new_order,132213513,303137357045012,208
new_order,59006916,303137416108665,208
order_status,18303371,303137434534075,208
payment,43627459,303137478295261,208
payment,32974762,303137511389305,208
new_order,125656596,303137637186314,208
new_order,27251071669,303164888377336,208
#end,29,173364,208
