new_order,107196124,303137964459711,112
new_order,106061221,303138070735418,112
payment,35621965,303138106479387,112
payment,48313862,303138154917446,112
payment,35599826,303138190573840,112
new_order,175301846,303138365934895,112
payment,33739871,303138399772293,112
payment,40498928,303138440379760,112
new_order,144363958,303138584864063,112
stock_level,18795635,303138603771900,112
stock_level,23016220,303138626924777,112
new_order,112947980,303138739992886,112
payment,35818772,303138775933894,112
new_order,65386572,303138841440033,112
payment,34571200,303138876165371,112
payment,40826129,303138917091735,112
payment,33890980,303138951103014,112
stock_level,20216325,303138971445533,112
new_order,103241381,303139074806943,112
payment,27880079,303139102744649,112
new_order,152773264,303139255630157,112
payment,24836637,303139280586765,112
stock_level,24508431,303139305164977,112
payment,33862851,303139339084384,112
order_status,19236291,303139358419619,112
payment,26311968,303139384851887,112
payment,25655970,303139410628268,112
payment,33942048,303139444690486,112
new_order,82398700,303139527232821,112
payment,82836507,303139610188781,112
new_order,122764172,303139733062579,112
payment,31785812,303139764990057,112
payment,46985502,303139812419448,112
new_order,119145484,303139931690184,112
stock_level,18848818,303139950658956,112
new_order,58459838,303140009229290,112
payment,31357038,303140040706009,112
payment,26461370,303140067224787,112
delivery,27312613,303140094657419,112
delivery,25787934,303140120565668,112
delivery,25571767,303140146203776,112
delivery,29809098,303140176185453,112
delivery,27978886,303140204286391,112
delivery,28306024,303140232701265,112
delivery,26503461,303140259326388,112
delivery,27451619,303140286854935,112
delivery,26075695,303140312988348,112
delivery,24540869,303140337585665,112
new_order,102944513,303140440651821,112
new_order,102793940,303140543580051,112
payment,23883003,303140567551630,112
payment,31705192,303140599364703,112
order_status,18920433,303140618340698,112
payment,40250775,303140658731968,112
new_order,93013032,303140751800931,112
payment,29772217,303140781681710,112
new_order,103103333,303140884905478,112
payment,26419567,303140911445836,112
new_order,121812234,303141033368172,112
new_order,69761377,303141103252160,112
payment,30082297,303141133406755,112
new_order,96186952,303141229708564,112
payment,22884051,303141252701899,112
payment,23864695,303141276686894,112
payment,68243209,303141345049631,112
payment,117902571,303141463011374,112
delivery,30714307,303141493845074,112
delivery,30420727,303141524386659,112
delivery,29622211,303141554108883,112
delivery,27458025,303141581686701,112
delivery,25094455,303141606904870,112
delivery,25105914,303141632066492,112
delivery,27263443,303141659449069,112
delivery,27972848,303141687484451,112
delivery,30022473,303141717571443,112
delivery,27400709,303141745114874,112
new_order,88598339,303141833832727,112
new_order,116103099,303141950061934,112
payment,64197484,303142014316393,112
payment,23106657,303142037480633,112
new_order,94485033,303142132021233,112
new_order,142677429,303142274756071,112
new_order,103087085,303142377898738,112
payment,22494855,303142400449068,112
payment,27433982,303142427938188,112
new_order,122811824,303142550805243,112
new_order,123638210,303142674498815,112
payment,24703462,303142699321520,112
order_status,16749382,303142716129826,112
payment,23785951,303142740035692,112
payment,38897342,303142779052843,112
order_status,16193117,303142795302523,112
new_order,111718651,303142907076593,112
stock_level,21802903,303142928999492,112
payment,24788663,303142953910502,112
new_order,53820796,303143007787480,112
payment,22557010,303143030465907,112
payment,22565209,303143053150886,112
new_order,59465583,303143112740794,112
new_order,88690223,303143201552805,112
payment,24040754,303143225713038,112
new_order,99648453,303143325481089,112
payment,26125635,303143351726716,112
new_order,77242957,303143429076648,112
payment,24593269,303143453725110,112
new_order,66544608,303143520391001,112
delivery,26653049,303143547162751,112
delivery,25086009,303143572377504,112
delivery,24948025,303143597434599,112
delivery,25165548,303143622720157,112
delivery,26115757,303143648958289,112
delivery,26834744,303143675912872,112
delivery,25429740,303143701462821,112
delivery,24352762,303143725935207,112
delivery,24570583,303143750625448,112
delivery,25478613,303143776223936,112
payment,23770967,303143800114781,112
payment,25828668,303143826063629,112
payment,25103139,303143851287008,112
new_order,122295329,303143973701831,112
new_order,1116746783,303145090568578,112
payment,28047974,303145118736376,112
new_order,56244680,303145175101041,112
payment,35144987,303145210365301,112
payment,33787692,303145244273108,112
payment,26291391,303145270684173,112
payment,27562307,303145298365895,112
delivery,26519399,303145324943204,112
delivery,27345287,303145352343920,112
delivery,27305375,303145379829956,112
delivery,27701086,303145407650800,112
delivery,24263102,303145432033197,112
delivery,26486894,303145458576015,112
delivery,26792241,303145485487550,112
delivery,26740211,303145512347629,112
delivery,27806598,303145540273566,112
delivery,24989034,303145565401062,112
payment,23645769,303145589166530,112
new_order,151037844,303145740324066,112
new_order,81826806,303145822208154,112
payment,58991986,303145881254868,112
payment,35276831,303145916587192,112
new_order,132607407,303146049341894,112
new_order,64899219,303146114360377,112
payment,26176918,303146140634970,112
payment,25965856,303146166734190,112
new_order,94180551,303146261037800,112
order_status,17320335,303146278470314,112
new_order,102151363,303146380741145,112
new_order,97268864,303146478129493,112
new_order,55764215,303146534013001,112
new_order,77399926,303146611532220,112
payment,25838421,303146637490204,112
new_order,116664182,303146754279659,112
payment,27673306,303146782092395,112
new_order,88962410,303146871173918,112
payment,28367204,303146899665114,112
payment,31630625,303146931415599,112
payment,27742382,303146959278272,112
new_order,98056547,303147057454147,112
new_order,61734402,303147119307957,112
new_order,144161751,303147263588599,112
payment,29500552,303147293211541,112
delivery,27648309,303147321011731,112
delivery,27727268,303147348794546,112
delivery,27268328,303147376183846,112
delivery,27588084,303147403891768,112
delivery,31076181,303147435099826,112
delivery,29826989,303147465045454,112
delivery,28213561,303147493356943,112
delivery,33726416,303147527203203,112
delivery,26754403,303147554076875,112
delivery,26382560,303147580579669,112
payment,28127801,303147608845857,112
payment,27693629,303147636658905,112
new_order,91665344,303147728443670,112
payment,29513917,303147758012834,112
new_order,138921092,303147896989877,112
payment,28097840,303147925217601,112
payment,27133480,303147952416789,112
delivery,29936779,303147982473227,112
delivery,28983225,303148011576482,112
delivery,33597372,303148045294064,112
delivery,31981278,303148077395641,112
delivery,30007065,303148107522496,112
delivery,29995940,303148137639007,112
delivery,31811661,303148169570650,112
delivery,30013776,303148199695489,112
delivery,32058527,303148231810780,112
delivery,29567156,303148261498166,112
payment,28672552,303148290294462,112
new_order,163607350,303148454021702,112
new_order,159958856,303148614100326,112
new_order,147582834,303148761803129,112
new_order,98141994,303148860065222,112
order_status,19825070,303148879998315,112
new_order,87654410,303148967772437,112
delivery,30944009,303148998772008,112
delivery,30827615,303149029719572,112
delivery,30513405,303149060355337,112
delivery,30644210,303149091121346,112
delivery,30364970,303149121606265,112
delivery,30538619,303149152264538,112
delivery,31086591,303149183470942,112
delivery,30492221,303149214083237,112
delivery,29882516,303149244085247,112
delivery,28203377,303149272408552,112
new_order,159971973,303149432436574,112
delivery,32082534,303149464637764,112
delivery,31729290,303149496488177,112
delivery,33828505,303149530456251,112
delivery,30348543,303149560924022,112
delivery,29420864,303149590400229,112
delivery,31098832,303149621597199,112
delivery,32274998,303149654011691,112
delivery,31433197,303149685564672,112
delivery,32242136,303149717926652,112
delivery,31823848,303149749869923,112
payment,28920303,303149778847450,112
new_order,127080153,303149906066461,112
new_order,104096768,303150010282251,112
stock_level,252735949,303150263137879,112
payment,29897466,303150293155449,112
payment,29876674,303150323151544,112
new_order,157344400,303150480560289,112
payment,33412670,303150514110664,112
new_order,98976768,303150613207131,112
order_status,21086820,303150634413695,112
new_order,122162159,303150756695326,112
payment,33953513,303150790768694,112
new_order,82499056,303150873386942,112
payment,32769820,303150906276022,112
stock_level,25875451,303150932206891,112
delivery,28590478,303150960917247,112
delivery,28855941,303150989897003,112
delivery,32600405,303151022555872,112
delivery,31054354,303151053729580,112
delivery,28800312,303151082672639,112
delivery,31117376,303151113910831,112
delivery,31634660,303151145666504,112
delivery,33086560,303151178872613,112
delivery,27101436,303151206104858,112
delivery,29166762,303151235359103,112
payment,30934598,303151266351547,112
payment,24251817,303151290658878,112
payment,34514134,303151325292815,112
payment,27123718,303151352537616,112
delivery,28235460,303151380914591,112
delivery,30620660,303151411663350,112
delivery,31746202,303151443508060,112
delivery,28476318,303151472114440,112
delivery,26661206,303151498895832,112
delivery,29324764,303151528278358,112
delivery,29878867,303151558280171,112
delivery,29248911,303151587649939,112
delivery,29645926,303151617427707,112
delivery,28773188,303151646363715,112
new_order,134504828,303151781012908,112
new_order,124730714,303151905863437,112
payment,30325633,303151936309199,112
payment,28302256,303151964735404,112
delivery,28924886,303151993820238,112
delivery,30750668,303152024710846,112
delivery,28689941,303152053527873,112
delivery,29122887,303152082771837,112
delivery,30924014,303152113815941,112
delivery,30404159,303152144275168,112
delivery,31833690,303152176211991,112
delivery,29395005,303152205727107,112
delivery,29807266,303152235655505,112
delivery,31354047,303152267129265,112
delivery,27789714,303152295039245,112
delivery,29124331,303152324282869,112
delivery,28623115,303152353038147,112
delivery,29846379,303152382940106,112
delivery,28408118,303152411467943,112
delivery,31866976,303152443454923,112
delivery,29074099,303152472648620,112
delivery,28459398,303152501229546,112
delivery,30332694,303152531683633,112
delivery,31150834,303152562953740,112
payment,28661007,303152591735027,112
payment,27118014,303152618973577,112
new_order,123349995,303152742444308,112
payment,26414880,303152769024863,112
payment,27195441,303152796336800,112
new_order,134196761,303152930589472,112
new_order,107708531,303153038421160,112
delivery,43094052,303153081635496,112
delivery,27909838,303153109664598,112
delivery,28723015,303153138517256,112
delivery,29005259,303153167642329,112
delivery,28859654,303153196621973,112
delivery,30781896,303153227527927,112
delivery,27702135,303153255349781,112
delivery,30082837,303153285555404,112
delivery,29552393,303153315229225,112
delivery,27627440,303153342977261,112
new_order,140868035,303153483965154,112
new_order,115517341,303153599601569,112
payment,29002091,303153628661465,112
new_order,126974381,303153755757178,112
delivery,30716498,303153786594884,112
delivery,31225653,303153817941358,112
delivery,31011730,303153849073233,112
delivery,28232755,303153877428303,112
delivery,29545556,303153907094606,112
delivery,29810082,303153937024838,112
delivery,30042024,303153967187201,112
delivery,30348716,303153997678780,112
delivery,31454351,303154029254894,112
delivery,29814964,303154059190715,112
new_order,134578015,303154193898873,112
new_order,88620632,303154282638953,112
stock_level,25109543,303154307868836,112
stock_level,17999335,303154325987325,112
order_status,20082457,303154346131021,112
stock_level,21561217,303154446830822,112
payment,30666838,303154477626880,112
payment,26890075,303154504638783,112
new_order,107066951,303154611867627,112
payment,27367105,303154639373625,112
payment,31171878,303154670665263,112
payment,27192823,303154697978146,112
delivery,28449498,303154726549154,112
delivery,28280412,303154754940452,112
delivery,28781832,303154783863654,112
delivery,29212581,303154813206398,112
delivery,30078869,303154843405628,112
delivery,27988172,303154871448477,112
delivery,27647817,303154899151581,112
delivery,32366624,303154931594148,112
delivery,29058502,303154960708542,112
delivery,28833839,303154989662005,112
payment,26172403,303155015954482,112
payment,25610004,303155041687410,112
payment,27072620,303155068844532,112
payment,27850855,303155096818138,112
new_order,124982825,303155221923274,112
payment,29427616,303155251470032,112
payment,28217454,303155279819520,112
payment,24809209,303155304736614,112
new_order,104889597,303155409756575,112
new_order,102107710,303155511984920,112
new_order,132161040,303155644266617,112
payment,28409546,303155672795826,112
new_order,118739579,303155791658497,112
new_order,63684202,303155855473052,112
new_order,77103853,303155932713113,112
payment,29092991,303155961884073,112
new_order,128459897,303156090464505,112
new_order,119225257,303156209745417,112
delivery,27613336,303156237477255,112
delivery,29176851,303156266779776,112
delivery,28666049,303156295565458,112
delivery,28983517,303156324669444,112
delivery,28550114,303156353274835,112
delivery,28643897,303156382040710,112
delivery,31630521,303156413818650,112
delivery,26965055,303156440903416,112
delivery,28230855,303156469190303,112
delivery,28596824,303156497907362,112
payment,27143462,303156525106289,112
new_order,142873586,303156668127553,112
order_status,18238605,303156686512560,112
payment,26084075,303156712715649,112
payment,28695256,303156741466886,112
new_order,143113571,303156884722465,112
payment,29253802,303156914095547,112
delivery,30358585,303156944577694,112
delivery,28986615,303156973699249,112
delivery,30819458,303157004638315,112
delivery,29619319,303157034380760,112
delivery,29942336,303157064455269,112
delivery,28872178,303157093446500,112
delivery,29165286,303157122732683,112
delivery,29975043,303157152826751,112
delivery,28317527,303157181270599,112
delivery,29426762,303157210823879,112
payment,25790318,303157236733705,112
payment,27638813,303157264492316,112
new_order,123699874,303157388585436,112
new_order,126896869,303157515545272,112
new_order,8766592194,303166282257651,112
#end,28,425127,112
