cpu_count  1 
get_nprocs  8 
starting client threadpool
Num_cpus: 8 
num hosts=24; num_threads=1
20240525-132703-7193 75179 * Client          (client.cc:84):     Site .liamcrdb.pequin-pg0.utah.cloudlab.us 

20240525-132703-7195 75179 * Client          (client.cc:88):     Connecting to gateway postgresql://root@us-east-1-0.liamcrdb.pequin-pg0.utah.cloudlab.us:7087/defaultdb?sslmode=disable
20240525-132703-7227 75179 * Client          (client.cc:112):    Connected successfully after 1 tries
20240525-132703-7228 75179 * Client          (client.cc:115):    Established TaoPQ connection to backend
20240525-132703-7228 75179 * Client          (client.cc:121):    Client successfully started
20240525-132703-7229 75179 * BenchmarkClient (bench_client.cc:56): Delay between requests: 2 ms
PAYMENT
20240525-132703-7311 75179 * Begin           (client.cc:130):    Begin Transaction
catch abort
20240525-132703-7694 75179 * SendNext        (sync_transaction_bench_client. TXN was aborted. Need to retry. First backoff for milisecs: 2
PAYMENT
20240525-132703-7715 75179 * Begin           (client.cc:130):    Begin Transaction
20240525-132703-7716 75179 PANIC Begin           (client.cc:133):    why is tr not nullptr???
20240525-132703-7721 75179 ! Backtrace       (message.cc:180):   /mnt/extra/indicus/bin/benchmark(+0x323e20) [0x55a1cf9ffe20]
20240525-132703-7722 75179 ! Backtrace       (message.cc:180):   /mnt/extra/indicus/bin/benchmark(+0x47f37f) [0x55a1cfb5b37f]
20240525-132703-7722 75179 ! Backtrace       (message.cc:180):   /mnt/extra/indicus/bin/benchmark(+0x47f4cd) [0x55a1cfb5b4cd]
20240525-132703-7722 75179 ! Backtrace       (message.cc:180):   /mnt/extra/indicus/bin/benchmark(+0x1158b9b) [0x55a1d0834b9b]
20240525-132703-7723 75179 ! Backtrace       (message.cc:180):   /mnt/extra/indicus/bin/benchmark(+0x58b323) [0x55a1cfc67323]
20240525-132703-7723 75179 ! Backtrace       (message.cc:180):   /mnt/extra/indicus/bin/benchmark(+0x11cbaaf) [0x55a1d08a7aaf]
20240525-132703-7723 75179 ! Backtrace       (message.cc:180):   /mnt/extra/indicus/bin/benchmark(+0x46c7a1) [0x55a1cfb487a1]
20240525-132703-7724 75179 ! Backtrace       (message.cc:180):   /mnt/extra/indicus/bin/benchmark(+0x46de42) [0x55a1cfb49e42]
20240525-132703-7724 75179 ! Backtrace       (message.cc:180):   /mnt/extra/indicus/bin/benchmark(+0x46589f) [0x55a1cfb4189f]
20240525-132703-7725 75179 ! Backtrace       (message.cc:180):   /mnt/extra/indicus/bin/benchmark(+0x408276) [0x55a1cfae4276]
20240525-132703-7725 75179 ! Backtrace       (message.cc:180):   /lib/x86_64-linux-gnu/libstdc++.so.6(+0xd6de4) [0x7f9383353de4]
20240525-132703-7726 75179 ! Backtrace       (message.cc:180):   /lib/x86_64-linux-gnu/libpthread.so.0(+0x8609) [0x7f9385087609]
20240525-132703-7726 75179 ! Backtrace       (message.cc:180):   /lib/x86_64-linux-gnu/libc.so.6(clone+0x43) [0x7f9383038133]
