cpu_count  1 
get_nprocs  8 
starting client threadpool
Num_cpus: 8 
num hosts=24; num_threads=1
20240525-132703-7136 75173 * Client          (client.cc:84):     Site .liamcrdb.pequin-pg0.utah.cloudlab.us 

20240525-132703-7138 75173 * Client          (client.cc:88):     Connecting to gateway postgresql://root@us-east-1-0.liamcrdb.pequin-pg0.utah.cloudlab.us:7087/defaultdb?sslmode=disable
20240525-132703-7175 75173 * Client          (client.cc:112):    Connected successfully after 1 tries
20240525-132703-7176 75173 * Client          (client.cc:115):    Established TaoPQ connection to backend
20240525-132703-7176 75173 * Client          (client.cc:121):    Client successfully started
20240525-132703-7177 75173 * BenchmarkClient (bench_client.cc:56): Delay between requests: 2 ms
NEW ORDER
20240525-132703-7263 75173 * Begin           (client.cc:130):    Begin Transaction
catch abort
20240525-132703-7689 75173 * SendNext        (sync_transaction_bench_client. TXN was aborted. Need to retry. First backoff for milisecs: 2
NEW ORDER
20240525-132703-7711 75173 * Begin           (client.cc:130):    Begin Transaction
20240525-132703-7712 75173 PANIC Begin           (client.cc:133):    why is tr not nullptr???
20240525-132703-7719 75173 ! Backtrace       (message.cc:180):   /mnt/extra/indicus/bin/benchmark(+0x323e20) [0x5587f939de20]
20240525-132703-7720 75173 ! Backtrace       (message.cc:180):   /mnt/extra/indicus/bin/benchmark(+0x47f37f) [0x5587f94f937f]
20240525-132703-7720 75173 ! Backtrace       (message.cc:180):   /mnt/extra/indicus/bin/benchmark(+0x47f4cd) [0x5587f94f94cd]
20240525-132703-7720 75173 ! Backtrace       (message.cc:180):   /mnt/extra/indicus/bin/benchmark(+0x1158b9b) [0x5587fa1d2b9b]
20240525-132703-7721 75173 ! Backtrace       (message.cc:180):   /mnt/extra/indicus/bin/benchmark(+0x58b323) [0x5587f9605323]
20240525-132703-7721 75173 ! Backtrace       (message.cc:180):   /mnt/extra/indicus/bin/benchmark(+0x11c0e0e) [0x5587fa23ae0e]
20240525-132703-7721 75173 ! Backtrace       (message.cc:180):   /mnt/extra/indicus/bin/benchmark(+0x46c7a1) [0x5587f94e67a1]
20240525-132703-7722 75173 ! Backtrace       (message.cc:180):   /mnt/extra/indicus/bin/benchmark(+0x46de42) [0x5587f94e7e42]
20240525-132703-7722 75173 ! Backtrace       (message.cc:180):   /mnt/extra/indicus/bin/benchmark(+0x46589f) [0x5587f94df89f]
20240525-132703-7722 75173 ! Backtrace       (message.cc:180):   /mnt/extra/indicus/bin/benchmark(+0x408276) [0x5587f9482276]
20240525-132703-7723 75173 ! Backtrace       (message.cc:180):   /lib/x86_64-linux-gnu/libstdc++.so.6(+0xd6de4) [0x7f57dd971de4]
20240525-132703-7723 75173 ! Backtrace       (message.cc:180):   /lib/x86_64-linux-gnu/libpthread.so.0(+0x8609) [0x7f57df6a5609]
20240525-132703-7723 75173 ! Backtrace       (message.cc:180):   /lib/x86_64-linux-gnu/libc.so.6(clone+0x43) [0x7f57dd656133]
