cpu_count  1 
get_nprocs  8 
starting client threadpool
Num_cpus: 8 
num hosts=24; num_threads=1
20240525-132703-7168 75181 * Client          (client.cc:84):     Site .liamcrdb.pequin-pg0.utah.cloudlab.us 

20240525-132703-7169 75181 * Client          (client.cc:88):     Connecting to gateway postgresql://root@us-east-1-0.liamcrdb.pequin-pg0.utah.cloudlab.us:7087/defaultdb?sslmode=disable
20240525-132703-7201 75181 * Client          (client.cc:112):    Connected successfully after 1 tries
20240525-132703-7202 75181 * Client          (client.cc:115):    Established TaoPQ connection to backend
20240525-132703-7202 75181 * Client          (client.cc:121):    Client successfully started
20240525-132703-7203 75181 * BenchmarkClient (bench_client.cc:56): Delay between requests: 2 ms
PAYMENT
20240525-132703-7287 75181 * Begin           (client.cc:130):    Begin Transaction
catch abort
20240525-132703-7678 75181 * SendNext        (sync_transaction_bench_client. TXN was aborted. Need to retry. First backoff for milisecs: 1
PAYMENT
20240525-132703-7691 75181 * Begin           (client.cc:130):    Begin Transaction
20240525-132703-7692 75181 PANIC Begin           (client.cc:133):    why is tr not nullptr???
20240525-132703-7697 75181 ! Backtrace       (message.cc:180):   /mnt/extra/indicus/bin/benchmark(+0x323e20) [0x5616a85f5e20]
20240525-132703-7697 75181 ! Backtrace       (message.cc:180):   /mnt/extra/indicus/bin/benchmark(+0x47f37f) [0x5616a875137f]
20240525-132703-7698 75181 ! Backtrace       (message.cc:180):   /mnt/extra/indicus/bin/benchmark(+0x47f4cd) [0x5616a87514cd]
20240525-132703-7698 75181 ! Backtrace       (message.cc:180):   /mnt/extra/indicus/bin/benchmark(+0x1158b9b) [0x5616a942ab9b]
20240525-132703-7698 75181 ! Backtrace       (message.cc:180):   /mnt/extra/indicus/bin/benchmark(+0x58b323) [0x5616a885d323]
20240525-132703-7699 75181 ! Backtrace       (message.cc:180):   /mnt/extra/indicus/bin/benchmark(+0x11cbaaf) [0x5616a949daaf]
20240525-132703-7699 75181 ! Backtrace       (message.cc:180):   /mnt/extra/indicus/bin/benchmark(+0x46c7a1) [0x5616a873e7a1]
20240525-132703-7699 75181 ! Backtrace       (message.cc:180):   /mnt/extra/indicus/bin/benchmark(+0x46de42) [0x5616a873fe42]
20240525-132703-7700 75181 ! Backtrace       (message.cc:180):   /mnt/extra/indicus/bin/benchmark(+0x46589f) [0x5616a873789f]
20240525-132703-7700 75181 ! Backtrace       (message.cc:180):   /mnt/extra/indicus/bin/benchmark(+0x408276) [0x5616a86da276]
20240525-132703-7700 75181 ! Backtrace       (message.cc:180):   /lib/x86_64-linux-gnu/libstdc++.so.6(+0xd6de4) [0x7f2a9c38cde4]
20240525-132703-7700 75181 ! Backtrace       (message.cc:180):   /lib/x86_64-linux-gnu/libpthread.so.0(+0x8609) [0x7f2a9e0c0609]
20240525-132703-7701 75181 ! Backtrace       (message.cc:180):   /lib/x86_64-linux-gnu/libc.so.6(clone+0x43) [0x7f2a9c071133]
