cpu_count  1 
get_nprocs  8 
starting client threadpool
Num_cpus: 8 
num hosts=24; num_threads=1
20240525-132703-7186 75177 * Client          (client.cc:84):     Site .liamcrdb.pequin-pg0.utah.cloudlab.us 

20240525-132703-7188 75177 * Client          (client.cc:88):     Connecting to gateway postgresql://root@us-east-1-0.liamcrdb.pequin-pg0.utah.cloudlab.us:7087/defaultdb?sslmode=disable
20240525-132703-7233 75177 * Client          (client.cc:112):    Connected successfully after 1 tries
20240525-132703-7234 75177 * Client          (client.cc:115):    Established TaoPQ connection to backend
20240525-132703-7234 75177 * Client          (client.cc:121):    Client successfully started
20240525-132703-7236 75177 * BenchmarkClient (bench_client.cc:56): Delay between requests: 2 ms
PAYMENT
20240525-132703-7320 75177 * Begin           (client.cc:130):    Begin Transaction
catch abort
20240525-132703-7677 75177 * SendNext        (sync_transaction_bench_client. TXN was aborted. Need to retry. First backoff for milisecs: 1
PAYMENT
20240525-132703-7690 75177 * Begin           (client.cc:130):    Begin Transaction
20240525-132703-7691 75177 PANIC Begin           (client.cc:133):    why is tr not nullptr???
20240525-132703-7698 75177 ! Backtrace       (message.cc:180):   /mnt/extra/indicus/bin/benchmark(+0x323e20) [0x556ad2c38e20]
20240525-132703-7699 75177 ! Backtrace       (message.cc:180):   /mnt/extra/indicus/bin/benchmark(+0x47f37f) [0x556ad2d9437f]
20240525-132703-7699 75177 ! Backtrace       (message.cc:180):   /mnt/extra/indicus/bin/benchmark(+0x47f4cd) [0x556ad2d944cd]
20240525-132703-7699 75177 ! Backtrace       (message.cc:180):   /mnt/extra/indicus/bin/benchmark(+0x1158b9b) [0x556ad3a6db9b]
20240525-132703-7700 75177 ! Backtrace       (message.cc:180):   /mnt/extra/indicus/bin/benchmark(+0x58b323) [0x556ad2ea0323]
20240525-132703-7700 75177 ! Backtrace       (message.cc:180):   /mnt/extra/indicus/bin/benchmark(+0x11cbaaf) [0x556ad3ae0aaf]
20240525-132703-7701 75177 ! Backtrace       (message.cc:180):   /mnt/extra/indicus/bin/benchmark(+0x46c7a1) [0x556ad2d817a1]
20240525-132703-7701 75177 ! Backtrace       (message.cc:180):   /mnt/extra/indicus/bin/benchmark(+0x46de42) [0x556ad2d82e42]
20240525-132703-7702 75177 ! Backtrace       (message.cc:180):   /mnt/extra/indicus/bin/benchmark(+0x46589f) [0x556ad2d7a89f]
20240525-132703-7702 75177 ! Backtrace       (message.cc:180):   /mnt/extra/indicus/bin/benchmark(+0x408276) [0x556ad2d1d276]
20240525-132703-7703 75177 ! Backtrace       (message.cc:180):   /lib/x86_64-linux-gnu/libstdc++.so.6(+0xd6de4) [0x7f6e15f1bde4]
20240525-132703-7703 75177 ! Backtrace       (message.cc:180):   /lib/x86_64-linux-gnu/libpthread.so.0(+0x8609) [0x7f6e17c4f609]
20240525-132703-7704 75177 ! Backtrace       (message.cc:180):   /lib/x86_64-linux-gnu/libc.so.6(clone+0x43) [0x7f6e15c00133]
