cpu_count  1 
get_nprocs  8 
starting client threadpool
Num_cpus: 8 
num hosts=24; num_threads=1
20240525-132703-7136 75169 * Client          (client.cc:84):     Site .liamcrdb.pequin-pg0.utah.cloudlab.us 

20240525-132703-7137 75169 * Client          (client.cc:88):     Connecting to gateway postgresql://root@us-east-1-0.liamcrdb.pequin-pg0.utah.cloudlab.us:7087/defaultdb?sslmode=disable
20240525-132703-7173 75169 * Client          (client.cc:112):    Connected successfully after 1 tries
20240525-132703-7174 75169 * Client          (client.cc:115):    Established TaoPQ connection to backend
20240525-132703-7174 75169 * Client          (client.cc:121):    Client successfully started
20240525-132703-7174 75169 * BenchmarkClient (bench_client.cc:56): Delay between requests: 2 ms
PAYMENT
20240525-132703-7258 75169 * Begin           (client.cc:130):    Begin Transaction
catch abort
20240525-132703-7694 75169 * SendNext        (sync_transaction_bench_client. TXN was aborted. Need to retry. First backoff for milisecs: 2
PAYMENT
20240525-132703-7715 75169 * Begin           (client.cc:130):    Begin Transaction
20240525-132703-7716 75169 PANIC Begin           (client.cc:133):    why is tr not nullptr???
20240525-132703-7720 75169 ! Backtrace       (message.cc:180):   /mnt/extra/indicus/bin/benchmark(+0x323e20) [0x56488401be20]
20240525-132703-7721 75169 ! Backtrace       (message.cc:180):   /mnt/extra/indicus/bin/benchmark(+0x47f37f) [0x56488417737f]
20240525-132703-7721 75169 ! Backtrace       (message.cc:180):   /mnt/extra/indicus/bin/benchmark(+0x47f4cd) [0x5648841774cd]
20240525-132703-7721 75169 ! Backtrace       (message.cc:180):   /mnt/extra/indicus/bin/benchmark(+0x1158b9b) [0x564884e50b9b]
20240525-132703-7722 75169 ! Backtrace       (message.cc:180):   /mnt/extra/indicus/bin/benchmark(+0x58b323) [0x564884283323]
20240525-132703-7722 75169 ! Backtrace       (message.cc:180):   /mnt/extra/indicus/bin/benchmark(+0x11cbaaf) [0x564884ec3aaf]
20240525-132703-7723 75169 ! Backtrace       (message.cc:180):   /mnt/extra/indicus/bin/benchmark(+0x46c7a1) [0x5648841647a1]
20240525-132703-7723 75169 ! Backtrace       (message.cc:180):   /mnt/extra/indicus/bin/benchmark(+0x46de42) [0x564884165e42]
20240525-132703-7723 75169 ! Backtrace       (message.cc:180):   /mnt/extra/indicus/bin/benchmark(+0x46589f) [0x56488415d89f]
20240525-132703-7723 75169 ! Backtrace       (message.cc:180):   /mnt/extra/indicus/bin/benchmark(+0x408276) [0x564884100276]
20240525-132703-7724 75169 ! Backtrace       (message.cc:180):   /lib/x86_64-linux-gnu/libstdc++.so.6(+0xd6de4) [0x7f1addb6ede4]
20240525-132703-7724 75169 ! Backtrace       (message.cc:180):   /lib/x86_64-linux-gnu/libpthread.so.0(+0x8609) [0x7f1adf8a2609]
20240525-132703-7725 75169 ! Backtrace       (message.cc:180):   /lib/x86_64-linux-gnu/libc.so.6(clone+0x43) [0x7f1add853133]
