cpu_count  1 
get_nprocs  8 
starting client threadpool
Num_cpus: 8 
num hosts=24; num_threads=1
20240525-131814-9851 74393 * Client          (client.cc:84):     Site .liamcrdb.pequin-pg0.utah.cloudlab.us 

20240525-131814-9852 74393 * Client          (client.cc:88):     Connecting to gateway postgresql://root@us-east-1-0.liamcrdb.pequin-pg0.utah.cloudlab.us:7087/defaultdb?sslmode=disable
20240525-131814-9890 74393 * Client          (client.cc:112):    Connected successfully after 1 tries
20240525-131814-9890 74393 * Client          (client.cc:115):    Established TaoPQ connection to backend
20240525-131814-9891 74393 * Client          (client.cc:121):    Client successfully started
20240525-131814-9892 74393 * BenchmarkClient (bench_client.cc:56): Delay between requests: 2 ms
PAYMENT
20240525-131814-9977 74393 * Begin           (client.cc:130):    Begin Transaction
catch abort
20240525-131815-0420 74393 * SendNext        (sync_transaction_bench_client. TXN was aborted. Need to retry. First backoff for milisecs: 1
PAYMENT
20240525-131815-0432 74393 * Begin           (client.cc:130):    Begin Transaction
20240525-131815-0433 74393 PANIC Begin           (client.cc:133):    why is tr not nullptr???
20240525-131815-0439 74393 ! Backtrace       (message.cc:180):   /mnt/extra/indicus/bin/benchmark(+0x323e20) [0x561ea9b88e20]
20240525-131815-0440 74393 ! Backtrace       (message.cc:180):   /mnt/extra/indicus/bin/benchmark(+0x47f37f) [0x561ea9ce437f]
20240525-131815-0440 74393 ! Backtrace       (message.cc:180):   /mnt/extra/indicus/bin/benchmark(+0x47f4cd) [0x561ea9ce44cd]
20240525-131815-0440 74393 ! Backtrace       (message.cc:180):   /mnt/extra/indicus/bin/benchmark(+0x1158b9b) [0x561eaa9bdb9b]
20240525-131815-0441 74393 ! Backtrace       (message.cc:180):   /mnt/extra/indicus/bin/benchmark(+0x58b323) [0x561ea9df0323]
20240525-131815-0442 74393 ! Backtrace       (message.cc:180):   /mnt/extra/indicus/bin/benchmark(+0x11cbaaf) [0x561eaaa30aaf]
20240525-131815-0442 74393 ! Backtrace       (message.cc:180):   /mnt/extra/indicus/bin/benchmark(+0x46c7a1) [0x561ea9cd17a1]
20240525-131815-0442 74393 ! Backtrace       (message.cc:180):   /mnt/extra/indicus/bin/benchmark(+0x46de42) [0x561ea9cd2e42]
20240525-131815-0443 74393 ! Backtrace       (message.cc:180):   /mnt/extra/indicus/bin/benchmark(+0x46589f) [0x561ea9cca89f]
20240525-131815-0443 74393 ! Backtrace       (message.cc:180):   /mnt/extra/indicus/bin/benchmark(+0x408276) [0x561ea9c6d276]
20240525-131815-0444 74393 ! Backtrace       (message.cc:180):   /lib/x86_64-linux-gnu/libstdc++.so.6(+0xd6de4) [0x7f6cbacb2de4]
20240525-131815-0444 74393 ! Backtrace       (message.cc:180):   /lib/x86_64-linux-gnu/libpthread.so.0(+0x8609) [0x7f6cbc9e6609]
20240525-131815-0445 74393 ! Backtrace       (message.cc:180):   /lib/x86_64-linux-gnu/libc.so.6(clone+0x43) [0x7f6cba997133]
