cpu_count  1 
get_nprocs  8 
starting client threadpool
Num_cpus: 8 
num hosts=24; num_threads=1
20240525-131814-9878 74397 * Client          (client.cc:84):     Site .liamcrdb.pequin-pg0.utah.cloudlab.us 

20240525-131814-9880 74397 * Client          (client.cc:88):     Connecting to gateway postgresql://root@us-east-1-0.liamcrdb.pequin-pg0.utah.cloudlab.us:7087/defaultdb?sslmode=disable
20240525-131814-9911 74397 * Client          (client.cc:112):    Connected successfully after 1 tries
20240525-131814-9912 74397 * Client          (client.cc:115):    Established TaoPQ connection to backend
20240525-131814-9912 74397 * Client          (client.cc:121):    Client successfully started
20240525-131814-9912 74397 * BenchmarkClient (bench_client.cc:56): Delay between requests: 2 ms
PAYMENT
20240525-131814-9995 74397 * Begin           (client.cc:130):    Begin Transaction
catch abort
20240525-131815-0416 74397 * SendNext        (sync_transaction_bench_client. TXN was aborted. Need to retry. First backoff for milisecs: 1
PAYMENT
20240525-131815-0429 74397 * Begin           (client.cc:130):    Begin Transaction
20240525-131815-0429 74397 PANIC Begin           (client.cc:133):    why is tr not nullptr???
20240525-131815-0436 74397 ! Backtrace       (message.cc:180):   /mnt/extra/indicus/bin/benchmark(+0x323e20) [0x558045d1ee20]
20240525-131815-0436 74397 ! Backtrace       (message.cc:180):   /mnt/extra/indicus/bin/benchmark(+0x47f37f) [0x558045e7a37f]
20240525-131815-0437 74397 ! Backtrace       (message.cc:180):   /mnt/extra/indicus/bin/benchmark(+0x47f4cd) [0x558045e7a4cd]
20240525-131815-0437 74397 ! Backtrace       (message.cc:180):   /mnt/extra/indicus/bin/benchmark(+0x1158b9b) [0x558046b53b9b]
20240525-131815-0437 74397 ! Backtrace       (message.cc:180):   /mnt/extra/indicus/bin/benchmark(+0x58b323) [0x558045f86323]
20240525-131815-0438 74397 ! Backtrace       (message.cc:180):   /mnt/extra/indicus/bin/benchmark(+0x11cbaaf) [0x558046bc6aaf]
20240525-131815-0438 74397 ! Backtrace       (message.cc:180):   /mnt/extra/indicus/bin/benchmark(+0x46c7a1) [0x558045e677a1]
20240525-131815-0438 74397 ! Backtrace       (message.cc:180):   /mnt/extra/indicus/bin/benchmark(+0x46de42) [0x558045e68e42]
20240525-131815-0439 74397 ! Backtrace       (message.cc:180):   /mnt/extra/indicus/bin/benchmark(+0x46589f) [0x558045e6089f]
20240525-131815-0439 74397 ! Backtrace       (message.cc:180):   /mnt/extra/indicus/bin/benchmark(+0x408276) [0x558045e03276]
20240525-131815-0439 74397 ! Backtrace       (message.cc:180):   /lib/x86_64-linux-gnu/libstdc++.so.6(+0xd6de4) [0x7faa23ce1de4]
20240525-131815-0440 74397 ! Backtrace       (message.cc:180):   /lib/x86_64-linux-gnu/libpthread.so.0(+0x8609) [0x7faa25a15609]
20240525-131815-0440 74397 ! Backtrace       (message.cc:180):   /lib/x86_64-linux-gnu/libc.so.6(clone+0x43) [0x7faa239c6133]
