cpu_count  1 
get_nprocs  8 
starting client threadpool
Num_cpus: 8 
num hosts=24; num_threads=1
20240525-131814-9934 74395 * Client          (client.cc:84):     Site .liamcrdb.pequin-pg0.utah.cloudlab.us 

20240525-131814-9936 74395 * Client          (client.cc:88):     Connecting to gateway postgresql://root@us-east-1-0.liamcrdb.pequin-pg0.utah.cloudlab.us:7087/defaultdb?sslmode=disable
20240525-131814-9974 74395 * Client          (client.cc:112):    Connected successfully after 1 tries
20240525-131814-9975 74395 * Client          (client.cc:115):    Established TaoPQ connection to backend
20240525-131814-9975 74395 * Client          (client.cc:121):    Client successfully started
20240525-131814-9976 74395 * BenchmarkClient (bench_client.cc:56): Delay between requests: 2 ms
PAYMENT
20240525-131815-0059 74395 * Begin           (client.cc:130):    Begin Transaction
catch abort
20240525-131815-0418 74395 * SendNext        (sync_transaction_bench_client. TXN was aborted. Need to retry. First backoff for milisecs: 2
PAYMENT
20240525-131815-0440 74395 * Begin           (client.cc:130):    Begin Transaction
20240525-131815-0440 74395 PANIC Begin           (client.cc:133):    why is tr not nullptr???
20240525-131815-0444 74395 ! Backtrace       (message.cc:180):   /mnt/extra/indicus/bin/benchmark(+0x323e20) [0x561853833e20]
20240525-131815-0445 74395 ! Backtrace       (message.cc:180):   /mnt/extra/indicus/bin/benchmark(+0x47f37f) [0x56185398f37f]
20240525-131815-0445 74395 ! Backtrace       (message.cc:180):   /mnt/extra/indicus/bin/benchmark(+0x47f4cd) [0x56185398f4cd]
20240525-131815-0446 74395 ! Backtrace       (message.cc:180):   /mnt/extra/indicus/bin/benchmark(+0x1158b9b) [0x561854668b9b]
20240525-131815-0446 74395 ! Backtrace       (message.cc:180):   /mnt/extra/indicus/bin/benchmark(+0x58b323) [0x561853a9b323]
20240525-131815-0447 74395 ! Backtrace       (message.cc:180):   /mnt/extra/indicus/bin/benchmark(+0x11cbaaf) [0x5618546dbaaf]
20240525-131815-0447 74395 ! Backtrace       (message.cc:180):   /mnt/extra/indicus/bin/benchmark(+0x46c7a1) [0x56185397c7a1]
20240525-131815-0447 74395 ! Backtrace       (message.cc:180):   /mnt/extra/indicus/bin/benchmark(+0x46de42) [0x56185397de42]
20240525-131815-0448 74395 ! Backtrace       (message.cc:180):   /mnt/extra/indicus/bin/benchmark(+0x46589f) [0x56185397589f]
20240525-131815-0448 74395 ! Backtrace       (message.cc:180):   /mnt/extra/indicus/bin/benchmark(+0x408276) [0x561853918276]
20240525-131815-0449 74395 ! Backtrace       (message.cc:180):   /lib/x86_64-linux-gnu/libstdc++.so.6(+0xd6de4) [0x7fedc186dde4]
20240525-131815-0449 74395 ! Backtrace       (message.cc:180):   /lib/x86_64-linux-gnu/libpthread.so.0(+0x8609) [0x7fedc35a1609]
20240525-131815-0449 74395 ! Backtrace       (message.cc:180):   /lib/x86_64-linux-gnu/libc.so.6(clone+0x43) [0x7fedc1552133]
