cpu_count  1 
get_nprocs  8 
starting client threadpool
Num_cpus: 8 
num hosts=24; num_threads=1
20240525-131814-9850 74396 * Client          (client.cc:84):     Site .liamcrdb.pequin-pg0.utah.cloudlab.us 

20240525-131814-9851 74396 * Client          (client.cc:88):     Connecting to gateway postgresql://root@us-east-1-0.liamcrdb.pequin-pg0.utah.cloudlab.us:7087/defaultdb?sslmode=disable
20240525-131814-9890 74396 * Client          (client.cc:112):    Connected successfully after 1 tries
20240525-131814-9891 74396 * Client          (client.cc:115):    Established TaoPQ connection to backend
20240525-131814-9891 74396 * Client          (client.cc:121):    Client successfully started
20240525-131814-9893 74396 * BenchmarkClient (bench_client.cc:56): Delay between requests: 2 ms
PAYMENT
20240525-131814-9978 74396 * Begin           (client.cc:130):    Begin Transaction
catch abort
20240525-131815-0416 74396 * SendNext        (sync_transaction_bench_client. TXN was aborted. Need to retry. First backoff for milisecs: 2
PAYMENT
20240525-131815-0438 74396 * Begin           (client.cc:130):    Begin Transaction
20240525-131815-0438 74396 PANIC Begin           (client.cc:133):    why is tr not nullptr???
20240525-131815-0442 74396 ! Backtrace       (message.cc:180):   /mnt/extra/indicus/bin/benchmark(+0x323e20) [0x5636cf4c7e20]
20240525-131815-0442 74396 ! Backtrace       (message.cc:180):   /mnt/extra/indicus/bin/benchmark(+0x47f37f) [0x5636cf62337f]
20240525-131815-0442 74396 ! Backtrace       (message.cc:180):   /mnt/extra/indicus/bin/benchmark(+0x47f4cd) [0x5636cf6234cd]
20240525-131815-0442 74396 ! Backtrace       (message.cc:180):   /mnt/extra/indicus/bin/benchmark(+0x1158b9b) [0x5636d02fcb9b]
20240525-131815-0443 74396 ! Backtrace       (message.cc:180):   /mnt/extra/indicus/bin/benchmark(+0x58b323) [0x5636cf72f323]
20240525-131815-0443 74396 ! Backtrace       (message.cc:180):   /mnt/extra/indicus/bin/benchmark(+0x11cbaaf) [0x5636d036faaf]
20240525-131815-0444 74396 ! Backtrace       (message.cc:180):   /mnt/extra/indicus/bin/benchmark(+0x46c7a1) [0x5636cf6107a1]
20240525-131815-0444 74396 ! Backtrace       (message.cc:180):   /mnt/extra/indicus/bin/benchmark(+0x46de42) [0x5636cf611e42]
20240525-131815-0445 74396 ! Backtrace       (message.cc:180):   /mnt/extra/indicus/bin/benchmark(+0x46589f) [0x5636cf60989f]
20240525-131815-0445 74396 ! Backtrace       (message.cc:180):   /mnt/extra/indicus/bin/benchmark(+0x408276) [0x5636cf5ac276]
20240525-131815-0446 74396 ! Backtrace       (message.cc:180):   /lib/x86_64-linux-gnu/libstdc++.so.6(+0xd6de4) [0x7ffbc4423de4]
20240525-131815-0446 74396 ! Backtrace       (message.cc:180):   /lib/x86_64-linux-gnu/libpthread.so.0(+0x8609) [0x7ffbc6157609]
20240525-131815-0447 74396 ! Backtrace       (message.cc:180):   /lib/x86_64-linux-gnu/libc.so.6(clone+0x43) [0x7ffbc4108133]
