cpu_count  1 
get_nprocs  8 
starting client threadpool
Num_cpus: 8 
num hosts=24; num_threads=1
20240525-131814-9987 79324 * Client          (client.cc:84):     Site .liamcrdb.pequin-pg0.utah.cloudlab.us 

20240525-131814-9988 79324 * Client          (client.cc:88):     Connecting to gateway postgresql://root@us-east-1-0.liamcrdb.pequin-pg0.utah.cloudlab.us:7087/defaultdb?sslmode=disable
20240525-131815-0020 79324 * Client          (client.cc:112):    Connected successfully after 1 tries
20240525-131815-0020 79324 * Client          (client.cc:115):    Established TaoPQ connection to backend
20240525-131815-0020 79324 * Client          (client.cc:121):    Client successfully started
20240525-131815-0021 79324 * BenchmarkClient (bench_client.cc:56): Delay between requests: 2 ms
ORDER_STATUS
20240525-131815-0103 79324 * Begin           (client.cc:130):    Begin Transaction
NEW ORDER
20240525-131815-0606 79324 * Begin           (client.cc:130):    Begin Transaction
catch abort
20240525-131815-0737 79324 * SendNext        (sync_transaction_bench_client. TXN was aborted. Need to retry. First backoff for milisecs: 2
NEW ORDER
20240525-131815-0759 79324 * Begin           (client.cc:130):    Begin Transaction
20240525-131815-0759 79324 PANIC Begin           (client.cc:133):    why is tr not nullptr???
20240525-131815-0765 79324 ! Backtrace       (message.cc:180):   /mnt/extra/indicus/bin/benchmark(+0x323e20) [0x564533c28e20]
20240525-131815-0765 79324 ! Backtrace       (message.cc:180):   /mnt/extra/indicus/bin/benchmark(+0x47f37f) [0x564533d8437f]
20240525-131815-0766 79324 ! Backtrace       (message.cc:180):   /mnt/extra/indicus/bin/benchmark(+0x47f4cd) [0x564533d844cd]
20240525-131815-0766 79324 ! Backtrace       (message.cc:180):   /mnt/extra/indicus/bin/benchmark(+0x1158b9b) [0x564534a5db9b]
20240525-131815-0766 79324 ! Backtrace       (message.cc:180):   /mnt/extra/indicus/bin/benchmark(+0x58b323) [0x564533e90323]
20240525-131815-0767 79324 ! Backtrace       (message.cc:180):   /mnt/extra/indicus/bin/benchmark(+0x11c0e0e) [0x564534ac5e0e]
20240525-131815-0767 79324 ! Backtrace       (message.cc:180):   /mnt/extra/indicus/bin/benchmark(+0x46c7a1) [0x564533d717a1]
20240525-131815-0767 79324 ! Backtrace       (message.cc:180):   /mnt/extra/indicus/bin/benchmark(+0x408310) [0x564533d0d310]
20240525-131815-0768 79324 ! Backtrace       (message.cc:180):   /lib/x86_64-linux-gnu/libstdc++.so.6(+0xd6de4) [0x7f6b093c2de4]
20240525-131815-0768 79324 ! Backtrace       (message.cc:180):   /lib/x86_64-linux-gnu/libpthread.so.0(+0x8609) [0x7f6b0b0f6609]
20240525-131815-0768 79324 ! Backtrace       (message.cc:180):   /lib/x86_64-linux-gnu/libc.so.6(clone+0x43) [0x7f6b090a7133]
