cpu_count  1 
get_nprocs  8 
starting client threadpool
Num_cpus: 8 
num hosts=24; num_threads=1
20240525-131815-0071 79336 * Client          (client.cc:84):     Site .liamcrdb.pequin-pg0.utah.cloudlab.us 

20240525-131815-0073 79336 * Client          (client.cc:88):     Connecting to gateway postgresql://root@us-east-1-0.liamcrdb.pequin-pg0.utah.cloudlab.us:7087/defaultdb?sslmode=disable
20240525-131815-0101 79336 * Client          (client.cc:112):    Connected successfully after 1 tries
20240525-131815-0101 79336 * Client          (client.cc:115):    Established TaoPQ connection to backend
20240525-131815-0102 79336 * Client          (client.cc:121):    Client successfully started
20240525-131815-0102 79336 * BenchmarkClient (bench_client.cc:56): Delay between requests: 2 ms
DELIVERY TX
20240525-131815-0184 79336 * Begin           (client.cc:130):    Begin Transaction
DELIVERY TX
20240525-131815-0708 79336 * Begin           (client.cc:130):    Begin Transaction
DELIVERY TX
20240525-131815-1309 79336 * Begin           (client.cc:130):    Begin Transaction
DELIVERY TX
20240525-131815-1906 79336 * Begin           (client.cc:130):    Begin Transaction
DELIVERY TX
20240525-131815-2232 79336 * Begin           (client.cc:130):    Begin Transaction
DELIVERY TX
20240525-131815-2553 79336 * Begin           (client.cc:130):    Begin Transaction
DELIVERY TX
20240525-131815-2858 79336 * Begin           (client.cc:130):    Begin Transaction
DELIVERY TX
20240525-131815-3165 79336 * Begin           (client.cc:130):    Begin Transaction
DELIVERY TX
20240525-131815-3457 79336 * Begin           (client.cc:130):    Begin Transaction
DELIVERY TX
20240525-131815-3791 79336 * Begin           (client.cc:130):    Begin Transaction
NEW ORDER
20240525-131815-4088 79336 * Begin           (client.cc:130):    Begin Transaction
catch abort
20240525-131815-4218 79336 * SendNext        (sync_transaction_bench_client. TXN was aborted. Need to retry. First backoff for milisecs: 2
NEW ORDER
20240525-131815-4240 79336 * Begin           (client.cc:130):    Begin Transaction
20240525-131815-4240 79336 PANIC Begin           (client.cc:133):    why is tr not nullptr???
20240525-131815-4245 79336 ! Backtrace       (message.cc:180):   /mnt/extra/indicus/bin/benchmark(+0x323e20) [0x5628630f7e20]
20240525-131815-4246 79336 ! Backtrace       (message.cc:180):   /mnt/extra/indicus/bin/benchmark(+0x47f37f) [0x56286325337f]
20240525-131815-4246 79336 ! Backtrace       (message.cc:180):   /mnt/extra/indicus/bin/benchmark(+0x47f4cd) [0x5628632534cd]
20240525-131815-4246 79336 ! Backtrace       (message.cc:180):   /mnt/extra/indicus/bin/benchmark(+0x1158b9b) [0x562863f2cb9b]
20240525-131815-4247 79336 ! Backtrace       (message.cc:180):   /mnt/extra/indicus/bin/benchmark(+0x58b323) [0x56286335f323]
20240525-131815-4247 79336 ! Backtrace       (message.cc:180):   /mnt/extra/indicus/bin/benchmark(+0x11c0e0e) [0x562863f94e0e]
20240525-131815-4247 79336 ! Backtrace       (message.cc:180):   /mnt/extra/indicus/bin/benchmark(+0x46c7a1) [0x5628632407a1]
20240525-131815-4248 79336 ! Backtrace       (message.cc:180):   /mnt/extra/indicus/bin/benchmark(+0x408310) [0x5628631dc310]
20240525-131815-4248 79336 ! Backtrace       (message.cc:180):   /lib/x86_64-linux-gnu/libstdc++.so.6(+0xd6de4) [0x7fa49a7bbde4]
20240525-131815-4248 79336 ! Backtrace       (message.cc:180):   /lib/x86_64-linux-gnu/libpthread.so.0(+0x8609) [0x7fa49c4ef609]
20240525-131815-4248 79336 ! Backtrace       (message.cc:180):   /lib/x86_64-linux-gnu/libc.so.6(clone+0x43) [0x7fa49a4a0133]
