cpu_count  1 
get_nprocs  8 
starting client threadpool
Num_cpus: 8 
num hosts=24; num_threads=1
20240525-131814-9985 79328 * Client          (client.cc:84):     Site .liamcrdb.pequin-pg0.utah.cloudlab.us 

20240525-131814-9986 79328 * Client          (client.cc:88):     Connecting to gateway postgresql://root@us-east-1-0.liamcrdb.pequin-pg0.utah.cloudlab.us:7087/defaultdb?sslmode=disable
20240525-131815-0021 79328 * Client          (client.cc:112):    Connected successfully after 1 tries
20240525-131815-0021 79328 * Client          (client.cc:115):    Established TaoPQ connection to backend
20240525-131815-0022 79328 * Client          (client.cc:121):    Client successfully started
20240525-131815-0022 79328 * BenchmarkClient (bench_client.cc:56): Delay between requests: 2 ms
PAYMENT
20240525-131815-0106 79328 * Begin           (client.cc:130):    Begin Transaction
catch abort
20240525-131815-0406 79328 * SendNext        (sync_transaction_bench_client. TXN was aborted. Need to retry. First backoff for milisecs: 1
PAYMENT
20240525-131815-0418 79328 * Begin           (client.cc:130):    Begin Transaction
20240525-131815-0418 79328 PANIC Begin           (client.cc:133):    why is tr not nullptr???
20240525-131815-0421 79328 ! Backtrace       (message.cc:180):   /mnt/extra/indicus/bin/benchmark(+0x323e20) [0x55ce58c89e20]
20240525-131815-0422 79328 ! Backtrace       (message.cc:180):   /mnt/extra/indicus/bin/benchmark(+0x47f37f) [0x55ce58de537f]
20240525-131815-0422 79328 ! Backtrace       (message.cc:180):   /mnt/extra/indicus/bin/benchmark(+0x47f4cd) [0x55ce58de54cd]
20240525-131815-0423 79328 ! Backtrace       (message.cc:180):   /mnt/extra/indicus/bin/benchmark(+0x1158b9b) [0x55ce59abeb9b]
20240525-131815-0423 79328 ! Backtrace       (message.cc:180):   /mnt/extra/indicus/bin/benchmark(+0x58b323) [0x55ce58ef1323]
20240525-131815-0424 79328 ! Backtrace       (message.cc:180):   /mnt/extra/indicus/bin/benchmark(+0x11cbaaf) [0x55ce59b31aaf]
20240525-131815-0424 79328 ! Backtrace       (message.cc:180):   /mnt/extra/indicus/bin/benchmark(+0x46c7a1) [0x55ce58dd27a1]
20240525-131815-0424 79328 ! Backtrace       (message.cc:180):   /mnt/extra/indicus/bin/benchmark(+0x46de42) [0x55ce58dd3e42]
20240525-131815-0425 79328 ! Backtrace       (message.cc:180):   /mnt/extra/indicus/bin/benchmark(+0x46589f) [0x55ce58dcb89f]
20240525-131815-0425 79328 ! Backtrace       (message.cc:180):   /mnt/extra/indicus/bin/benchmark(+0x408276) [0x55ce58d6e276]
20240525-131815-0425 79328 ! Backtrace       (message.cc:180):   /lib/x86_64-linux-gnu/libstdc++.so.6(+0xd6de4) [0x7f0229cc9de4]
20240525-131815-0426 79328 ! Backtrace       (message.cc:180):   /lib/x86_64-linux-gnu/libpthread.so.0(+0x8609) [0x7f022b9fd609]
20240525-131815-0426 79328 ! Backtrace       (message.cc:180):   /lib/x86_64-linux-gnu/libc.so.6(clone+0x43) [0x7f02299ae133]
