cpu_count  1 
get_nprocs  8 
starting client threadpool
Num_cpus: 8 
num hosts=24; num_threads=1
20240525-131815-0034 79334 * Client          (client.cc:84):     Site .liamcrdb.pequin-pg0.utah.cloudlab.us 

20240525-131815-0035 79334 * Client          (client.cc:88):     Connecting to gateway postgresql://root@us-east-1-0.liamcrdb.pequin-pg0.utah.cloudlab.us:7087/defaultdb?sslmode=disable
20240525-131815-0073 79334 * Client          (client.cc:112):    Connected successfully after 1 tries
20240525-131815-0073 79334 * Client          (client.cc:115):    Established TaoPQ connection to backend
20240525-131815-0074 79334 * Client          (client.cc:121):    Client successfully started
20240525-131815-0074 79334 * BenchmarkClient (bench_client.cc:56): Delay between requests: 2 ms
NEW ORDER
20240525-131815-0158 79334 * Begin           (client.cc:130):    Begin Transaction
catch abort
20240525-131815-0422 79334 * SendNext        (sync_transaction_bench_client. TXN was aborted. Need to retry. First backoff for milisecs: 1
NEW ORDER
20240525-131815-0434 79334 * Begin           (client.cc:130):    Begin Transaction
20240525-131815-0434 79334 PANIC Begin           (client.cc:133):    why is tr not nullptr???
20240525-131815-0439 79334 ! Backtrace       (message.cc:180):   /mnt/extra/indicus/bin/benchmark(+0x323e20) [0x5562e28ece20]
20240525-131815-0439 79334 ! Backtrace       (message.cc:180):   /mnt/extra/indicus/bin/benchmark(+0x47f37f) [0x5562e2a4837f]
20240525-131815-0440 79334 ! Backtrace       (message.cc:180):   /mnt/extra/indicus/bin/benchmark(+0x47f4cd) [0x5562e2a484cd]
20240525-131815-0440 79334 ! Backtrace       (message.cc:180):   /mnt/extra/indicus/bin/benchmark(+0x1158b9b) [0x5562e3721b9b]
20240525-131815-0440 79334 ! Backtrace       (message.cc:180):   /mnt/extra/indicus/bin/benchmark(+0x58b323) [0x5562e2b54323]
20240525-131815-0441 79334 ! Backtrace       (message.cc:180):   /mnt/extra/indicus/bin/benchmark(+0x11c0e0e) [0x5562e3789e0e]
20240525-131815-0441 79334 ! Backtrace       (message.cc:180):   /mnt/extra/indicus/bin/benchmark(+0x46c7a1) [0x5562e2a357a1]
20240525-131815-0442 79334 ! Backtrace       (message.cc:180):   /mnt/extra/indicus/bin/benchmark(+0x46de42) [0x5562e2a36e42]
20240525-131815-0442 79334 ! Backtrace       (message.cc:180):   /mnt/extra/indicus/bin/benchmark(+0x46589f) [0x5562e2a2e89f]
20240525-131815-0442 79334 ! Backtrace       (message.cc:180):   /mnt/extra/indicus/bin/benchmark(+0x408276) [0x5562e29d1276]
20240525-131815-0443 79334 ! Backtrace       (message.cc:180):   /lib/x86_64-linux-gnu/libstdc++.so.6(+0xd6de4) [0x7fe20d44cde4]
20240525-131815-0443 79334 ! Backtrace       (message.cc:180):   /lib/x86_64-linux-gnu/libpthread.so.0(+0x8609) [0x7fe20f180609]
20240525-131815-0443 79334 ! Backtrace       (message.cc:180):   /lib/x86_64-linux-gnu/libc.so.6(clone+0x43) [0x7fe20d131133]
