cpu_count  1 
get_nprocs  8 
starting client threadpool
Num_cpus: 8 
num hosts=24; num_threads=1
20240525-131814-9988 79326 * Client          (client.cc:84):     Site .liamcrdb.pequin-pg0.utah.cloudlab.us 

20240525-131814-9990 79326 * Client          (client.cc:88):     Connecting to gateway postgresql://root@us-east-1-0.liamcrdb.pequin-pg0.utah.cloudlab.us:7087/defaultdb?sslmode=disable
20240525-131815-0027 79326 * Client          (client.cc:112):    Connected successfully after 1 tries
20240525-131815-0028 79326 * Client          (client.cc:115):    Established TaoPQ connection to backend
20240525-131815-0028 79326 * Client          (client.cc:121):    Client successfully started
20240525-131815-0029 79326 * BenchmarkClient (bench_client.cc:56): Delay between requests: 2 ms
NEW ORDER
20240525-131815-0113 79326 * Begin           (client.cc:130):    Begin Transaction
catch abort
20240525-131815-0427 79326 * SendNext        (sync_transaction_bench_client. TXN was aborted. Need to retry. First backoff for milisecs: 2
NEW ORDER
20240525-131815-0449 79326 * Begin           (client.cc:130):    Begin Transaction
20240525-131815-0450 79326 PANIC Begin           (client.cc:133):    why is tr not nullptr???
20240525-131815-0458 79326 ! Backtrace       (message.cc:180):   /mnt/extra/indicus/bin/benchmark(+0x323e20) [0x561e80e4de20]
20240525-131815-0459 79326 ! Backtrace       (message.cc:180):   /mnt/extra/indicus/bin/benchmark(+0x47f37f) [0x561e80fa937f]
20240525-131815-0460 79326 ! Backtrace       (message.cc:180):   /mnt/extra/indicus/bin/benchmark(+0x47f4cd) [0x561e80fa94cd]
20240525-131815-0460 79326 ! Backtrace       (message.cc:180):   /mnt/extra/indicus/bin/benchmark(+0x1158b9b) [0x561e81c82b9b]
20240525-131815-0460 79326 ! Backtrace       (message.cc:180):   /mnt/extra/indicus/bin/benchmark(+0x58b323) [0x561e810b5323]
20240525-131815-0461 79326 ! Backtrace       (message.cc:180):   /mnt/extra/indicus/bin/benchmark(+0x11c0e0e) [0x561e81ceae0e]
20240525-131815-0461 79326 ! Backtrace       (message.cc:180):   /mnt/extra/indicus/bin/benchmark(+0x46c7a1) [0x561e80f967a1]
20240525-131815-0462 79326 ! Backtrace       (message.cc:180):   /mnt/extra/indicus/bin/benchmark(+0x46de42) [0x561e80f97e42]
20240525-131815-0462 79326 ! Backtrace       (message.cc:180):   /mnt/extra/indicus/bin/benchmark(+0x46589f) [0x561e80f8f89f]
20240525-131815-0463 79326 ! Backtrace       (message.cc:180):   /mnt/extra/indicus/bin/benchmark(+0x408276) [0x561e80f32276]
20240525-131815-0463 79326 ! Backtrace       (message.cc:180):   /lib/x86_64-linux-gnu/libstdc++.so.6(+0xd6de4) [0x7f5d6eaefde4]
20240525-131815-0464 79326 ! Backtrace       (message.cc:180):   /lib/x86_64-linux-gnu/libpthread.so.0(+0x8609) [0x7f5d70823609]
20240525-131815-0464 79326 ! Backtrace       (message.cc:180):   /lib/x86_64-linux-gnu/libc.so.6(clone+0x43) [0x7f5d6e7d4133]
