cpu_count  1 
get_nprocs  8 
starting client threadpool
Num_cpus: 8 
num hosts=24; num_threads=1
20240527-215410-3755 110998 * Client          (client.cc:84):     Site .liamcrdb.pequin-pg0.utah.cloudlab.us 

20240527-215410-3756 110998 * Client          (client.cc:88):     Connecting to gateway postgresql://root@us-east-1-0.liamcrdb.pequin-pg0.utah.cloudlab.us:7087/defaultdb?sslmode=disable
20240527-215410-3786 110998 * Client          (client.cc:112):    Connected successfully after 1 tries
20240527-215410-3786 110998 * Client          (client.cc:115):    Established TaoPQ connection to backend
20240527-215410-3786 110998 * Client          (client.cc:121):    Client successfully started
20240527-215410-3787 110998 * BenchmarkClient (bench_client.cc:56): Delay between requests: 2 ms
PAYMENT
20240527-215410-3870 110998 * Begin           (client.cc:130):    Begin Transaction
catch abort
20240527-215410-4260 110998 * SendNext        (sync_transaction_bench_client. TXN was aborted. Need to retry. First backoff for milisecs: 2
PAYMENT
20240527-215410-4282 110998 * Begin           (client.cc:130):    Begin Transaction
20240527-215410-4282 110998 PANIC Begin           (client.cc:133):    why is tr not nullptr???
20240527-215410-4288 110998 ! Backtrace       (message.cc:180):   /mnt/extra/indicus/bin/benchmark(+0x323e20) [0x56025eff6e20]
20240527-215410-4288 110998 ! Backtrace       (message.cc:180):   /mnt/extra/indicus/bin/benchmark(+0x47f37f) [0x56025f15237f]
20240527-215410-4288 110998 ! Backtrace       (message.cc:180):   /mnt/extra/indicus/bin/benchmark(+0x47f4cd) [0x56025f1524cd]
20240527-215410-4289 110998 ! Backtrace       (message.cc:180):   /mnt/extra/indicus/bin/benchmark(+0x1158b9b) [0x56025fe2bb9b]
20240527-215410-4289 110998 ! Backtrace       (message.cc:180):   /mnt/extra/indicus/bin/benchmark(+0x58b323) [0x56025f25e323]
20240527-215410-4290 110998 ! Backtrace       (message.cc:180):   /mnt/extra/indicus/bin/benchmark(+0x11cbaaf) [0x56025fe9eaaf]
20240527-215410-4290 110998 ! Backtrace       (message.cc:180):   /mnt/extra/indicus/bin/benchmark(+0x46c7a1) [0x56025f13f7a1]
20240527-215410-4290 110998 ! Backtrace       (message.cc:180):   /mnt/extra/indicus/bin/benchmark(+0x46de42) [0x56025f140e42]
20240527-215410-4291 110998 ! Backtrace       (message.cc:180):   /mnt/extra/indicus/bin/benchmark(+0x46589f) [0x56025f13889f]
20240527-215410-4291 110998 ! Backtrace       (message.cc:180):   /mnt/extra/indicus/bin/benchmark(+0x408276) [0x56025f0db276]
20240527-215410-4291 110998 ! Backtrace       (message.cc:180):   /lib/x86_64-linux-gnu/libstdc++.so.6(+0xd6de4) [0x7f67f3364de4]
20240527-215410-4292 110998 ! Backtrace       (message.cc:180):   /lib/x86_64-linux-gnu/libpthread.so.0(+0x8609) [0x7f67f5098609]
20240527-215410-4292 110998 ! Backtrace       (message.cc:180):   /lib/x86_64-linux-gnu/libc.so.6(clone+0x43) [0x7f67f3049133]
