cpu_count  1 
get_nprocs  8 
starting client threadpool
Num_cpus: 8 
num hosts=24; num_threads=1
20240527-215410-3734 110995 * Client          (client.cc:84):     Site .liamcrdb.pequin-pg0.utah.cloudlab.us 

20240527-215410-3736 110995 * Client          (client.cc:88):     Connecting to gateway postgresql://root@us-east-1-0.liamcrdb.pequin-pg0.utah.cloudlab.us:7087/defaultdb?sslmode=disable
20240527-215410-3773 110995 * Client          (client.cc:112):    Connected successfully after 1 tries
20240527-215410-3773 110995 * Client          (client.cc:115):    Established TaoPQ connection to backend
20240527-215410-3774 110995 * Client          (client.cc:121):    Client successfully started
20240527-215410-3774 110995 * BenchmarkClient (bench_client.cc:56): Delay between requests: 2 ms
NEW ORDER
20240527-215410-3858 110995 * Begin           (client.cc:130):    Begin Transaction
catch abort
20240527-215410-4257 110995 * SendNext        (sync_transaction_bench_client. TXN was aborted. Need to retry. First backoff for milisecs: 2
NEW ORDER
20240527-215410-4280 110995 * Begin           (client.cc:130):    Begin Transaction
20240527-215410-4280 110995 PANIC Begin           (client.cc:133):    why is tr not nullptr???
20240527-215410-4288 110995 ! Backtrace       (message.cc:180):   /mnt/extra/indicus/bin/benchmark(+0x323e20) [0x5637b52dfe20]
20240527-215410-4289 110995 ! Backtrace       (message.cc:180):   /mnt/extra/indicus/bin/benchmark(+0x47f37f) [0x5637b543b37f]
20240527-215410-4289 110995 ! Backtrace       (message.cc:180):   /mnt/extra/indicus/bin/benchmark(+0x47f4cd) [0x5637b543b4cd]
20240527-215410-4290 110995 ! Backtrace       (message.cc:180):   /mnt/extra/indicus/bin/benchmark(+0x1158b9b) [0x5637b6114b9b]
20240527-215410-4290 110995 ! Backtrace       (message.cc:180):   /mnt/extra/indicus/bin/benchmark(+0x58b323) [0x5637b5547323]
20240527-215410-4291 110995 ! Backtrace       (message.cc:180):   /mnt/extra/indicus/bin/benchmark(+0x11c0e0e) [0x5637b617ce0e]
20240527-215410-4291 110995 ! Backtrace       (message.cc:180):   /mnt/extra/indicus/bin/benchmark(+0x46c7a1) [0x5637b54287a1]
20240527-215410-4292 110995 ! Backtrace       (message.cc:180):   /mnt/extra/indicus/bin/benchmark(+0x46de42) [0x5637b5429e42]
20240527-215410-4292 110995 ! Backtrace       (message.cc:180):   /mnt/extra/indicus/bin/benchmark(+0x46589f) [0x5637b542189f]
20240527-215410-4293 110995 ! Backtrace       (message.cc:180):   /mnt/extra/indicus/bin/benchmark(+0x408276) [0x5637b53c4276]
20240527-215410-4294 110995 ! Backtrace       (message.cc:180):   /lib/x86_64-linux-gnu/libstdc++.so.6(+0xd6de4) [0x7fe2dc65fde4]
20240527-215410-4294 110995 ! Backtrace       (message.cc:180):   /lib/x86_64-linux-gnu/libpthread.so.0(+0x8609) [0x7fe2de393609]
20240527-215410-4295 110995 ! Backtrace       (message.cc:180):   /lib/x86_64-linux-gnu/libc.so.6(clone+0x43) [0x7fe2dc344133]
