new_order,220549162,302753904589331,16
new_order,185058967,302754089770989,16
stock_level,25288450,302754115189862,16
payment,52511160,302754167845803,16
payment,65212098,302754233117615,16
delivery,36092075,302754269339782,16
delivery,39026135,302754308426988,16
delivery,39565371,302754348132095,16
delivery,35816858,302754384078690,16
delivery,28049172,302754412262601,16
delivery,30026536,302754442417079,16
delivery,37344695,302754479890429,16
delivery,39909302,302754519946843,16
delivery,34980867,302754555056860,16
delivery,37513678,302754592694387,16
payment,50196219,302754642957059,16
payment,35418136,302754678510023,16
payment,48968218,302754727603213,16
payment,79825328,302754807493479,16
payment,115979791,302754923530687,16
order_status,20255987,302754943886572,16
new_order,140366306,302755084373119,16
new_order,146914147,302755231408393,16
new_order,167903157,302755399432542,16
order_status,19296103,302755418825944,16
payment,45699699,302755464637368,16
payment,48499943,302755513258167,16
delivery,32163333,302755545543901,16
delivery,30382873,302755575983556,16
delivery,27420725,302755603525137,16
delivery,32604698,302755636197589,16
delivery,31682463,302755668000709,16
delivery,32461929,302755700553449,16
delivery,32498778,302755733162757,16
delivery,35891717,302755769146210,16
delivery,39296705,302755808564207,16
delivery,34036327,302755842738335,16
payment,67750980,302755910610598,16
payment,40462213,302755951196615,16
payment,46414108,302755997734137,16
payment,41915848,302756039706624,16
stock_level,22965125,302756062794329,16
new_order,133840568,302756196756109,16
payment,33979529,302756230871449,16
stock_level,21335935,302756252263352,16
payment,60949166,302756313270737,16
new_order,153564381,302756466956545,16
new_order,83145338,302756550225016,16
payment,36111384,302756586468401,16
new_order,137756396,302756724347622,16
payment,50324647,302756774729171,16
payment,98541485,302756873392781,16
new_order,95705527,302756969232115,16
new_order,98578381,302757067931904,16
payment,170442866,302757238497145,16
new_order,147997134,302757386550036,16
new_order,243001174,302757629607751,16
new_order,133949067,302757763683828,16
new_order,114881569,302757878622340,16
payment,31143632,302757909886437,16
payment,52514986,302757962521589,16
new_order,104870455,302758067512916,16
new_order,103844770,302758171485682,16
payment,31087541,302758202629344,16
new_order,140242674,302758343014294,16
new_order,176931847,302758520073218,16
payment,36378164,302758556571917,16
new_order,140030020,302758696727153,16
new_order,94846232,302758791629065,16
new_order,87866830,302758879615910,16
new_order,114247608,302758993919627,16
delivery,37915970,302759031950435,16
delivery,39066806,302759071079623,16
delivery,33676329,302759104885188,16
delivery,36922196,302759141944258,16
delivery,40330778,302759182406211,16
delivery,40552836,302759223057853,16
delivery,38580159,302759261741408,16
delivery,38191940,302759299992432,16
delivery,53681398,302759353800927,16
delivery,45511249,302759399371406,16
payment,48779269,302759448211928,16
payment,31506392,302759479787171,16
new_order,133250334,302759613183610,16
payment,43744641,302759657059117,16
payment,49510318,302759706628945,16
new_order,1179281305,302760886033032,16
payment,46899597,302760933069958,16
order_status,20255241,302760953464007,16
new_order,219865552,302761173386741,16
new_order,88642792,302761262154459,16
order_status,17467732,302761279752675,16
new_order,62266576,302761342076408,16
new_order,132489116,302761474687629,16
new_order,103378968,302761578199592,16
payment,47265223,302761625587857,16
payment,32916826,302761658642714,16
payment,35310047,302761694075085,16
stock_level,21632820,302761715767307,16
new_order,238460539,302761954327118,16
payment,41034527,302761995454366,16
payment,27890358,302762023467901,16
payment,30889491,302762054480132,16
new_order,224035003,302762278648045,16
new_order,168621674,302762447392540,16
payment,42376520,302762489892116,16
new_order,70820566,302762560770189,16
order_status,21752011,302762582640930,16
payment,26126164,302762608824117,16
payment,24844374,302762633727759,16
new_order,75440417,302762709236005,16
new_order,90945930,302762800237856,16
new_order,130979966,302762931274079,16
new_order,86138061,302763017521885,16
payment,38613421,302763056194316,16
new_order,67782559,302763124097415,16
new_order,102999871,302763227218318,16
new_order,102114803,302763329453572,16
payment,37134914,302763366656023,16
payment,28621763,302763395353083,16
payment,39376556,302763434798936,16
order_status,17497268,302763452416675,16
payment,38729129,302763491266400,16
new_order,125049209,302763616436089,16
new_order,116875348,302763733431507,16
payment,41611645,302763775100457,16
new_order,111663905,302763886823315,16
new_order,118163282,302764005123238,16
payment,46543457,302764051777877,16
new_order,172810512,302764224748285,16
new_order,127871470,302764352742326,16
new_order,140893960,302764493760199,16
payment,62872445,302764556766117,16
payment,26755825,302764583644243,16
payment,45289312,302764629054196,16
payment,26426981,302764655602534,16
new_order,85510791,302764741234637,16
order_status,16250938,302764757605748,16
new_order,73456211,302764831170586,16
payment,44746905,302764876052355,16
delivery,28815521,302764904988623,16
delivery,32933761,302764937978181,16
delivery,29308459,302764967342612,16
delivery,29328472,302764996727179,16
delivery,28960103,302765025809596,16
delivery,36998250,302765062902648,16
delivery,26987117,302765089988071,16
delivery,27348027,302765117391869,16
delivery,29120509,302765146642800,16
delivery,34169968,302765180933355,16
new_order,65244052,302765246233462,16
new_order,146164895,302765392454646,16
payment,32000589,302765424575390,16
payment,42567061,302765467208732,16
payment,35916015,302765503246316,16
payment,74698505,302765578042756,16
payment,26800898,302765604914331,16
payment,82638567,302765687659379,16
stock_level,54800266,302765742567629,16
payment,24964748,302765767616370,16
payment,43190807,302765810891152,16
order_status,16524855,302765827536824,16
payment,25241021,302765852920675,16
payment,58385272,302765911364090,16
new_order,95160702,302766006583957,16
payment,63227359,302766069932156,16
new_order,120690064,302766190742394,16
payment,47353787,302766238153864,16
payment,74750141,302766313028275,16
new_order,82303063,302766395453042,16
new_order,120322560,302766515886476,16
new_order,105038613,302766621045264,16
new_order,62963193,302766684130777,16
new_order,80376058,302766764629440,16
new_order,102188224,302766866874278,16
payment,45635836,302766912579688,16
stock_level,23412983,302766936058410,16
payment,36554883,302766972671112,16
payment,28468291,302767001195556,16
new_order,116153594,302767117405293,16
delivery,26873236,302767144377007,16
delivery,26527318,302767170971470,16
delivery,29717531,302767200809189,16
delivery,33789378,302767234699443,16
delivery,28943243,302767263762941,16
delivery,31562437,302767295384522,16
delivery,29867435,302767325375025,16
delivery,36175912,302767361641555,16
delivery,45344818,302767407082809,16
delivery,32753518,302767439890844,16
new_order,103958823,302767543909691,16
stock_level,16599673,302767560633992,16
payment,28862513,302767589547810,16
new_order,101485045,302767691136932,16
new_order,148047044,302767839234946,16
payment,44030176,302767883382400,16
payment,39300925,302767922802047,16
payment,30048954,302767952969303,16
payment,37531632,302767990607201,16
payment,29971049,302768020645126,16
new_order,126027730,302768146800373,16
stock_level,17676011,302768164533050,16
new_order,107585370,302768272173449,16
delivery,37456606,302768309686264,16
delivery,30592655,302768340399851,16
delivery,35501595,302768376028409,16
delivery,32508607,302768408650053,16
delivery,53872782,302768462643246,16
delivery,37359279,302768500123010,16
delivery,30425110,302768530668732,16
delivery,35657656,302768566382704,16
delivery,32394224,302768598897423,16
delivery,29888755,302768628907440,16
payment,35138834,302768664169943,16
payment,32237178,302768696536558,16
order_status,19423779,302768716109665,16
new_order,118146571,302768834376739,16
new_order,113021343,302768947492482,16
stock_level,29455977,302768977006043,16
payment,30168245,302769007317584,16
order_status,17503041,302769024929811,16
payment,39153902,302769064141151,16
payment,93428310,302769157693460,16
new_order,128988419,302769286755987,16
new_order,107827798,302769394682667,16
new_order,153848804,302769548592931,16
stock_level,27987182,302769576727793,16
new_order,162961195,302769739832833,16
new_order,138071176,302769878026748,16
payment,34508094,302769912627143,16
new_order,98798504,302770011548853,16
new_order,129781710,302770141458808,16
new_order,162561431,302770304077877,16
new_order,169347262,302770473548425,16
payment,43893192,302770517500867,16
payment,62360646,302770579984454,16
payment,61751452,302770641858333,16
new_order,355375698,302770997291345,16
new_order,138451252,302771135866209,16
payment,42347405,302771178317781,16
new_order,146980224,302771325421083,16
payment,50804118,302771376318959,16
payment,37557841,302771413969301,16
delivery,41045040,302771455137313,16
delivery,45196536,302771500456901,16
delivery,44174832,302771544703420,16
delivery,40297686,302771585127240,16
delivery,51714809,302771636966077,16
delivery,57121672,302771694213036,16
delivery,39432327,302771733768701,16
delivery,39591285,302771773416766,16
delivery,42154066,302771815672031,16
delivery,39220598,302771855015474,16
payment,41839450,302771896977720,16
payment,33800066,302771930900674,16
payment,53553019,302771984513085,16
new_order,172905699,302772157560083,16
new_order,149511981,302772307220054,16
delivery,49179751,302772356521467,16
delivery,40252616,302772396917497,16
delivery,44874447,302772441915918,16
delivery,34424862,302772476463871,16
delivery,40869395,302772517497557,16
delivery,52349295,302772569904527,16
delivery,38774179,302772608735460,16
delivery,37831119,302772646692235,16
delivery,43515712,302772690320867,16
delivery,50346117,302772740789674,16
payment,34052114,302772774965066,16
payment,36645152,302772811669595,16
delivery,52194340,302772863986272,16
delivery,38425594,302772902489582,16
delivery,33507010,302772936120711,16
delivery,44967601,302772981145754,16
delivery,40094513,302773021363102,16
delivery,38375821,302773059871110,16
delivery,48609920,302773108538816,16
delivery,45207581,302773153802986,16
delivery,59255805,302773213116171,16
delivery,41042117,302773254268875,16
order_status,19613573,302773273938984,16
payment,38031155,302773312029970,16
new_order,146944532,302773459108937,16
payment,45351057,302773504587701,16
new_order,216832494,302773721555761,16
order_status,17821118,302773739502641,16
new_order,167923269,302773907548074,16
payment,38167010,302773945836757,16
order_status,21232676,302773967191773,16
new_order,95481413,302774062802574,16
payment,53420722,302774116280193,16
delivery,40289872,302774156679144,16
delivery,41460273,302774198283141,16
delivery,40421152,302774238827881,16
delivery,40524897,302774279475302,16
delivery,42813566,302774322346213,16
delivery,38759188,302774361236884,16
delivery,36717449,302774398064759,16
delivery,39743807,302774437865754,16
delivery,38723536,302774476710743,16
delivery,43388261,302774520221159,16
payment,33128552,302774553406445,16
payment,168017964,302774721481851,16
#end,21,37562,16
