payment,28602516,302753707760532,96
payment,40856288,302753748720392,96
new_order,78976061,302753827820066,96
new_order,119859947,302753947816063,96
new_order,114294345,302754062202411,96
new_order,139997685,302754202336404,96
new_order,153075108,302754355516882,96
payment,47109222,302754402741969,96
new_order,133700713,302754536570844,96
stock_level,25475294,302754562194083,96
new_order,121314142,302754683636479,96
new_order,204923471,302754888696743,96
new_order,251740650,302755140567719,96
payment,46128252,302755186765964,96
new_order,108652954,302755295480227,96
stock_level,22341603,302755317950049,96
payment,31043549,302755349121546,96
delivery,34272237,302755383520537,96
delivery,35261797,302755418903741,96
delivery,34118702,302755453080455,96
delivery,33653130,302755486854882,96
delivery,31146954,302755518136836,96
delivery,33151729,302755551409488,96
delivery,28589269,302755580068127,96
delivery,28015839,302755608206978,96
delivery,29184656,302755637513653,96
delivery,31466542,302755669101115,96
payment,36902549,302755706067336,96
payment,66609884,302755772786976,96
order_status,20643214,302755793532544,96
new_order,124374189,302755918029401,96
new_order,108520831,302756026659586,96
new_order,148455186,302756175235828,96
new_order,161191236,302756336556617,96
new_order,260952027,302756597596010,96
payment,35169446,302756632891128,96
payment,47855129,302756680868649,96
new_order,117671959,302756798598521,96
payment,34987118,302756833707333,96
payment,45457251,302756879239128,96
new_order,139158051,302757018472216,96
new_order,91383670,302757109978857,96
new_order,130621484,302757240722631,96
payment,41925694,302757282759616,96
payment,43960188,302757326821194,96
payment,55852978,302757382797219,96
new_order,80453398,302757463387695,96
payment,54817001,302757518261181,96
new_order,75600535,302757593961215,96
payment,32971267,302757627054742,96
new_order,168153238,302757795332319,96
payment,42776720,302757838230913,96
payment,32453100,302757870743225,96
delivery,33381863,302757904257762,96
delivery,33584065,302757937901049,96
delivery,39301361,302757977323762,96
delivery,28863538,302758006308869,96
delivery,30818189,302758037249233,96
delivery,32591934,302758069964243,96
delivery,33510678,302758103596094,96
delivery,38461310,302758142179759,96
delivery,33137153,302758175440445,96
delivery,33027393,302758208589592,96
payment,35643647,302758244369874,96
payment,50408430,302758294835865,96
payment,38833116,302758333799375,96
payment,37110134,302758371034670,96
payment,35942541,302758407099530,96
new_order,155734942,302758562955797,96
new_order,138207598,302758701222670,96
order_status,19282134,302758720627125,96
payment,47593599,302758768364801,96
payment,106587468,302758875037466,96
new_order,154306341,302759029401488,96
delivery,39333075,302759068868119,96
delivery,35999042,302759104995483,96
delivery,36850509,302759141944964,96
delivery,41679658,302759183754265,96
delivery,41863160,302759225748320,96
delivery,39827923,302759265705167,96
delivery,40703957,302759306536898,96
delivery,42921234,302759349517634,96
delivery,52232767,302759401913843,96
delivery,43535714,302759445572659,96
payment,52036625,302759497743023,96
payment,42633571,302759540508711,96
order_status,20434965,302759561000432,96
new_order,62174415,302759623285601,96
new_order,132350514,302759755758614,96
payment,44457534,302759800338635,96
new_order,1218370188,302761018808725,96
new_order,153070857,302761172001746,96
new_order,142154550,302761314277965,96
payment,29947321,302761344347125,96
new_order,131278924,302761475748386,96
new_order,107449406,302761583308001,96
payment,55555781,302761638920580,96
new_order,95554845,302761734598934,96
payment,65608435,302761800266186,96
stock_level,51558612,302761851945858,96
payment,33709360,302761885778036,96
new_order,104265245,302761990153801,96
payment,41280108,302762031490810,96
new_order,96711960,302762128324421,96
payment,62373934,302762190831130,96
payment,34954509,302762225907381,96
new_order,92566958,302762318566242,96
payment,41928580,302762360594109,96
payment,42601639,302762403302689,96
new_order,89950999,302762493340987,96
payment,33444665,302762526929346,96
new_order,119772683,302762646837053,96
new_order,82839382,302762729777651,96
delivery,29463144,302762759362268,96
delivery,34331189,302762793820938,96
delivery,27000491,302762820941584,96
delivery,30351167,302762851416690,96
delivery,26306024,302762877882084,96
delivery,26615228,302762904621878,96
delivery,31940006,302762936689611,96
delivery,30981136,302762967807232,96
delivery,38161683,302763006067034,96
delivery,27280126,302763033472613,96
new_order,173150614,302763206742704,96
new_order,200507249,302763407412191,96
new_order,75156433,302763482688378,96
new_order,105177586,302763587985943,96
payment,119975067,302763708080472,96
new_order,91507252,302763799664239,96
payment,82159150,302763881889974,96
new_order,105686632,302763987697558,96
new_order,119056711,302764106880587,96
payment,41142066,302764148146196,96
payment,44444014,302764192719131,96
order_status,17345446,302764210184657,96
payment,73641695,302764283882841,96
new_order,103040880,302764387024816,96
payment,39961103,302764427108402,96
payment,44652662,302764471824135,96
new_order,68957162,302764540902230,96
payment,36368032,302764577412381,96
new_order,130798856,302764708266997,96
new_order,64106425,302764772472271,96
new_order,63578474,302764836106158,96
payment,29197352,302764865437857,96
new_order,98165164,302764963726283,96
payment,47700401,302765011546443,96
payment,61610697,302765073276398,96
payment,36946748,302765110282191,96
new_order,120608850,302765231011897,96
new_order,231478582,302765462611008,96
new_order,58823839,302765521491449,96
new_order,78910368,302765600522413,96
payment,40649402,302765641326363,96
new_order,112417148,302765753876518,96
payment,58762712,302765812737817,96
payment,46720049,302765859580296,96
payment,35586440,302765895299859,96
new_order,56568719,302765951924573,96
new_order,630706693,302766582756892,96
new_order,116390947,302766699271182,96
payment,49255831,302766748638244,96
payment,50805932,302766799595540,96
stock_level,15692030,302766815395604,96
payment,38774623,302766854226154,96
payment,38504940,302766892853203,96
new_order,244810059,302767137816269,96
payment,47456198,302767185402038,96
new_order,205000511,302767390523078,96
payment,26027931,302767416625058,96
stock_level,64078307,302767480758380,96
payment,35564816,302767516391205,96
new_order,98019849,302767614489298,96
payment,50817073,302767665439484,96
new_order,98704947,302767764194875,96
new_order,129631647,302767893942064,96
payment,32738042,302767926731927,96
payment,43039854,302767969826107,96
payment,28690533,302767998622558,96
new_order,154779460,302768153455255,96
new_order,134669317,302768288281764,96
delivery,35820213,302768324200538,96
delivery,37539839,302768361849948,96
delivery,35569522,302768397540106,96
delivery,63466369,302768461145930,96
delivery,41335371,302768502604012,96
delivery,33700314,302768536425970,96
delivery,36240148,302768572798511,96
delivery,35581241,302768608509462,96
delivery,35279610,302768643847430,96
delivery,39631595,302768683534875,96
new_order,73259235,302768756919825,96
delivery,35392052,302768792368464,96
delivery,31279018,302768823771129,96
delivery,31137569,302768855028365,96
delivery,34206149,302768889290273,96
delivery,30848223,302768920194944,96
delivery,39364526,302768959679806,96
delivery,35699072,302768995435167,96
delivery,31904596,302769027468285,96
delivery,35341992,302769062931570,96
delivery,38167907,302769101215827,96
new_order,130014235,302769231286598,96
new_order,118468548,302769349888612,96
new_order,80129348,302769430076994,96
new_order,129122540,302769559259179,96
payment,53441943,302769612815354,96
new_order,95525190,302769708451327,96
new_order,135078179,302769843673963,96
payment,32169601,302769875965418,96
payment,28446695,302769904546448,96
order_status,19065921,302769923751989,96
new_order,84051914,302770007925106,96
payment,27222663,302770035269196,96
payment,46453308,302770081860826,96
new_order,75322713,302770157308389,96
new_order,104514890,302770261879581,96
payment,74762896,302770336698916,96
payment,65581513,302770402391542,96
new_order,127460691,302770529987069,96
payment,45556439,302770575663674,96
new_order,217008874,302770792800741,96
payment,53993780,302770846914705,96
payment,64216123,302770911253674,96
order_status,18304108,302770929616296,96
new_order,154742782,302771084509630,96
payment,37528058,302771122177700,96
new_order,181987163,302771304306516,96
new_order,301777728,302771606241671,96
new_order,98340550,302771704707445,96
payment,40549939,302771745383021,96
new_order,146459904,302771891974259,96
payment,77704955,302771969735889,96
new_order,146654798,302772116531751,96
payment,148749309,302772265405644,96
payment,33371659,302772298833041,96
new_order,148042177,302772446995583,96
payment,56924457,302772503975728,96
new_order,134667692,302772638766332,96
payment,33455224,302772672341189,96
new_order,170389542,302772842839067,96
new_order,171502221,302773014461257,96
stock_level,17381018,302773031979079,96
new_order,213497313,302773245588594,96
new_order,149210710,302773394919198,96
payment,38937152,302773434007483,96
new_order,126701115,302773560832191,96
new_order,132700253,302773693775961,96
payment,43640894,302773737537465,96
payment,32725420,302773770383085,96
payment,39031002,302773809583877,96
payment,42921996,302773852626684,96
payment,36199714,302773888948864,96
payment,33285106,302773922362582,96
new_order,143373674,302774065855703,96
new_order,103467601,302774169457868,96
payment,41084919,302774210600456,96
new_order,118613191,302774329312659,96
payment,43567495,302774373000177,96
payment,52633115,302774425691358,96
new_order,103628585,302774529412305,96
payment,97695726,302774627163689,96
new_order,149451933,302774776743377,96
#end,21,97704,96
