cpu_count  1 
get_nprocs  8 
starting client threadpool
Num_cpus: 8 
num hosts=24; num_threads=1
20240527-222002-4062 111881 * Client          (client.cc:84):     Site .liamcrdb.pequin-pg0.utah.cloudlab.us 

20240527-222002-4064 111881 * Client          (client.cc:88):     Connecting to gateway postgresql://root@us-east-1-0.liamcrdb.pequin-pg0.utah.cloudlab.us:7087/defaultdb?sslmode=disable
20240527-222002-4100 111881 * Client          (client.cc:112):    Connected successfully after 1 tries
20240527-222002-4101 111881 * Client          (client.cc:115):    Established TaoPQ connection to backend
20240527-222002-4101 111881 * Client          (client.cc:121):    Client successfully started
20240527-222002-4102 111881 * BenchmarkClient (bench_client.cc:56): Delay between requests: 2 ms
NEW ORDER
20240527-222002-4184 111881 * Begin           (client.cc:130):    Begin Transaction
catch abort
20240527-222002-4307 111881 * SendNext        (sync_transaction_bench_client. TXN was aborted. Need to retry. First backoff for milisecs: 5
NEW ORDER
20240527-222002-4358 111881 * Begin           (client.cc:130):    Begin Transaction
20240527-222002-4359 111881 PANIC Begin           (client.cc:133):    why is tr not nullptr???
20240527-222002-4362 111881 ! Backtrace       (message.cc:180):   /mnt/extra/indicus/bin/benchmark(+0x323e20) [0x5589d4b55e20]
20240527-222002-4362 111881 ! Backtrace       (message.cc:180):   /mnt/extra/indicus/bin/benchmark(+0x47f37f) [0x5589d4cb137f]
20240527-222002-4362 111881 ! Backtrace       (message.cc:180):   /mnt/extra/indicus/bin/benchmark(+0x47f4cd) [0x5589d4cb14cd]
20240527-222002-4362 111881 ! Backtrace       (message.cc:180):   /mnt/extra/indicus/bin/benchmark(+0x1158b9b) [0x5589d598ab9b]
20240527-222002-4363 111881 ! Backtrace       (message.cc:180):   /mnt/extra/indicus/bin/benchmark(+0x58b323) [0x5589d4dbd323]
20240527-222002-4363 111881 ! Backtrace       (message.cc:180):   /mnt/extra/indicus/bin/benchmark(+0x11c0e0e) [0x5589d59f2e0e]
20240527-222002-4363 111881 ! Backtrace       (message.cc:180):   /mnt/extra/indicus/bin/benchmark(+0x46c7a1) [0x5589d4c9e7a1]
20240527-222002-4363 111881 ! Backtrace       (message.cc:180):   /mnt/extra/indicus/bin/benchmark(+0x46de42) [0x5589d4c9fe42]
20240527-222002-4364 111881 ! Backtrace       (message.cc:180):   /mnt/extra/indicus/bin/benchmark(+0x46589f) [0x5589d4c9789f]
20240527-222002-4364 111881 ! Backtrace       (message.cc:180):   /mnt/extra/indicus/bin/benchmark(+0x408276) [0x5589d4c3a276]
20240527-222002-4364 111881 ! Backtrace       (message.cc:180):   /lib/x86_64-linux-gnu/libstdc++.so.6(+0xd6de4) [0x7fa0d4f6cde4]
20240527-222002-4364 111881 ! Backtrace       (message.cc:180):   /lib/x86_64-linux-gnu/libpthread.so.0(+0x8609) [0x7fa0d6ca0609]
20240527-222002-4365 111881 ! Backtrace       (message.cc:180):   /lib/x86_64-linux-gnu/libc.so.6(clone+0x43) [0x7fa0d4c51133]
