cpu_count  1 
get_nprocs  8 
starting client threadpool
Num_cpus: 8 
num hosts=24; num_threads=1
20240527-222002-3862 111884 * Client          (client.cc:84):     Site .liamcrdb.pequin-pg0.utah.cloudlab.us 

20240527-222002-3863 111884 * Client          (client.cc:88):     Connecting to gateway postgresql://root@us-east-1-0.liamcrdb.pequin-pg0.utah.cloudlab.us:7087/defaultdb?sslmode=disable
20240527-222002-3903 111884 * Client          (client.cc:112):    Connected successfully after 1 tries
20240527-222002-3904 111884 * Client          (client.cc:115):    Established TaoPQ connection to backend
20240527-222002-3904 111884 * Client          (client.cc:121):    Client successfully started
20240527-222002-3904 111884 * BenchmarkClient (bench_client.cc:56): Delay between requests: 2 ms
PAYMENT
20240527-222002-3987 111884 * Begin           (client.cc:130):    Begin Transaction
catch abort
20240527-222002-4287 111884 * SendNext        (sync_transaction_bench_client. TXN was aborted. Need to retry. First backoff for milisecs: 2
PAYMENT
20240527-222002-4308 111884 * Begin           (client.cc:130):    Begin Transaction
20240527-222002-4308 111884 PANIC Begin           (client.cc:133):    why is tr not nullptr???
20240527-222002-4312 111884 ! Backtrace       (message.cc:180):   /mnt/extra/indicus/bin/benchmark(+0x323e20) [0x557308b46e20]
20240527-222002-4313 111884 ! Backtrace       (message.cc:180):   /mnt/extra/indicus/bin/benchmark(+0x47f37f) [0x557308ca237f]
20240527-222002-4313 111884 ! Backtrace       (message.cc:180):   /mnt/extra/indicus/bin/benchmark(+0x47f4cd) [0x557308ca24cd]
20240527-222002-4313 111884 ! Backtrace       (message.cc:180):   /mnt/extra/indicus/bin/benchmark(+0x1158b9b) [0x55730997bb9b]
20240527-222002-4314 111884 ! Backtrace       (message.cc:180):   /mnt/extra/indicus/bin/benchmark(+0x58b323) [0x557308dae323]
20240527-222002-4314 111884 ! Backtrace       (message.cc:180):   /mnt/extra/indicus/bin/benchmark(+0x11cbaaf) [0x5573099eeaaf]
20240527-222002-4315 111884 ! Backtrace       (message.cc:180):   /mnt/extra/indicus/bin/benchmark(+0x46c7a1) [0x557308c8f7a1]
20240527-222002-4315 111884 ! Backtrace       (message.cc:180):   /mnt/extra/indicus/bin/benchmark(+0x46de42) [0x557308c90e42]
20240527-222002-4315 111884 ! Backtrace       (message.cc:180):   /mnt/extra/indicus/bin/benchmark(+0x46589f) [0x557308c8889f]
20240527-222002-4316 111884 ! Backtrace       (message.cc:180):   /mnt/extra/indicus/bin/benchmark(+0x408276) [0x557308c2b276]
20240527-222002-4316 111884 ! Backtrace       (message.cc:180):   /lib/x86_64-linux-gnu/libstdc++.so.6(+0xd6de4) [0x7fe8d8fa3de4]
20240527-222002-4316 111884 ! Backtrace       (message.cc:180):   /lib/x86_64-linux-gnu/libpthread.so.0(+0x8609) [0x7fe8dacd7609]
20240527-222002-4317 111884 ! Backtrace       (message.cc:180):   /lib/x86_64-linux-gnu/libc.so.6(clone+0x43) [0x7fe8d8c88133]
