cpu_count  1 
get_nprocs  8 
starting client threadpool
Num_cpus: 8 
num hosts=24; num_threads=1
20240527-222002-4038 111885 * Client          (client.cc:84):     Site .liamcrdb.pequin-pg0.utah.cloudlab.us 

20240527-222002-4040 111885 * Client          (client.cc:88):     Connecting to gateway postgresql://root@us-east-1-0.liamcrdb.pequin-pg0.utah.cloudlab.us:7087/defaultdb?sslmode=disable
20240527-222002-4081 111885 * Client          (client.cc:112):    Connected successfully after 1 tries
20240527-222002-4082 111885 * Client          (client.cc:115):    Established TaoPQ connection to backend
20240527-222002-4082 111885 * Client          (client.cc:121):    Client successfully started
20240527-222002-4082 111885 * BenchmarkClient (bench_client.cc:56): Delay between requests: 2 ms
DELIVERY TX
20240527-222002-4165 111885 * Begin           (client.cc:130):    Begin Transaction
DELIVERY TX
20240527-222002-4989 111885 * Begin           (client.cc:130):    Begin Transaction
DELIVERY TX
20240527-222002-5891 111885 * Begin           (client.cc:130):    Begin Transaction
DELIVERY TX
20240527-222002-6207 111885 * Begin           (client.cc:130):    Begin Transaction
DELIVERY TX
20240527-222002-6537 111885 * Begin           (client.cc:130):    Begin Transaction
DELIVERY TX
20240527-222002-6895 111885 * Begin           (client.cc:130):    Begin Transaction
DELIVERY TX
20240527-222002-7319 111885 * Begin           (client.cc:130):    Begin Transaction
DELIVERY TX
20240527-222002-7666 111885 * Begin           (client.cc:130):    Begin Transaction
DELIVERY TX
20240527-222002-7996 111885 * Begin           (client.cc:130):    Begin Transaction
DELIVERY TX
20240527-222002-8541 111885 * Begin           (client.cc:130):    Begin Transaction
NEW ORDER
20240527-222002-9028 111885 * Begin           (client.cc:130):    Begin Transaction
catch abort
20240527-222002-9160 111885 * SendNext        (sync_transaction_bench_client. TXN was aborted. Need to retry. First backoff for milisecs: 5
NEW ORDER
20240527-222002-9212 111885 * Begin           (client.cc:130):    Begin Transaction
20240527-222002-9213 111885 PANIC Begin           (client.cc:133):    why is tr not nullptr???
20240527-222002-9219 111885 ! Backtrace       (message.cc:180):   /mnt/extra/indicus/bin/benchmark(+0x323e20) [0x55a0db17ae20]
20240527-222002-9220 111885 ! Backtrace       (message.cc:180):   /mnt/extra/indicus/bin/benchmark(+0x47f37f) [0x55a0db2d637f]
20240527-222002-9220 111885 ! Backtrace       (message.cc:180):   /mnt/extra/indicus/bin/benchmark(+0x47f4cd) [0x55a0db2d64cd]
20240527-222002-9221 111885 ! Backtrace       (message.cc:180):   /mnt/extra/indicus/bin/benchmark(+0x1158b9b) [0x55a0dbfafb9b]
20240527-222002-9221 111885 ! Backtrace       (message.cc:180):   /mnt/extra/indicus/bin/benchmark(+0x58b323) [0x55a0db3e2323]
20240527-222002-9221 111885 ! Backtrace       (message.cc:180):   /mnt/extra/indicus/bin/benchmark(+0x11c0e0e) [0x55a0dc017e0e]
20240527-222002-9222 111885 ! Backtrace       (message.cc:180):   /mnt/extra/indicus/bin/benchmark(+0x46c7a1) [0x55a0db2c37a1]
20240527-222002-9222 111885 ! Backtrace       (message.cc:180):   /mnt/extra/indicus/bin/benchmark(+0x408310) [0x55a0db25f310]
20240527-222002-9223 111885 ! Backtrace       (message.cc:180):   /lib/x86_64-linux-gnu/libstdc++.so.6(+0xd6de4) [0x7fa973873de4]
20240527-222002-9223 111885 ! Backtrace       (message.cc:180):   /lib/x86_64-linux-gnu/libpthread.so.0(+0x8609) [0x7fa9755a7609]
20240527-222002-9223 111885 ! Backtrace       (message.cc:180):   /lib/x86_64-linux-gnu/libc.so.6(clone+0x43) [0x7fa973558133]
