cpu_count  1 
get_nprocs  8 
starting client threadpool
Num_cpus: 8 
num hosts=24; num_threads=1
20240527-222002-4337 111883 * Client          (client.cc:84):     Site .liamcrdb.pequin-pg0.utah.cloudlab.us 

20240527-222002-4338 111883 * Client          (client.cc:88):     Connecting to gateway postgresql://root@us-east-1-0.liamcrdb.pequin-pg0.utah.cloudlab.us:7087/defaultdb?sslmode=disable
20240527-222002-4367 111883 * Client          (client.cc:112):    Connected successfully after 1 tries
20240527-222002-4367 111883 * Client          (client.cc:115):    Established TaoPQ connection to backend
20240527-222002-4368 111883 * Client          (client.cc:121):    Client successfully started
20240527-222002-4368 111883 * BenchmarkClient (bench_client.cc:56): Delay between requests: 2 ms
PAYMENT
20240527-222002-4451 111883 * Begin           (client.cc:130):    Begin Transaction
catch abort
20240527-222002-4586 111883 * SendNext        (sync_transaction_bench_client. TXN was aborted. Need to retry. First backoff for milisecs: 2
PAYMENT
20240527-222002-4608 111883 * Begin           (client.cc:130):    Begin Transaction
20240527-222002-4609 111883 PANIC Begin           (client.cc:133):    why is tr not nullptr???
20240527-222002-4615 111883 ! Backtrace       (message.cc:180):   /mnt/extra/indicus/bin/benchmark(+0x323e20) [0x5594510ebe20]
20240527-222002-4615 111883 ! Backtrace       (message.cc:180):   /mnt/extra/indicus/bin/benchmark(+0x47f37f) [0x55945124737f]
20240527-222002-4616 111883 ! Backtrace       (message.cc:180):   /mnt/extra/indicus/bin/benchmark(+0x47f4cd) [0x5594512474cd]
20240527-222002-4616 111883 ! Backtrace       (message.cc:180):   /mnt/extra/indicus/bin/benchmark(+0x1158b9b) [0x559451f20b9b]
20240527-222002-4616 111883 ! Backtrace       (message.cc:180):   /mnt/extra/indicus/bin/benchmark(+0x58b323) [0x559451353323]
20240527-222002-4616 111883 ! Backtrace       (message.cc:180):   /mnt/extra/indicus/bin/benchmark(+0x11cbaaf) [0x559451f93aaf]
20240527-222002-4617 111883 ! Backtrace       (message.cc:180):   /mnt/extra/indicus/bin/benchmark(+0x46c7a1) [0x5594512347a1]
20240527-222002-4617 111883 ! Backtrace       (message.cc:180):   /mnt/extra/indicus/bin/benchmark(+0x46de42) [0x559451235e42]
20240527-222002-4617 111883 ! Backtrace       (message.cc:180):   /mnt/extra/indicus/bin/benchmark(+0x46589f) [0x55945122d89f]
20240527-222002-4618 111883 ! Backtrace       (message.cc:180):   /mnt/extra/indicus/bin/benchmark(+0x408276) [0x5594511d0276]
20240527-222002-4618 111883 ! Backtrace       (message.cc:180):   /lib/x86_64-linux-gnu/libstdc++.so.6(+0xd6de4) [0x7fe8eafa7de4]
20240527-222002-4618 111883 ! Backtrace       (message.cc:180):   /lib/x86_64-linux-gnu/libpthread.so.0(+0x8609) [0x7fe8eccdb609]
20240527-222002-4619 111883 ! Backtrace       (message.cc:180):   /lib/x86_64-linux-gnu/libc.so.6(clone+0x43) [0x7fe8eac8c133]
