cpu_count  1 
get_nprocs  8 
starting client threadpool
Num_cpus: 8 
num hosts=24; num_threads=1
20240527-222002-3850 111879 * Client          (client.cc:84):     Site .liamcrdb.pequin-pg0.utah.cloudlab.us 

20240527-222002-3851 111879 * Client          (client.cc:88):     Connecting to gateway postgresql://root@us-east-1-0.liamcrdb.pequin-pg0.utah.cloudlab.us:7087/defaultdb?sslmode=disable
20240527-222002-3880 111879 * Client          (client.cc:112):    Connected successfully after 1 tries
20240527-222002-3880 111879 * Client          (client.cc:115):    Established TaoPQ connection to backend
20240527-222002-3881 111879 * Client          (client.cc:121):    Client successfully started
20240527-222002-3881 111879 * BenchmarkClient (bench_client.cc:56): Delay between requests: 2 ms
NEW ORDER
20240527-222002-3964 111879 * Begin           (client.cc:130):    Begin Transaction
catch abort
20240527-222002-4291 111879 * SendNext        (sync_transaction_bench_client. TXN was aborted. Need to retry. First backoff for milisecs: 2
NEW ORDER
20240527-222002-4313 111879 * Begin           (client.cc:130):    Begin Transaction
20240527-222002-4314 111879 PANIC Begin           (client.cc:133):    why is tr not nullptr???
20240527-222002-4319 111879 ! Backtrace       (message.cc:180):   /mnt/extra/indicus/bin/benchmark(+0x323e20) [0x558594f84e20]
20240527-222002-4320 111879 ! Backtrace       (message.cc:180):   /mnt/extra/indicus/bin/benchmark(+0x47f37f) [0x5585950e037f]
20240527-222002-4320 111879 ! Backtrace       (message.cc:180):   /mnt/extra/indicus/bin/benchmark(+0x47f4cd) [0x5585950e04cd]
20240527-222002-4321 111879 ! Backtrace       (message.cc:180):   /mnt/extra/indicus/bin/benchmark(+0x1158b9b) [0x558595db9b9b]
20240527-222002-4321 111879 ! Backtrace       (message.cc:180):   /mnt/extra/indicus/bin/benchmark(+0x58b323) [0x5585951ec323]
20240527-222002-4321 111879 ! Backtrace       (message.cc:180):   /mnt/extra/indicus/bin/benchmark(+0x11c0e0e) [0x558595e21e0e]
20240527-222002-4322 111879 ! Backtrace       (message.cc:180):   /mnt/extra/indicus/bin/benchmark(+0x46c7a1) [0x5585950cd7a1]
20240527-222002-4322 111879 ! Backtrace       (message.cc:180):   /mnt/extra/indicus/bin/benchmark(+0x46de42) [0x5585950cee42]
20240527-222002-4323 111879 ! Backtrace       (message.cc:180):   /mnt/extra/indicus/bin/benchmark(+0x46589f) [0x5585950c689f]
20240527-222002-4323 111879 ! Backtrace       (message.cc:180):   /mnt/extra/indicus/bin/benchmark(+0x408276) [0x558595069276]
20240527-222002-4323 111879 ! Backtrace       (message.cc:180):   /lib/x86_64-linux-gnu/libstdc++.so.6(+0xd6de4) [0x7f25fe856de4]
20240527-222002-4324 111879 ! Backtrace       (message.cc:180):   /lib/x86_64-linux-gnu/libpthread.so.0(+0x8609) [0x7f260058a609]
20240527-222002-4324 111879 ! Backtrace       (message.cc:180):   /lib/x86_64-linux-gnu/libc.so.6(clone+0x43) [0x7f25fe53b133]
