cpu_count  1 
get_nprocs  8 
starting client threadpool
Num_cpus: 8 
num hosts=24; num_threads=1
20240525-004230-4786 66195 * Client          (client.cc:84):     Site .liamcrdb.pequin-pg0.utah.cloudlab.us 

20240525-004230-4787 66195 * Client          (client.cc:88):     Connecting to gateway postgresql://root@us-east-1-0.liamcrdb.pequin-pg0.utah.cloudlab.us:7087/defaultdb?sslmode=disable
20240525-004230-4822 66195 * Client          (client.cc:112):    Connected successfully after 1 tries
20240525-004230-4822 66195 * Client          (client.cc:115):    Established TaoPQ connection to backend
20240525-004230-4823 66195 * Client          (client.cc:121):    Client successfully started
20240525-004230-4823 66195 * BenchmarkClient (bench_client.cc:56): Delay between requests: 2 ms
NEW ORDER (parallel)
20240525-004230-4907 66195 * Begin           (client.cc:130):    Begin Transaction
catch abort
20240525-004230-5328 66195 * SendNext        (sync_transaction_bench_client. TXN was aborted. Need to retry. First backoff for milisecs: 1
NEW ORDER (parallel)
20240525-004230-5340 66195 * Begin           (client.cc:130):    Begin Transaction
20240525-004230-5341 66195 PANIC Begin           (client.cc:133):    why is tr not nullptr???
20240525-004230-5347 66195 ! Backtrace       (message.cc:180):   /mnt/extra/indicus/bin/benchmark(+0x323f20) [0x5603ba793f20]
20240525-004230-5348 66195 ! Backtrace       (message.cc:180):   /mnt/extra/indicus/bin/benchmark(+0x47f47f) [0x5603ba8ef47f]
20240525-004230-5349 66195 ! Backtrace       (message.cc:180):   /mnt/extra/indicus/bin/benchmark(+0x47f5cd) [0x5603ba8ef5cd]
20240525-004230-5349 66195 ! Backtrace       (message.cc:180):   /mnt/extra/indicus/bin/benchmark(+0x1158c9b) [0x5603bb5c8c9b]
20240525-004230-5350 66195 ! Backtrace       (message.cc:180):   /mnt/extra/indicus/bin/benchmark(+0x58b423) [0x5603ba9fb423]
20240525-004230-5350 66195 ! Backtrace       (message.cc:180):   /mnt/extra/indicus/bin/benchmark(+0x11c0f40) [0x5603bb630f40]
20240525-004230-5351 66195 ! Backtrace       (message.cc:180):   /mnt/extra/indicus/bin/benchmark(+0x46c8a1) [0x5603ba8dc8a1]
20240525-004230-5351 66195 ! Backtrace       (message.cc:180):   /mnt/extra/indicus/bin/benchmark(+0x46df42) [0x5603ba8ddf42]
20240525-004230-5352 66195 ! Backtrace       (message.cc:180):   /mnt/extra/indicus/bin/benchmark(+0x46599f) [0x5603ba8d599f]
20240525-004230-5352 66195 ! Backtrace       (message.cc:180):   /mnt/extra/indicus/bin/benchmark(+0x408376) [0x5603ba878376]
20240525-004230-5353 66195 ! Backtrace       (message.cc:180):   /lib/x86_64-linux-gnu/libstdc++.so.6(+0xd6de4) [0x7f325fc79de4]
20240525-004230-5353 66195 ! Backtrace       (message.cc:180):   /lib/x86_64-linux-gnu/libpthread.so.0(+0x8609) [0x7f32619ad609]
20240525-004230-5354 66195 ! Backtrace       (message.cc:180):   /lib/x86_64-linux-gnu/libc.so.6(clone+0x43) [0x7f325f95e133]
