cpu_count  1 
get_nprocs  8 
starting client threadpool
Num_cpus: 8 
num hosts=24; num_threads=1
20240525-004230-4783 66200 * Client          (client.cc:84):     Site .liamcrdb.pequin-pg0.utah.cloudlab.us 

20240525-004230-4785 66200 * Client          (client.cc:88):     Connecting to gateway postgresql://root@us-east-1-0.liamcrdb.pequin-pg0.utah.cloudlab.us:7087/defaultdb?sslmode=disable
20240525-004230-4814 66200 * Client          (client.cc:112):    Connected successfully after 1 tries
20240525-004230-4814 66200 * Client          (client.cc:115):    Established TaoPQ connection to backend
20240525-004230-4814 66200 * Client          (client.cc:121):    Client successfully started
20240525-004230-4815 66200 * BenchmarkClient (bench_client.cc:56): Delay between requests: 2 ms
NEW ORDER (parallel)
20240525-004230-4898 66200 * Begin           (client.cc:130):    Begin Transaction
catch abort
20240525-004230-5299 66200 * SendNext        (sync_transaction_bench_client. TXN was aborted. Need to retry. First backoff for milisecs: 2
NEW ORDER (parallel)
20240525-004230-5321 66200 * Begin           (client.cc:130):    Begin Transaction
20240525-004230-5321 66200 PANIC Begin           (client.cc:133):    why is tr not nullptr???
20240525-004230-5326 66200 ! Backtrace       (message.cc:180):   /mnt/extra/indicus/bin/benchmark(+0x323f20) [0x5619125abf20]
20240525-004230-5327 66200 ! Backtrace       (message.cc:180):   /mnt/extra/indicus/bin/benchmark(+0x47f47f) [0x56191270747f]
20240525-004230-5327 66200 ! Backtrace       (message.cc:180):   /mnt/extra/indicus/bin/benchmark(+0x47f5cd) [0x5619127075cd]
20240525-004230-5328 66200 ! Backtrace       (message.cc:180):   /mnt/extra/indicus/bin/benchmark(+0x1158c9b) [0x5619133e0c9b]
20240525-004230-5328 66200 ! Backtrace       (message.cc:180):   /mnt/extra/indicus/bin/benchmark(+0x58b423) [0x561912813423]
20240525-004230-5328 66200 ! Backtrace       (message.cc:180):   /mnt/extra/indicus/bin/benchmark(+0x11c0f40) [0x561913448f40]
20240525-004230-5329 66200 ! Backtrace       (message.cc:180):   /mnt/extra/indicus/bin/benchmark(+0x46c8a1) [0x5619126f48a1]
20240525-004230-5329 66200 ! Backtrace       (message.cc:180):   /mnt/extra/indicus/bin/benchmark(+0x46df42) [0x5619126f5f42]
20240525-004230-5329 66200 ! Backtrace       (message.cc:180):   /mnt/extra/indicus/bin/benchmark(+0x46599f) [0x5619126ed99f]
20240525-004230-5330 66200 ! Backtrace       (message.cc:180):   /mnt/extra/indicus/bin/benchmark(+0x408376) [0x561912690376]
20240525-004230-5330 66200 ! Backtrace       (message.cc:180):   /lib/x86_64-linux-gnu/libstdc++.so.6(+0xd6de4) [0x7f869daa1de4]
20240525-004230-5330 66200 ! Backtrace       (message.cc:180):   /lib/x86_64-linux-gnu/libpthread.so.0(+0x8609) [0x7f869f7d5609]
20240525-004230-5331 66200 ! Backtrace       (message.cc:180):   /lib/x86_64-linux-gnu/libc.so.6(clone+0x43) [0x7f869d786133]
