cpu_count  1 
get_nprocs  8 
starting client threadpool
Num_cpus: 8 
num hosts=24; num_threads=1
20240525-132703-7139 79894 * Client          (client.cc:84):     Site .liamcrdb.pequin-pg0.utah.cloudlab.us 

20240525-132703-7140 79894 * Client          (client.cc:88):     Connecting to gateway postgresql://root@us-east-1-0.liamcrdb.pequin-pg0.utah.cloudlab.us:7087/defaultdb?sslmode=disable
20240525-132703-7185 79894 * Client          (client.cc:112):    Connected successfully after 1 tries
20240525-132703-7186 79894 * Client          (client.cc:115):    Established TaoPQ connection to backend
20240525-132703-7186 79894 * Client          (client.cc:121):    Client successfully started
20240525-132703-7187 79894 * BenchmarkClient (bench_client.cc:56): Delay between requests: 2 ms
STOCK_LEVEL (parallel)
20240525-132703-7270 79894 * Begin           (client.cc:130):    Begin Transaction
NEW ORDER
20240525-132703-8037 79894 * Begin           (client.cc:130):    Begin Transaction
catch abort
20240525-132703-8166 79894 * SendNext        (sync_transaction_bench_client. TXN was aborted. Need to retry. First backoff for milisecs: 1
NEW ORDER
20240525-132703-8178 79894 * Begin           (client.cc:130):    Begin Transaction
20240525-132703-8178 79894 PANIC Begin           (client.cc:133):    why is tr not nullptr???
20240525-132703-8182 79894 ! Backtrace       (message.cc:180):   /mnt/extra/indicus/bin/benchmark(+0x323e20) [0x55a8fc1f3e20]
20240525-132703-8182 79894 ! Backtrace       (message.cc:180):   /mnt/extra/indicus/bin/benchmark(+0x47f37f) [0x55a8fc34f37f]
20240525-132703-8182 79894 ! Backtrace       (message.cc:180):   /mnt/extra/indicus/bin/benchmark(+0x47f4cd) [0x55a8fc34f4cd]
20240525-132703-8183 79894 ! Backtrace       (message.cc:180):   /mnt/extra/indicus/bin/benchmark(+0x1158b9b) [0x55a8fd028b9b]
20240525-132703-8183 79894 ! Backtrace       (message.cc:180):   /mnt/extra/indicus/bin/benchmark(+0x58b323) [0x55a8fc45b323]
20240525-132703-8183 79894 ! Backtrace       (message.cc:180):   /mnt/extra/indicus/bin/benchmark(+0x11c0e0e) [0x55a8fd090e0e]
20240525-132703-8184 79894 ! Backtrace       (message.cc:180):   /mnt/extra/indicus/bin/benchmark(+0x46c7a1) [0x55a8fc33c7a1]
20240525-132703-8184 79894 ! Backtrace       (message.cc:180):   /mnt/extra/indicus/bin/benchmark(+0x408310) [0x55a8fc2d8310]
20240525-132703-8184 79894 ! Backtrace       (message.cc:180):   /lib/x86_64-linux-gnu/libstdc++.so.6(+0xd6de4) [0x7f312530fde4]
20240525-132703-8185 79894 ! Backtrace       (message.cc:180):   /lib/x86_64-linux-gnu/libpthread.so.0(+0x8609) [0x7f3127043609]
20240525-132703-8185 79894 ! Backtrace       (message.cc:180):   /lib/x86_64-linux-gnu/libc.so.6(clone+0x43) [0x7f3124ff4133]
