cpu_count  1 
get_nprocs  8 
starting client threadpool
Num_cpus: 8 
num hosts=24; num_threads=1
20240525-132703-7151 79896 * Client          (client.cc:84):     Site .liamcrdb.pequin-pg0.utah.cloudlab.us 

20240525-132703-7152 79896 * Client          (client.cc:88):     Connecting to gateway postgresql://root@us-east-1-0.liamcrdb.pequin-pg0.utah.cloudlab.us:7087/defaultdb?sslmode=disable
20240525-132703-7200 79896 * Client          (client.cc:112):    Connected successfully after 1 tries
20240525-132703-7201 79896 * Client          (client.cc:115):    Established TaoPQ connection to backend
20240525-132703-7201 79896 * Client          (client.cc:121):    Client successfully started
20240525-132703-7202 79896 * BenchmarkClient (bench_client.cc:56): Delay between requests: 2 ms
PAYMENT
20240525-132703-7285 79896 * Begin           (client.cc:130):    Begin Transaction
catch abort
20240525-132703-7699 79896 * SendNext        (sync_transaction_bench_client. TXN was aborted. Need to retry. First backoff for milisecs: 1
PAYMENT
20240525-132703-7711 79896 * Begin           (client.cc:130):    Begin Transaction
20240525-132703-7711 79896 PANIC Begin           (client.cc:133):    why is tr not nullptr???
20240525-132703-7716 79896 ! Backtrace       (message.cc:180):   /mnt/extra/indicus/bin/benchmark(+0x323e20) [0x55bd1adbce20]
20240525-132703-7717 79896 ! Backtrace       (message.cc:180):   /mnt/extra/indicus/bin/benchmark(+0x47f37f) [0x55bd1af1837f]
20240525-132703-7717 79896 ! Backtrace       (message.cc:180):   /mnt/extra/indicus/bin/benchmark(+0x47f4cd) [0x55bd1af184cd]
20240525-132703-7717 79896 ! Backtrace       (message.cc:180):   /mnt/extra/indicus/bin/benchmark(+0x1158b9b) [0x55bd1bbf1b9b]
20240525-132703-7718 79896 ! Backtrace       (message.cc:180):   /mnt/extra/indicus/bin/benchmark(+0x58b323) [0x55bd1b024323]
20240525-132703-7718 79896 ! Backtrace       (message.cc:180):   /mnt/extra/indicus/bin/benchmark(+0x11cbaaf) [0x55bd1bc64aaf]
20240525-132703-7718 79896 ! Backtrace       (message.cc:180):   /mnt/extra/indicus/bin/benchmark(+0x46c7a1) [0x55bd1af057a1]
20240525-132703-7719 79896 ! Backtrace       (message.cc:180):   /mnt/extra/indicus/bin/benchmark(+0x46de42) [0x55bd1af06e42]
20240525-132703-7719 79896 ! Backtrace       (message.cc:180):   /mnt/extra/indicus/bin/benchmark(+0x46589f) [0x55bd1aefe89f]
20240525-132703-7719 79896 ! Backtrace       (message.cc:180):   /mnt/extra/indicus/bin/benchmark(+0x408276) [0x55bd1aea1276]
20240525-132703-7720 79896 ! Backtrace       (message.cc:180):   /lib/x86_64-linux-gnu/libstdc++.so.6(+0xd6de4) [0x7f4b9fc0cde4]
20240525-132703-7720 79896 ! Backtrace       (message.cc:180):   /lib/x86_64-linux-gnu/libpthread.so.0(+0x8609) [0x7f4ba1940609]
20240525-132703-7720 79896 ! Backtrace       (message.cc:180):   /lib/x86_64-linux-gnu/libc.so.6(clone+0x43) [0x7f4b9f8f1133]
