cpu_count  1 
get_nprocs  8 
starting client threadpool
Num_cpus: 8 
num hosts=24; num_threads=1
20240525-132703-7140 79895 * Client          (client.cc:84):     Site .liamcrdb.pequin-pg0.utah.cloudlab.us 

20240525-132703-7142 79895 * Client          (client.cc:88):     Connecting to gateway postgresql://root@us-east-1-0.liamcrdb.pequin-pg0.utah.cloudlab.us:7087/defaultdb?sslmode=disable
20240525-132703-7183 79895 * Client          (client.cc:112):    Connected successfully after 1 tries
20240525-132703-7184 79895 * Client          (client.cc:115):    Established TaoPQ connection to backend
20240525-132703-7184 79895 * Client          (client.cc:121):    Client successfully started
20240525-132703-7185 79895 * BenchmarkClient (bench_client.cc:56): Delay between requests: 2 ms
NEW ORDER
20240525-132703-7268 79895 * Begin           (client.cc:130):    Begin Transaction
catch abort
20240525-132703-7684 79895 * SendNext        (sync_transaction_bench_client. TXN was aborted. Need to retry. First backoff for milisecs: 1
NEW ORDER
20240525-132703-7695 79895 * Begin           (client.cc:130):    Begin Transaction
20240525-132703-7696 79895 PANIC Begin           (client.cc:133):    why is tr not nullptr???
20240525-132703-7701 79895 ! Backtrace       (message.cc:180):   /mnt/extra/indicus/bin/benchmark(+0x323e20) [0x55845cf3ee20]
20240525-132703-7701 79895 ! Backtrace       (message.cc:180):   /mnt/extra/indicus/bin/benchmark(+0x47f37f) [0x55845d09a37f]
20240525-132703-7702 79895 ! Backtrace       (message.cc:180):   /mnt/extra/indicus/bin/benchmark(+0x47f4cd) [0x55845d09a4cd]
20240525-132703-7702 79895 ! Backtrace       (message.cc:180):   /mnt/extra/indicus/bin/benchmark(+0x1158b9b) [0x55845dd73b9b]
20240525-132703-7702 79895 ! Backtrace       (message.cc:180):   /mnt/extra/indicus/bin/benchmark(+0x58b323) [0x55845d1a6323]
20240525-132703-7703 79895 ! Backtrace       (message.cc:180):   /mnt/extra/indicus/bin/benchmark(+0x11c0e0e) [0x55845dddbe0e]
20240525-132703-7703 79895 ! Backtrace       (message.cc:180):   /mnt/extra/indicus/bin/benchmark(+0x46c7a1) [0x55845d0877a1]
20240525-132703-7703 79895 ! Backtrace       (message.cc:180):   /mnt/extra/indicus/bin/benchmark(+0x46de42) [0x55845d088e42]
20240525-132703-7704 79895 ! Backtrace       (message.cc:180):   /mnt/extra/indicus/bin/benchmark(+0x46589f) [0x55845d08089f]
20240525-132703-7704 79895 ! Backtrace       (message.cc:180):   /mnt/extra/indicus/bin/benchmark(+0x408276) [0x55845d023276]
20240525-132703-7704 79895 ! Backtrace       (message.cc:180):   /lib/x86_64-linux-gnu/libstdc++.so.6(+0xd6de4) [0x7f50ef83dde4]
20240525-132703-7705 79895 ! Backtrace       (message.cc:180):   /lib/x86_64-linux-gnu/libpthread.so.0(+0x8609) [0x7f50f1571609]
20240525-132703-7705 79895 ! Backtrace       (message.cc:180):   /lib/x86_64-linux-gnu/libc.so.6(clone+0x43) [0x7f50ef522133]
