cpu_count  1 
get_nprocs  8 
starting client threadpool
Num_cpus: 8 
num hosts=24; num_threads=1
20240525-132703-7138 79886 * Client          (client.cc:84):     Site .liamcrdb.pequin-pg0.utah.cloudlab.us 

20240525-132703-7140 79886 * Client          (client.cc:88):     Connecting to gateway postgresql://root@us-east-1-0.liamcrdb.pequin-pg0.utah.cloudlab.us:7087/defaultdb?sslmode=disable
20240525-132703-7182 79886 * Client          (client.cc:112):    Connected successfully after 1 tries
20240525-132703-7182 79886 * Client          (client.cc:115):    Established TaoPQ connection to backend
20240525-132703-7182 79886 * Client          (client.cc:121):    Client successfully started
20240525-132703-7183 79886 * BenchmarkClient (bench_client.cc:56): Delay between requests: 2 ms
ORDER_STATUS
20240525-132703-7266 79886 * Begin           (client.cc:130):    Begin Transaction
NEW ORDER
20240525-132703-7950 79886 * Begin           (client.cc:130):    Begin Transaction
catch abort
20240525-132703-8292 79886 * SendNext        (sync_transaction_bench_client. TXN was aborted. Need to retry. First backoff for milisecs: 2
NEW ORDER
20240525-132703-8314 79886 * Begin           (client.cc:130):    Begin Transaction
20240525-132703-8314 79886 PANIC Begin           (client.cc:133):    why is tr not nullptr???
20240525-132703-8319 79886 ! Backtrace       (message.cc:180):   /mnt/extra/indicus/bin/benchmark(+0x323e20) [0x55a52f58de20]
20240525-132703-8319 79886 ! Backtrace       (message.cc:180):   /mnt/extra/indicus/bin/benchmark(+0x47f37f) [0x55a52f6e937f]
20240525-132703-8319 79886 ! Backtrace       (message.cc:180):   /mnt/extra/indicus/bin/benchmark(+0x47f4cd) [0x55a52f6e94cd]
20240525-132703-8320 79886 ! Backtrace       (message.cc:180):   /mnt/extra/indicus/bin/benchmark(+0x1158b9b) [0x55a5303c2b9b]
20240525-132703-8320 79886 ! Backtrace       (message.cc:180):   /mnt/extra/indicus/bin/benchmark(+0x58b323) [0x55a52f7f5323]
20240525-132703-8320 79886 ! Backtrace       (message.cc:180):   /mnt/extra/indicus/bin/benchmark(+0x11c0e0e) [0x55a53042ae0e]
20240525-132703-8321 79886 ! Backtrace       (message.cc:180):   /mnt/extra/indicus/bin/benchmark(+0x46c7a1) [0x55a52f6d67a1]
20240525-132703-8321 79886 ! Backtrace       (message.cc:180):   /mnt/extra/indicus/bin/benchmark(+0x408310) [0x55a52f672310]
20240525-132703-8321 79886 ! Backtrace       (message.cc:180):   /lib/x86_64-linux-gnu/libstdc++.so.6(+0xd6de4) [0x7ff8b6091de4]
20240525-132703-8321 79886 ! Backtrace       (message.cc:180):   /lib/x86_64-linux-gnu/libpthread.so.0(+0x8609) [0x7ff8b7dc5609]
20240525-132703-8322 79886 ! Backtrace       (message.cc:180):   /lib/x86_64-linux-gnu/libc.so.6(clone+0x43) [0x7ff8b5d76133]
