cpu_count  1 
get_nprocs  8 
starting client threadpool
Num_cpus: 8 
num hosts=24; num_threads=1
20240525-132703-7156 79898 * Client          (client.cc:84):     Site .liamcrdb.pequin-pg0.utah.cloudlab.us 

20240525-132703-7158 79898 * Client          (client.cc:88):     Connecting to gateway postgresql://root@us-east-1-0.liamcrdb.pequin-pg0.utah.cloudlab.us:7087/defaultdb?sslmode=disable
20240525-132703-7194 79898 * Client          (client.cc:112):    Connected successfully after 1 tries
20240525-132703-7194 79898 * Client          (client.cc:115):    Established TaoPQ connection to backend
20240525-132703-7195 79898 * Client          (client.cc:121):    Client successfully started
20240525-132703-7195 79898 * BenchmarkClient (bench_client.cc:56): Delay between requests: 2 ms
PAYMENT
20240525-132703-7278 79898 * Begin           (client.cc:130):    Begin Transaction
catch abort
20240525-132703-7695 79898 * SendNext        (sync_transaction_bench_client. TXN was aborted. Need to retry. First backoff for milisecs: 1
PAYMENT
20240525-132703-7707 79898 * Begin           (client.cc:130):    Begin Transaction
20240525-132703-7708 79898 PANIC Begin           (client.cc:133):    why is tr not nullptr???
20240525-132703-7715 79898 ! Backtrace       (message.cc:180):   /mnt/extra/indicus/bin/benchmark(+0x323e20) [0x55b3dab7fe20]
20240525-132703-7716 79898 ! Backtrace       (message.cc:180):   /mnt/extra/indicus/bin/benchmark(+0x47f37f) [0x55b3dacdb37f]
20240525-132703-7717 79898 ! Backtrace       (message.cc:180):   /mnt/extra/indicus/bin/benchmark(+0x47f4cd) [0x55b3dacdb4cd]
20240525-132703-7717 79898 ! Backtrace       (message.cc:180):   /mnt/extra/indicus/bin/benchmark(+0x1158b9b) [0x55b3db9b4b9b]
20240525-132703-7718 79898 ! Backtrace       (message.cc:180):   /mnt/extra/indicus/bin/benchmark(+0x58b323) [0x55b3dade7323]
20240525-132703-7718 79898 ! Backtrace       (message.cc:180):   /mnt/extra/indicus/bin/benchmark(+0x11cbaaf) [0x55b3dba27aaf]
20240525-132703-7719 79898 ! Backtrace       (message.cc:180):   /mnt/extra/indicus/bin/benchmark(+0x46c7a1) [0x55b3dacc87a1]
20240525-132703-7719 79898 ! Backtrace       (message.cc:180):   /mnt/extra/indicus/bin/benchmark(+0x46de42) [0x55b3dacc9e42]
20240525-132703-7720 79898 ! Backtrace       (message.cc:180):   /mnt/extra/indicus/bin/benchmark(+0x46589f) [0x55b3dacc189f]
20240525-132703-7720 79898 ! Backtrace       (message.cc:180):   /mnt/extra/indicus/bin/benchmark(+0x408276) [0x55b3dac64276]
20240525-132703-7721 79898 ! Backtrace       (message.cc:180):   /lib/x86_64-linux-gnu/libstdc++.so.6(+0xd6de4) [0x7f8f0504dde4]
20240525-132703-7722 79898 ! Backtrace       (message.cc:180):   /lib/x86_64-linux-gnu/libpthread.so.0(+0x8609) [0x7f8f06d81609]
20240525-132703-7722 79898 ! Backtrace       (message.cc:180):   /lib/x86_64-linux-gnu/libc.so.6(clone+0x43) [0x7f8f04d32133]
