Cluster successfully initialized
ALTER ROLE
CREATE TABLE
CREATE TABLE
CREATE INDEX
CREATE TABLE
CREATE TABLE
CREATE TABLE
CREATE TABLE
CREATE TABLE
CREATE INDEX
CREATE TABLE
CREATE TABLE
CREATE TABLE
job_id	status	fraction_completed	rows	index_entries	bytes
980656701037707265	succeeded	1	100	0	1300
job_id	status	fraction_completed	rows	index_entries	bytes
980656703299747841	succeeded	1	300000	300000	176250900
job_id	status	fraction_completed	rows	index_entries	bytes
980656720224944129	succeeded	1	100	0	10180
job_id	status	fraction_completed	rows	index_entries	bytes
980656722690670593	succeeded	1	300000	0	17093942
job_id	status	fraction_completed	rows	index_entries	bytes
980656727778656257	succeeded	1	100000	0	7855666
job_id	status	fraction_completed	rows	index_entries	bytes
980656731144716289	succeeded	1	90000	0	1170000
job_id	status	fraction_completed	rows	index_entries	bytes
980656734352637953	succeeded	1	300000	300000	13384500
job_id	status	fraction_completed	rows	index_entries	bytes
980656739985555457	succeeded	1	3003800	0	172350300
