cpu_count  1 
get_nprocs  8 
starting client threadpool
Num_cpus: 8 
num hosts=24; num_threads=1
20240525-004230-4648 64299 * Client          (client.cc:84):     Site .liamcrdb.pequin-pg0.utah.cloudlab.us 

20240525-004230-4649 64299 * Client          (client.cc:88):     Connecting to gateway postgresql://root@us-east-1-0.liamcrdb.pequin-pg0.utah.cloudlab.us:7087/defaultdb?sslmode=disable
20240525-004230-4684 64299 * Client          (client.cc:112):    Connected successfully after 1 tries
20240525-004230-4685 64299 * Client          (client.cc:115):    Established TaoPQ connection to backend
20240525-004230-4685 64299 * Client          (client.cc:121):    Client successfully started
20240525-004230-4685 64299 * BenchmarkClient (bench_client.cc:56): Delay between requests: 2 ms
PAYMENT (parallel)
20240525-004230-4768 64299 * Begin           (client.cc:130):    Begin Transaction
catch abort
20240525-004230-5316 64299 * SendNext        (sync_transaction_bench_client. TXN was aborted. Need to retry. First backoff for milisecs: 2
PAYMENT (parallel)
20240525-004230-5338 64299 * Begin           (client.cc:130):    Begin Transaction
20240525-004230-5339 64299 PANIC Begin           (client.cc:133):    why is tr not nullptr???
20240525-004230-5347 64299 ! Backtrace       (message.cc:180):   /mnt/extra/indicus/bin/benchmark(+0x323f20) [0x557240228f20]
20240525-004230-5347 64299 ! Backtrace       (message.cc:180):   /mnt/extra/indicus/bin/benchmark(+0x47f47f) [0x55724038447f]
20240525-004230-5348 64299 ! Backtrace       (message.cc:180):   /mnt/extra/indicus/bin/benchmark(+0x47f5cd) [0x5572403845cd]
20240525-004230-5348 64299 ! Backtrace       (message.cc:180):   /mnt/extra/indicus/bin/benchmark(+0x1158c9b) [0x55724105dc9b]
20240525-004230-5349 64299 ! Backtrace       (message.cc:180):   /mnt/extra/indicus/bin/benchmark(+0x58b423) [0x557240490423]
20240525-004230-5349 64299 ! Backtrace       (message.cc:180):   /mnt/extra/indicus/bin/benchmark(+0x11cbd32) [0x5572410d0d32]
20240525-004230-5350 64299 ! Backtrace       (message.cc:180):   /mnt/extra/indicus/bin/benchmark(+0x46c8a1) [0x5572403718a1]
20240525-004230-5350 64299 ! Backtrace       (message.cc:180):   /mnt/extra/indicus/bin/benchmark(+0x46df42) [0x557240372f42]
20240525-004230-5351 64299 ! Backtrace       (message.cc:180):   /mnt/extra/indicus/bin/benchmark(+0x46599f) [0x55724036a99f]
20240525-004230-5351 64299 ! Backtrace       (message.cc:180):   /mnt/extra/indicus/bin/benchmark(+0x408376) [0x55724030d376]
20240525-004230-5352 64299 ! Backtrace       (message.cc:180):   /lib/x86_64-linux-gnu/libstdc++.so.6(+0xd6de4) [0x7fdb0516ade4]
20240525-004230-5352 64299 ! Backtrace       (message.cc:180):   /lib/x86_64-linux-gnu/libpthread.so.0(+0x8609) [0x7fdb06e9e609]
20240525-004230-5353 64299 ! Backtrace       (message.cc:180):   /lib/x86_64-linux-gnu/libc.so.6(clone+0x43) [0x7fdb04e4f133]
