cpu_count  1 
get_nprocs  8 
starting client threadpool
Num_cpus: 8 
num hosts=24; num_threads=1
20240525-004230-4648 64308 * Client          (client.cc:84):     Site .liamcrdb.pequin-pg0.utah.cloudlab.us 

20240525-004230-4650 64308 * Client          (client.cc:88):     Connecting to gateway postgresql://root@us-east-1-0.liamcrdb.pequin-pg0.utah.cloudlab.us:7087/defaultdb?sslmode=disable
20240525-004230-4681 64308 * Client          (client.cc:112):    Connected successfully after 1 tries
20240525-004230-4682 64308 * Client          (client.cc:115):    Established TaoPQ connection to backend
20240525-004230-4682 64308 * Client          (client.cc:121):    Client successfully started
20240525-004230-4683 64308 * BenchmarkClient (bench_client.cc:56): Delay between requests: 2 ms
PAYMENT (parallel)
20240525-004230-4766 64308 * Begin           (client.cc:130):    Begin Transaction
catch abort
20240525-004230-5497 64308 * SendNext        (sync_transaction_bench_client. TXN was aborted. Need to retry. First backoff for milisecs: 1
PAYMENT (parallel)
20240525-004230-5509 64308 * Begin           (client.cc:130):    Begin Transaction
20240525-004230-5509 64308 PANIC Begin           (client.cc:133):    why is tr not nullptr???
20240525-004230-5514 64308 ! Backtrace       (message.cc:180):   /mnt/extra/indicus/bin/benchmark(+0x323f20) [0x559f59a5ff20]
20240525-004230-5514 64308 ! Backtrace       (message.cc:180):   /mnt/extra/indicus/bin/benchmark(+0x47f47f) [0x559f59bbb47f]
20240525-004230-5514 64308 ! Backtrace       (message.cc:180):   /mnt/extra/indicus/bin/benchmark(+0x47f5cd) [0x559f59bbb5cd]
20240525-004230-5515 64308 ! Backtrace       (message.cc:180):   /mnt/extra/indicus/bin/benchmark(+0x1158c9b) [0x559f5a894c9b]
20240525-004230-5515 64308 ! Backtrace       (message.cc:180):   /mnt/extra/indicus/bin/benchmark(+0x58b423) [0x559f59cc7423]
20240525-004230-5515 64308 ! Backtrace       (message.cc:180):   /mnt/extra/indicus/bin/benchmark(+0x11cbd32) [0x559f5a907d32]
20240525-004230-5515 64308 ! Backtrace       (message.cc:180):   /mnt/extra/indicus/bin/benchmark(+0x46c8a1) [0x559f59ba88a1]
20240525-004230-5516 64308 ! Backtrace       (message.cc:180):   /mnt/extra/indicus/bin/benchmark(+0x46df42) [0x559f59ba9f42]
20240525-004230-5516 64308 ! Backtrace       (message.cc:180):   /mnt/extra/indicus/bin/benchmark(+0x46599f) [0x559f59ba199f]
20240525-004230-5516 64308 ! Backtrace       (message.cc:180):   /mnt/extra/indicus/bin/benchmark(+0x408376) [0x559f59b44376]
20240525-004230-5517 64308 ! Backtrace       (message.cc:180):   /lib/x86_64-linux-gnu/libstdc++.so.6(+0xd6de4) [0x7fa601329de4]
20240525-004230-5517 64308 ! Backtrace       (message.cc:180):   /lib/x86_64-linux-gnu/libpthread.so.0(+0x8609) [0x7fa60305d609]
20240525-004230-5517 64308 ! Backtrace       (message.cc:180):   /lib/x86_64-linux-gnu/libc.so.6(clone+0x43) [0x7fa60100e133]
