cpu_count  1 
get_nprocs  8 
starting client threadpool
Num_cpus: 8 
num hosts=24; num_threads=1
20240525-004230-4653 64309 * Client          (client.cc:84):     Site .liamcrdb.pequin-pg0.utah.cloudlab.us 

20240525-004230-4654 64309 * Client          (client.cc:88):     Connecting to gateway postgresql://root@us-east-1-0.liamcrdb.pequin-pg0.utah.cloudlab.us:7087/defaultdb?sslmode=disable
20240525-004230-4688 64309 * Client          (client.cc:112):    Connected successfully after 1 tries
20240525-004230-4689 64309 * Client          (client.cc:115):    Established TaoPQ connection to backend
20240525-004230-4689 64309 * Client          (client.cc:121):    Client successfully started
20240525-004230-4689 64309 * BenchmarkClient (bench_client.cc:56): Delay between requests: 2 ms
PAYMENT (parallel)
20240525-004230-4772 64309 * Begin           (client.cc:130):    Begin Transaction
catch abort
20240525-004230-5515 64309 * SendNext        (sync_transaction_bench_client. TXN was aborted. Need to retry. First backoff for milisecs: 2
PAYMENT (parallel)
20240525-004230-5536 64309 * Begin           (client.cc:130):    Begin Transaction
20240525-004230-5537 64309 PANIC Begin           (client.cc:133):    why is tr not nullptr???
20240525-004230-5542 64309 ! Backtrace       (message.cc:180):   /mnt/extra/indicus/bin/benchmark(+0x323f20) [0x55947e046f20]
20240525-004230-5543 64309 ! Backtrace       (message.cc:180):   /mnt/extra/indicus/bin/benchmark(+0x47f47f) [0x55947e1a247f]
20240525-004230-5543 64309 ! Backtrace       (message.cc:180):   /mnt/extra/indicus/bin/benchmark(+0x47f5cd) [0x55947e1a25cd]
20240525-004230-5543 64309 ! Backtrace       (message.cc:180):   /mnt/extra/indicus/bin/benchmark(+0x1158c9b) [0x55947ee7bc9b]
20240525-004230-5544 64309 ! Backtrace       (message.cc:180):   /mnt/extra/indicus/bin/benchmark(+0x58b423) [0x55947e2ae423]
20240525-004230-5544 64309 ! Backtrace       (message.cc:180):   /mnt/extra/indicus/bin/benchmark(+0x11cbd32) [0x55947eeeed32]
20240525-004230-5544 64309 ! Backtrace       (message.cc:180):   /mnt/extra/indicus/bin/benchmark(+0x46c8a1) [0x55947e18f8a1]
20240525-004230-5545 64309 ! Backtrace       (message.cc:180):   /mnt/extra/indicus/bin/benchmark(+0x46df42) [0x55947e190f42]
20240525-004230-5545 64309 ! Backtrace       (message.cc:180):   /mnt/extra/indicus/bin/benchmark(+0x46599f) [0x55947e18899f]
20240525-004230-5545 64309 ! Backtrace       (message.cc:180):   /mnt/extra/indicus/bin/benchmark(+0x408376) [0x55947e12b376]
20240525-004230-5546 64309 ! Backtrace       (message.cc:180):   /lib/x86_64-linux-gnu/libstdc++.so.6(+0xd6de4) [0x7fcd9d4bfde4]
20240525-004230-5546 64309 ! Backtrace       (message.cc:180):   /lib/x86_64-linux-gnu/libpthread.so.0(+0x8609) [0x7fcd9f1f3609]
20240525-004230-5546 64309 ! Backtrace       (message.cc:180):   /lib/x86_64-linux-gnu/libc.so.6(clone+0x43) [0x7fcd9d1a4133]
