cpu_count  1 
get_nprocs  8 
starting client threadpool
Num_cpus: 8 
num hosts=24; num_threads=1
20240525-004230-4654 64307 * Client          (client.cc:84):     Site .liamcrdb.pequin-pg0.utah.cloudlab.us 

20240525-004230-4655 64307 * Client          (client.cc:88):     Connecting to gateway postgresql://root@us-east-1-0.liamcrdb.pequin-pg0.utah.cloudlab.us:7087/defaultdb?sslmode=disable
20240525-004230-4696 64307 * Client          (client.cc:112):    Connected successfully after 1 tries
20240525-004230-4697 64307 * Client          (client.cc:115):    Established TaoPQ connection to backend
20240525-004230-4697 64307 * Client          (client.cc:121):    Client successfully started
20240525-004230-4698 64307 * BenchmarkClient (bench_client.cc:56): Delay between requests: 2 ms
NEW ORDER (parallel)
20240525-004230-4781 64307 * Begin           (client.cc:130):    Begin Transaction
catch abort
20240525-004230-5316 64307 * SendNext        (sync_transaction_bench_client. TXN was aborted. Need to retry. First backoff for milisecs: 1
NEW ORDER (parallel)
20240525-004230-5328 64307 * Begin           (client.cc:130):    Begin Transaction
20240525-004230-5329 64307 PANIC Begin           (client.cc:133):    why is tr not nullptr???
20240525-004230-5332 64307 ! Backtrace       (message.cc:180):   /mnt/extra/indicus/bin/benchmark(+0x323f20) [0x55a3ba106f20]
20240525-004230-5332 64307 ! Backtrace       (message.cc:180):   /mnt/extra/indicus/bin/benchmark(+0x47f47f) [0x55a3ba26247f]
20240525-004230-5332 64307 ! Backtrace       (message.cc:180):   /mnt/extra/indicus/bin/benchmark(+0x47f5cd) [0x55a3ba2625cd]
20240525-004230-5332 64307 ! Backtrace       (message.cc:180):   /mnt/extra/indicus/bin/benchmark(+0x1158c9b) [0x55a3baf3bc9b]
20240525-004230-5332 64307 ! Backtrace       (message.cc:180):   /mnt/extra/indicus/bin/benchmark(+0x58b423) [0x55a3ba36e423]
20240525-004230-5333 64307 ! Backtrace       (message.cc:180):   /mnt/extra/indicus/bin/benchmark(+0x11c0f40) [0x55a3bafa3f40]
20240525-004230-5333 64307 ! Backtrace       (message.cc:180):   /mnt/extra/indicus/bin/benchmark(+0x46c8a1) [0x55a3ba24f8a1]
20240525-004230-5334 64307 ! Backtrace       (message.cc:180):   /mnt/extra/indicus/bin/benchmark(+0x46df42) [0x55a3ba250f42]
20240525-004230-5334 64307 ! Backtrace       (message.cc:180):   /mnt/extra/indicus/bin/benchmark(+0x46599f) [0x55a3ba24899f]
20240525-004230-5335 64307 ! Backtrace       (message.cc:180):   /mnt/extra/indicus/bin/benchmark(+0x408376) [0x55a3ba1eb376]
20240525-004230-5335 64307 ! Backtrace       (message.cc:180):   /lib/x86_64-linux-gnu/libstdc++.so.6(+0xd6de4) [0x7fcb42a0cde4]
20240525-004230-5336 64307 ! Backtrace       (message.cc:180):   /lib/x86_64-linux-gnu/libpthread.so.0(+0x8609) [0x7fcb44740609]
20240525-004230-5336 64307 ! Backtrace       (message.cc:180):   /lib/x86_64-linux-gnu/libc.so.6(clone+0x43) [0x7fcb426f1133]
