new_order,118237613,302752640098343,320
payment,52507356,302752692808688,320
new_order,89104791,302752782042888,320
new_order,92268109,302752977250699,320
new_order,170697938,302753148075812,320
new_order,114296314,302753262433574,320
new_order,136250302,302753398790528,320
new_order,93087617,302753491933564,320
new_order,139866194,302753631920009,320
delivery,31936332,302753664008293,320
delivery,32963480,302753697027422,320
delivery,35728762,302753732875301,320
delivery,32143604,302753765137985,320
delivery,32646700,302753797840238,320
delivery,34703694,302753832665803,320
delivery,33003125,302753865724162,320
delivery,39915948,302753905695449,320
delivery,51094825,302753956847632,320
delivery,35281726,302753992251768,320
payment,68625340,302754060999489,320
new_order,284613346,302754345732337,320
delivery,34779437,302754380589549,320
delivery,37141100,302754417851842,320
delivery,32049980,302754449990853,320
delivery,35729158,302754485775889,320
delivery,33825241,302754519720894,320
delivery,36174332,302754556018013,320
delivery,31315129,302754587390189,320
delivery,30526444,302754618035795,320
delivery,38736567,302754656892055,320
delivery,35821859,302754692833578,320
new_order,99605593,302754792494757,320
new_order,157783078,302754950398411,320
payment,45560412,302754996056990,320
payment,50947325,302755047124283,320
new_order,77099185,302755124301331,320
new_order,240767152,302755365201122,320
payment,45184535,302755410441583,320
payment,60426849,302755471003989,320
payment,70214141,302755541273837,320
new_order,84475205,302755625882261,320
payment,43042871,302755668997140,320
payment,67311564,302755736379473,320
payment,41485290,302755777984714,320
new_order,122751934,302755900843843,320
new_order,77841666,302755978838684,320
new_order,96881342,302756075827251,320
new_order,121428166,302756197371242,320
new_order,83773593,302756281266515,320
delivery,38445921,302756319767855,320
delivery,35134835,302756355011369,320
delivery,37440917,302756392572074,320
delivery,32513234,302756425204141,320
delivery,34752364,302756460015513,320
delivery,27789644,302756487860440,320
delivery,29734162,302756517650243,320
delivery,31409769,302756549115204,320
delivery,32051707,302756581222756,320
delivery,30299886,302756611642792,320
order_status,19146868,302756630909655,320
payment,46875775,302756677904692,320
new_order,93612916,302756771637916,320
payment,53987622,302756825683639,320
payment,53465738,302756879269045,320
delivery,30694682,302756910084762,320
delivery,30433372,302756940576890,320
delivery,33860743,302756974493589,320
delivery,28957178,302757003516849,320
delivery,33305737,302757036954333,320
delivery,41866968,302757078952100,320
delivery,30129319,302757109202686,320
delivery,34315071,302757143638398,320
delivery,36315487,302757180073032,320
delivery,32846914,302757213039490,320
new_order,108211491,302757321306303,320
new_order,112670711,302757434032787,320
payment,103873314,302757538029267,320
payment,26336352,302757564485458,320
payment,36355054,302757600960175,320
new_order,130200090,302757731280147,320
new_order,130945342,302757862288069,320
payment,125632636,302757988049140,320
new_order,90736769,302758078921439,320
new_order,96010697,302758175054552,320
new_order,111571440,302758286734849,320
new_order,198890329,302758485682098,320
payment,35724101,302758521528071,320
payment,35851190,302758557443584,320
payment,42382998,302758599947697,320
payment,34195929,302758634200009,320
new_order,1159838521,302759794197951,320
payment,46332078,302759840679574,320
new_order,222038635,302760062839663,320
new_order,85056716,302760148017701,320
new_order,138182455,302760286259087,320
payment,122381274,302760408762114,320
payment,30435952,302760439254469,320
new_order,83303889,302760522614820,320
payment,140301384,302760663039526,320
new_order,109954273,302760773050051,320
new_order,100353949,302760873501851,320
new_order,138034717,302761011593247,320
payment,49585222,302761061264457,320
payment,43495112,302761104882059,320
new_order,85817154,302761190820666,320
payment,37267406,302761228228252,320
new_order,104187950,302761332472857,320
stock_level,29919596,302761362535832,320
delivery,30142888,302761392797234,320
delivery,34384502,302761427237342,320
delivery,31171722,302761458499195,320
delivery,28410824,302761487029869,320
delivery,29813338,302761516962435,320
delivery,30172670,302761547254773,320
delivery,28096358,302761575469528,320
delivery,28496765,302761604021940,320
delivery,48104878,302761652257259,320
delivery,30702825,302761683081945,320
new_order,167448276,302761850596561,320
payment,25320347,302761875972071,320
new_order,113181939,302761989281537,320
payment,138369983,302762127770802,320
payment,38334510,302762166168915,320
new_order,73445105,302762239669403,320
payment,40929346,302762280718568,320
new_order,65442898,302762346280801,320
new_order,108885800,302762455277027,320
new_order,90278873,302762545683427,320
payment,47825898,302762593629492,320
payment,35794578,302762629514313,320
new_order,102513665,302762732157172,320
payment,35563189,302762767774674,320
stock_level,15287389,302762783124215,320
delivery,36696083,302762819946964,320
delivery,31831041,302762851894878,320
delivery,31932493,302762883942002,320
delivery,29208614,302762913238538,320
delivery,29578066,302762942943625,320
delivery,39997175,302762983067586,320
delivery,37607916,302763020733616,320
delivery,34111042,302763054903243,320
delivery,35702546,302763090733566,320
delivery,54432163,302763145293124,320
new_order,110531742,302763255886292,320
new_order,68523210,302763324468139,320
new_order,79934854,302763404528574,320
new_order,80645416,302763485232913,320
payment,26673431,302763512033680,320
payment,39038604,302763551199857,320
stock_level,33653270,302763584911994,320
payment,39793958,302763624833580,320
payment,38369216,302763663358088,320
payment,26750581,302763690230048,320
payment,26805650,302763717143054,320
payment,36399492,302763753664035,320
new_order,138581861,302763892303830,320
new_order,62747726,302763955173034,320
delivery,31782477,302763987078606,320
delivery,31463896,302764018598648,320
delivery,28905607,302764047625849,320
delivery,33090834,302764080825948,320
delivery,47210384,302764128157674,320
delivery,30102611,302764158381343,320
delivery,31292221,302764189795141,320
delivery,34412097,302764224329082,320
delivery,31693440,302764256159746,320
delivery,32834380,302764289120851,320
payment,37191405,302764326433885,320
order_status,16694280,302764343249913,320
payment,35714316,302764379084911,320
new_order,56602466,302764435748276,320
payment,26552307,302764462409178,320
payment,27436245,302764489968140,320
payment,49683781,302764539773905,320
payment,58846917,302764598742600,320
payment,27781355,302764626645699,320
payment,35829192,302764662596356,320
new_order,85302861,302764747966863,320
payment,40186829,302764788209699,320
payment,37725852,302764825991773,320
new_order,100938943,302764926987630,320
new_order,103876214,302765030984514,320
new_order,162978909,302765194018788,320
new_order,148397321,302765342514682,320
order_status,15867936,302765358440270,320
payment,36046043,302765394594655,320
new_order,164867332,302765559520771,320
payment,38788898,302765598365864,320
payment,40714470,302765639136887,320
delivery,31640305,302765670898046,320
delivery,30582162,302765701536754,320
delivery,27794443,302765729455308,320
delivery,30981267,302765760495294,320
delivery,27979036,302765788530947,320
delivery,32306702,302765820959019,320
delivery,31111773,302765852127081,320
delivery,30582752,302765882770904,320
delivery,31913006,302765914806024,320
delivery,36878849,302765951786253,320
payment,50250726,302766002158857,320
new_order,69038262,302766071341946,320
new_order,135869107,302766207267825,320
new_order,106183174,302766313572542,320
payment,26492287,302766340199642,320
new_order,65018503,302766405274152,320
payment,39778308,302766445172755,320
new_order,138086854,302766583355035,320
delivery,38652239,302766622063870,320
delivery,45059352,302766667179595,320
delivery,51389461,302766718690578,320
delivery,37398773,302766756145425,320
delivery,33609155,302766789810797,320
delivery,33261434,302766823193478,320
delivery,31263668,302766854579116,320
delivery,33962363,302766888607856,320
delivery,59738453,302766948401924,320
delivery,32868758,302766981395711,320
payment,31259936,302767012712976,320
new_order,81648392,302767094419404,320
new_order,61774178,302767156315903,320
new_order,91376081,302767247750046,320
payment,48436353,302767296305393,320
stock_level,16295190,302767312656086,320
payment,28891678,302767341602938,320
payment,30972637,302767372665754,320
new_order,75088393,302767447874328,320
new_order,87744399,302767535738866,320
payment,31779731,302767567638225,320
new_order,63982135,302767631739687,320
new_order,105170854,302767737033152,320
order_status,16260186,302767753438859,320
order_status,19511059,302767773081471,320
payment,30721969,302767803900974,320
new_order,103734229,302767907690145,320
payment,34754381,302767942518391,320
payment,29393325,302767971970499,320
payment,30853038,302768002956016,320
payment,30905986,302768033976844,320
new_order,144103833,302768178225418,320
payment,33361715,302768211739292,320
new_order,98697634,302768310493543,320
new_order,121472052,302768432104260,320
new_order,123571906,302768555797453,320
new_order,89092328,302768645012956,320
delivery,35091056,302768680160249,320
delivery,33958210,302768714197327,320
delivery,30122567,302768744383655,320
delivery,27863406,302768772303012,320
delivery,30771657,302768803130463,320
delivery,31142759,302768834329479,320
delivery,31091444,302768865544811,320
delivery,33405979,302768899075749,320
delivery,39342549,302768938474670,320
delivery,33694527,302768972292419,320
new_order,199722347,302769172138212,320
new_order,173339317,302769345599682,320
new_order,122005891,302769467738503,320
stock_level,59750065,302769527634377,320
payment,42846863,302769570603094,320
new_order,160376667,302769731115436,320
payment,38005907,302769769242315,320
payment,39461122,302769808816716,320
new_order,115183063,302769924133785,320
payment,40369802,302769964601636,320
payment,121958739,302770086683333,320
new_order,118626224,302770205366089,320
payment,39265313,302770244752830,320
payment,61263011,302770306139914,320
payment,42147974,302770348426154,320
payment,43668866,302770392194892,320
payment,44573479,302770436889247,320
new_order,211079422,302770648027301,320
payment,52714247,302770700863119,320
new_order,110995917,302770811949931,320
new_order,95884339,302770907925276,320
stock_level,54323902,302770962369630,320
payment,47163730,302771009589474,320
new_order,253630038,302771263342478,320
new_order,162277411,302771425751645,320
new_order,157843931,302771583717445,320
new_order,146130946,302771729971874,320
new_order,107129434,302771837168015,320
new_order,165747195,302772003036523,320
new_order,174761918,302772177889361,320
payment,45862488,302772223873722,320
payment,38842593,302772262837212,320
delivery,42093641,302772304987219,320
delivery,33864538,302772338973284,320
delivery,37340999,302772376438497,320
delivery,44360315,302772420920441,320
delivery,38733685,302772459777999,320
delivery,47773880,302772507675954,320
delivery,47690416,302772555487703,320
delivery,40273825,302772595882271,320
delivery,41140808,302772637092853,320
delivery,42215982,302772679379002,320
new_order,121434932,302772800935962,320
payment,58235259,302772859295055,320
order_status,17476369,302772876892458,320
new_order,346950408,302773223917275,320
payment,38531008,302773262569206,320
new_order,148761903,302773411441962,320
order_status,20143021,302773431705599,320
new_order,151594722,302773583420861,320
#end,21,61679,320
