new_order,98695779,302752598733128,336
payment,36121816,302752635072545,336
payment,116339293,302752751534969,336
new_order,131687905,302752883346342,336
order_status,17389676,302752900856749,336
new_order,141598976,302753042555979,336
stock_level,122230057,302753164896361,336
new_order,139382575,302753304336063,336
new_order,94430705,302753398896246,336
new_order,73750312,302753472705988,336
payment,37218844,302753510045068,336
new_order,115418574,302753625588608,336
new_order,169073599,302753794783418,336
new_order,167458378,302753962362994,336
new_order,150604988,302754113092031,336
payment,34860535,302754148073115,336
new_order,84192894,302754232321615,336
new_order,175267078,302754407712130,336
payment,110327500,302754518178814,336
payment,47849697,302754566166984,336
payment,48475157,302754614798375,336
new_order,118489957,302754733410883,336
payment,40041053,302754773591325,336
payment,34129446,302754807778033,336
new_order,88222689,302754896115162,336
payment,81702306,302754977936940,336
payment,92516940,302755070510937,336
payment,67148985,302755137780503,336
payment,57710594,302755195611367,336
payment,49049970,302755244759459,336
payment,71113457,302755316018815,336
payment,47642941,302755363782928,336
payment,37728500,302755401632153,336
new_order,87252280,302755488950187,336
payment,33297147,302755522367960,336
stock_level,22884526,302755545382519,336
payment,46976671,302755592466715,336
payment,41584924,302755634107712,336
new_order,145387055,302755779615505,336
payment,82571255,302755862294185,336
payment,47156462,302755909506915,336
new_order,129808853,302756039371059,336
delivery,40913431,302756080383480,336
delivery,35489768,302756115995464,336
delivery,37227798,302756153281977,336
delivery,66708224,302756220111819,336
delivery,34685133,302756254919667,336
delivery,34864311,302756289904364,336
delivery,34755423,302756324719515,336
delivery,33720180,302756358496084,336
delivery,42164024,302756400783200,336
delivery,32703082,302756433609915,336
payment,41145029,302756474865387,336
new_order,96327551,302756571313078,336
new_order,72502620,302756643939160,336
payment,58666142,302756702726373,336
new_order,70164042,302756773015362,336
payment,60285386,302756833421538,336
new_order,124221938,302756957764228,336
payment,39977494,302756997862259,336
payment,44204765,302757042124115,336
payment,43281550,302757085564525,336
new_order,74296912,302757159983084,336
new_order,64955750,302757225058834,336
payment,79298731,302757304496524,336
new_order,136113096,302757440671589,336
new_order,79234244,302757520026354,336
new_order,87323780,302757607468474,336
new_order,161963300,302757769487487,336
order_status,19090417,302757788703666,336
payment,102676602,302757891509941,336
delivery,34059616,302757925732111,336
delivery,35372467,302757961228041,336
delivery,42342101,302758003693578,336
delivery,41332454,302758045126549,336
delivery,34618312,302758079868518,336
delivery,36704500,302758116694775,336
delivery,36444036,302758153197782,336
delivery,52122758,302758205443556,336
delivery,49376595,302758254943925,336
delivery,41402441,302758296446164,336
payment,89207823,302758385776448,336
payment,47613512,302758433445837,336
payment,38357340,302758471859556,336
new_order,142040953,302758613956927,336
payment,39084444,302758653098485,336
payment,41774565,302758695005310,336
payment,44685178,302758739812793,336
new_order,1007306498,302759747241796,336
payment,45862530,302759793238097,336
new_order,79435568,302759872797477,336
payment,34355540,302759907274595,336
payment,52227581,302759959633491,336
new_order,112750534,302760072530011,336
order_status,17005480,302760089657549,336
new_order,68137585,302760157917559,336
new_order,88225976,302760246199712,336
stock_level,15543638,302760261813952,336
payment,30358776,302760292294934,336
payment,28461463,302760320865732,336
stock_level,26036221,302760346957993,336
new_order,303889757,302760650949646,336
payment,50676306,302760701750160,336
delivery,36026465,302760737898944,336
delivery,33429991,302760771451000,336
delivery,34972266,302760806545069,336
delivery,34434439,302760841123312,336
delivery,33238300,302760874505602,336
delivery,40393284,302760915020734,336
delivery,33122119,302760948262663,336
delivery,30335393,302760978719910,336
delivery,44686791,302761023462540,336
delivery,38021380,302761061625006,336
new_order,126590769,302761188273362,336
payment,47026966,302761235421035,336
payment,39587879,302761275130075,336
payment,54701771,302761329952105,336
new_order,127292029,302761457363663,336
payment,40183768,302761497685955,336
payment,48598625,302761546407352,336
payment,26043877,302761572558709,336
payment,55213798,302761627837574,336
payment,52982883,302761680951007,336
new_order,86117393,302761767188710,336
delivery,34321381,302761801630459,336
delivery,52577501,302761854311391,336
delivery,29996676,302761884408136,336
delivery,34931736,302761919459997,336
delivery,38681642,302761958280306,336
delivery,37057435,302761995411549,336
delivery,34192069,302762029734392,336
delivery,38968920,302762068811172,336
delivery,33165757,302762102099228,336
delivery,34150670,302762136374787,336
new_order,99129587,302762235643338,336
stock_level,21364951,302762257129190,336
stock_level,15057877,302762272309524,336
payment,40893940,302762313308842,336
new_order,54936012,302762368343970,336
payment,36134282,302762404533865,336
payment,25627931,302762430282721,336
new_order,62138767,302762492519501,336
payment,32460810,302762525101489,336
new_order,53702395,302762578860284,336
payment,26653835,302762605636764,336
payment,51389240,302762657161044,336
new_order,118073606,302762775355375,336
payment,44069411,302762819534911,336
payment,38597231,302762858237877,336
payment,38602395,302762896991509,336
payment,43031463,302762940144101,336
payment,42925501,302762983139006,336
payment,41032162,302763024307502,336
new_order,131822983,302763156229728,336
payment,88229228,302763244559266,336
new_order,90096336,302763334716691,336
payment,107094450,302763441933627,336
payment,53277637,302763495345877,336
delivery,29063459,302763524519395,336
delivery,30770531,302763555412063,336
delivery,29830418,302763585300859,336
delivery,29163930,302763614594613,336
delivery,30764594,302763645469859,336
delivery,26691076,302763672306686,336
delivery,29963428,302763702327226,336
delivery,26691533,302763729140948,336
delivery,33030178,302763762293212,336
delivery,30087291,302763792491758,336
order_status,23241151,302763815855547,336
new_order,181210651,302763997175571,336
payment,50074511,302764047398843,336
delivery,35055876,302764082576918,336
delivery,51668936,302764134368725,336
delivery,37304929,302764171795769,336
delivery,42633547,302764214553731,336
delivery,41401684,302764256076763,336
delivery,34805548,302764291004751,336
delivery,30773569,302764321903470,336
delivery,29595281,302764351631300,336
delivery,39147798,302764390917513,336
delivery,34579666,302764425590067,336
new_order,104439135,302764530092217,336
new_order,120988142,302764651226532,336
payment,47168714,302764698451848,336
payment,87812941,302764786364955,336
new_order,528060837,302765314549525,336
payment,34955081,302765349636348,336
payment,39984165,302765389730294,336
new_order,104167184,302765494017807,336
stock_level,24285500,302765518366987,336
new_order,67878124,302765586379397,336
payment,41709635,302765628211582,336
new_order,103092672,302765731383338,336
new_order,135057654,302765866497920,336
new_order,62836772,302765929468791,336
order_status,18822512,302765948391123,336
payment,26321872,302765974812681,336
new_order,127354113,302766102288731,336
order_status,16069939,302766118426914,336
new_order,66461173,302766185031672,336
payment,57329534,302766242484439,336
new_order,210235026,302766452776558,336
payment,50301459,302766503134681,336
payment,64120038,302766567400059,336
payment,37442006,302766604955194,336
payment,49153088,302766654225889,336
payment,51911923,302766706260555,336
new_order,92244277,302766798571023,336
stock_level,23843808,302766822524912,336
payment,26900559,302766849549254,336
new_order,211207733,302767060879351,336
payment,31555552,302767092556461,336
payment,60092802,302767152705879,336
payment,31086660,302767183848979,336
new_order,168570129,302767352487892,336
payment,28584849,302767381195131,336
payment,34863513,302767416199005,336
payment,28135023,302767444470856,336
new_order,133608228,302767578214096,336
new_order,108297390,302767686587217,336
payment,31363182,302767718071656,336
payment,35025236,302767753195638,336
payment,39219406,302767792538571,336
payment,31463098,302767824132682,336
payment,36571265,302767860762699,336
payment,50648181,302767911558149,336
new_order,133951756,302768045625044,336
payment,31972655,302768077728593,336
new_order,86463740,302768164346311,336
new_order,95903128,302768260378565,336
order_status,19679205,302768280193053,336
payment,39584667,302768319835729,336
new_order,144785259,302768464679602,336
payment,37494380,302768502302622,336
new_order,175304076,302768677744191,336
new_order,120381034,302768798258842,336
payment,44664322,302768843053423,336
payment,29170256,302768872283684,336
new_order,90655198,302768963066373,336
payment,33712622,302768996836864,336
payment,77356464,302769074284727,336
new_order,226464669,302769300808399,336
payment,48971590,302769349902945,336
payment,41929563,302769391942403,336
new_order,204803983,302769596868745,336
payment,50068751,302769647059937,336
stock_level,21286716,302769668468569,336
payment,37290996,302769705815848,336
new_order,212651858,302769918590888,336
delivery,40566321,302769959280812,336
delivery,48173165,302770007591542,336
delivery,46485474,302770054210359,336
delivery,44508190,302770098862479,336
delivery,50461158,302770149446897,336
delivery,41286919,302770190833831,336
delivery,44883634,302770235840867,336
delivery,40402776,302770276365942,336
delivery,48820189,302770325355760,336
delivery,46182204,302770371602655,336
new_order,295228667,302770666887429,336
payment,37702408,302770704646553,336
payment,43877715,302770748624053,336
new_order,132297919,302770881044699,336
payment,38945399,302770920089468,336
payment,45959211,302770966173686,336
payment,104901989,302771071215494,336
new_order,160573234,302771231911709,336
payment,62509434,302771294558097,336
payment,64956327,302771359571089,336
new_order,113944283,302771473640603,336
payment,39465847,302771513228791,336
stock_level,47112110,302771560399704,336
payment,60809146,302771621265585,336
delivery,48848472,302771670267474,336
delivery,42195517,302771712584887,336
delivery,43662751,302771756304786,336
delivery,48256577,302771804704328,336
delivery,46559700,302771851396045,336
delivery,35139096,302771886629251,336
delivery,40904811,302771927643184,336
delivery,39311261,302771967015096,336
delivery,42066056,302772009137471,336
delivery,53528242,302772062764892,336
new_order,153914463,302772216802197,336
delivery,39182960,302772256044869,336
delivery,55688831,302772311856177,336
delivery,40019349,302772351932490,336
delivery,47021968,302772399076715,336
delivery,49010985,302772448224649,336
delivery,40304306,302772488651751,336
delivery,41322631,302772530095363,336
delivery,39524013,302772569741284,336
delivery,40269361,302772610069358,336
delivery,42616302,302772652807458,336
new_order,122408043,302772775338787,336
payment,46161598,302772821622534,336
delivery,42052927,302772863797515,336
delivery,44847659,302772908736694,336
delivery,42515182,302772951309262,336
delivery,43265454,302772994699365,336
delivery,42735466,302773037546203,336
delivery,41963474,302773079653350,336
delivery,44881083,302773124657143,336
delivery,40506612,302773165285593,336
delivery,37936952,302773203302184,336
delivery,39858940,302773243283116,336
payment,32493881,302773275870666,336
payment,34481818,302773310471628,336
payment,37299721,302773347881143,336
new_order,151735900,302773499739262,336
new_order,89231100,302773589093259,336
#end,21,89175,336
