cpu_count  1 
get_nprocs  8 
starting client threadpool
Num_cpus: 8 
num hosts=24; num_threads=1
20240527-215410-3766 102791 * Client          (client.cc:84):     Site .liamcrdb.pequin-pg0.utah.cloudlab.us 

20240527-215410-3767 102791 * Client          (client.cc:88):     Connecting to gateway postgresql://root@us-east-1-0.liamcrdb.pequin-pg0.utah.cloudlab.us:7087/defaultdb?sslmode=disable
20240527-215410-3797 102791 * Client          (client.cc:112):    Connected successfully after 1 tries
20240527-215410-3798 102791 * Client          (client.cc:115):    Established TaoPQ connection to backend
20240527-215410-3798 102791 * Client          (client.cc:121):    Client successfully started
20240527-215410-3799 102791 * BenchmarkClient (bench_client.cc:56): Delay between requests: 2 ms
NEW ORDER
20240527-215410-3882 102791 * Begin           (client.cc:130):    Begin Transaction
catch abort
20240527-215410-4234 102791 * SendNext        (sync_transaction_bench_client. TXN was aborted. Need to retry. First backoff for milisecs: 5
NEW ORDER
20240527-215410-4286 102791 * Begin           (client.cc:130):    Begin Transaction
20240527-215410-4286 102791 PANIC Begin           (client.cc:133):    why is tr not nullptr???
20240527-215410-4292 102791 ! Backtrace       (message.cc:180):   /mnt/extra/indicus/bin/benchmark(+0x323e20) [0x561daccdfe20]
20240527-215410-4292 102791 ! Backtrace       (message.cc:180):   /mnt/extra/indicus/bin/benchmark(+0x47f37f) [0x561dace3b37f]
20240527-215410-4292 102791 ! Backtrace       (message.cc:180):   /mnt/extra/indicus/bin/benchmark(+0x47f4cd) [0x561dace3b4cd]
20240527-215410-4293 102791 ! Backtrace       (message.cc:180):   /mnt/extra/indicus/bin/benchmark(+0x1158b9b) [0x561dadb14b9b]
20240527-215410-4293 102791 ! Backtrace       (message.cc:180):   /mnt/extra/indicus/bin/benchmark(+0x58b323) [0x561dacf47323]
20240527-215410-4293 102791 ! Backtrace       (message.cc:180):   /mnt/extra/indicus/bin/benchmark(+0x11c0e0e) [0x561dadb7ce0e]
20240527-215410-4294 102791 ! Backtrace       (message.cc:180):   /mnt/extra/indicus/bin/benchmark(+0x46c7a1) [0x561dace287a1]
20240527-215410-4294 102791 ! Backtrace       (message.cc:180):   /mnt/extra/indicus/bin/benchmark(+0x46de42) [0x561dace29e42]
20240527-215410-4294 102791 ! Backtrace       (message.cc:180):   /mnt/extra/indicus/bin/benchmark(+0x46589f) [0x561dace2189f]
20240527-215410-4294 102791 ! Backtrace       (message.cc:180):   /mnt/extra/indicus/bin/benchmark(+0x408276) [0x561dacdc4276]
20240527-215410-4295 102791 ! Backtrace       (message.cc:180):   /lib/x86_64-linux-gnu/libstdc++.so.6(+0xd6de4) [0x7fc0cae09de4]
20240527-215410-4295 102791 ! Backtrace       (message.cc:180):   /lib/x86_64-linux-gnu/libpthread.so.0(+0x8609) [0x7fc0ccb3d609]
20240527-215410-4295 102791 ! Backtrace       (message.cc:180):   /lib/x86_64-linux-gnu/libc.so.6(clone+0x43) [0x7fc0caaee133]
