cpu_count  1 
get_nprocs  8 
starting client threadpool
Num_cpus: 8 
num hosts=24; num_threads=1
20240527-215410-3767 102789 * Client          (client.cc:84):     Site .liamcrdb.pequin-pg0.utah.cloudlab.us 

20240527-215410-3769 102789 * Client          (client.cc:88):     Connecting to gateway postgresql://root@us-east-1-0.liamcrdb.pequin-pg0.utah.cloudlab.us:7087/defaultdb?sslmode=disable
20240527-215410-3800 102789 * Client          (client.cc:112):    Connected successfully after 1 tries
20240527-215410-3800 102789 * Client          (client.cc:115):    Established TaoPQ connection to backend
20240527-215410-3800 102789 * Client          (client.cc:121):    Client successfully started
20240527-215410-3801 102789 * BenchmarkClient (bench_client.cc:56): Delay between requests: 2 ms
NEW ORDER
20240527-215410-3884 102789 * Begin           (client.cc:130):    Begin Transaction
catch abort
20240527-215410-4244 102789 * SendNext        (sync_transaction_bench_client. TXN was aborted. Need to retry. First backoff for milisecs: 2
NEW ORDER
20240527-215410-4267 102789 * Begin           (client.cc:130):    Begin Transaction
20240527-215410-4268 102789 PANIC Begin           (client.cc:133):    why is tr not nullptr???
20240527-215410-4276 102789 ! Backtrace       (message.cc:180):   /mnt/extra/indicus/bin/benchmark(+0x323e20) [0x557399e67e20]
20240527-215410-4276 102789 ! Backtrace       (message.cc:180):   /mnt/extra/indicus/bin/benchmark(+0x47f37f) [0x557399fc337f]
20240527-215410-4277 102789 ! Backtrace       (message.cc:180):   /mnt/extra/indicus/bin/benchmark(+0x47f4cd) [0x557399fc34cd]
20240527-215410-4277 102789 ! Backtrace       (message.cc:180):   /mnt/extra/indicus/bin/benchmark(+0x1158b9b) [0x55739ac9cb9b]
20240527-215410-4278 102789 ! Backtrace       (message.cc:180):   /mnt/extra/indicus/bin/benchmark(+0x58b323) [0x55739a0cf323]
20240527-215410-4278 102789 ! Backtrace       (message.cc:180):   /mnt/extra/indicus/bin/benchmark(+0x11c0e0e) [0x55739ad04e0e]
20240527-215410-4279 102789 ! Backtrace       (message.cc:180):   /mnt/extra/indicus/bin/benchmark(+0x46c7a1) [0x557399fb07a1]
20240527-215410-4279 102789 ! Backtrace       (message.cc:180):   /mnt/extra/indicus/bin/benchmark(+0x46de42) [0x557399fb1e42]
20240527-215410-4280 102789 ! Backtrace       (message.cc:180):   /mnt/extra/indicus/bin/benchmark(+0x46589f) [0x557399fa989f]
20240527-215410-4280 102789 ! Backtrace       (message.cc:180):   /mnt/extra/indicus/bin/benchmark(+0x408276) [0x557399f4c276]
20240527-215410-4281 102789 ! Backtrace       (message.cc:180):   /lib/x86_64-linux-gnu/libstdc++.so.6(+0xd6de4) [0x7f423c2bede4]
20240527-215410-4281 102789 ! Backtrace       (message.cc:180):   /lib/x86_64-linux-gnu/libpthread.so.0(+0x8609) [0x7f423dff2609]
20240527-215410-4282 102789 ! Backtrace       (message.cc:180):   /lib/x86_64-linux-gnu/libc.so.6(clone+0x43) [0x7f423bfa3133]
