cpu_count  1 
get_nprocs  8 
starting client threadpool
Num_cpus: 8 
num hosts=24; num_threads=1
20240527-215410-3768 102794 * Client          (client.cc:84):     Site .liamcrdb.pequin-pg0.utah.cloudlab.us 

20240527-215410-3769 102794 * Client          (client.cc:88):     Connecting to gateway postgresql://root@us-east-1-0.liamcrdb.pequin-pg0.utah.cloudlab.us:7087/defaultdb?sslmode=disable
20240527-215410-3799 102794 * Client          (client.cc:112):    Connected successfully after 1 tries
20240527-215410-3800 102794 * Client          (client.cc:115):    Established TaoPQ connection to backend
20240527-215410-3800 102794 * Client          (client.cc:121):    Client successfully started
20240527-215410-3801 102794 * BenchmarkClient (bench_client.cc:56): Delay between requests: 2 ms
NEW ORDER
20240527-215410-3884 102794 * Begin           (client.cc:130):    Begin Transaction
catch abort
20240527-215410-4238 102794 * SendNext        (sync_transaction_bench_client. TXN was aborted. Need to retry. First backoff for milisecs: 3
NEW ORDER
20240527-215410-4270 102794 * Begin           (client.cc:130):    Begin Transaction
20240527-215410-4271 102794 PANIC Begin           (client.cc:133):    why is tr not nullptr???
20240527-215410-4279 102794 ! Backtrace       (message.cc:180):   /mnt/extra/indicus/bin/benchmark(+0x323e20) [0x55c909d28e20]
20240527-215410-4280 102794 ! Backtrace       (message.cc:180):   /mnt/extra/indicus/bin/benchmark(+0x47f37f) [0x55c909e8437f]
20240527-215410-4280 102794 ! Backtrace       (message.cc:180):   /mnt/extra/indicus/bin/benchmark(+0x47f4cd) [0x55c909e844cd]
20240527-215410-4281 102794 ! Backtrace       (message.cc:180):   /mnt/extra/indicus/bin/benchmark(+0x1158b9b) [0x55c90ab5db9b]
20240527-215410-4281 102794 ! Backtrace       (message.cc:180):   /mnt/extra/indicus/bin/benchmark(+0x58b323) [0x55c909f90323]
20240527-215410-4282 102794 ! Backtrace       (message.cc:180):   /mnt/extra/indicus/bin/benchmark(+0x11c0e0e) [0x55c90abc5e0e]
20240527-215410-4282 102794 ! Backtrace       (message.cc:180):   /mnt/extra/indicus/bin/benchmark(+0x46c7a1) [0x55c909e717a1]
20240527-215410-4283 102794 ! Backtrace       (message.cc:180):   /mnt/extra/indicus/bin/benchmark(+0x46de42) [0x55c909e72e42]
20240527-215410-4284 102794 ! Backtrace       (message.cc:180):   /mnt/extra/indicus/bin/benchmark(+0x46589f) [0x55c909e6a89f]
20240527-215410-4284 102794 ! Backtrace       (message.cc:180):   /mnt/extra/indicus/bin/benchmark(+0x408276) [0x55c909e0d276]
20240527-215410-4285 102794 ! Backtrace       (message.cc:180):   /lib/x86_64-linux-gnu/libstdc++.so.6(+0xd6de4) [0x7ff9a589bde4]
20240527-215410-4285 102794 ! Backtrace       (message.cc:180):   /lib/x86_64-linux-gnu/libpthread.so.0(+0x8609) [0x7ff9a75cf609]
20240527-215410-4286 102794 ! Backtrace       (message.cc:180):   /lib/x86_64-linux-gnu/libc.so.6(clone+0x43) [0x7ff9a5580133]
